This is pdfTeX, Version 3.141592653-2.6-1.40.26 (TeX Live 2024) (preloaded format=latex 2024.12.29)  29 DEC 2024 14:49
entering extended mode
 restricted \write18 enabled.
 %&-line parsing enabled.
**linear-geometry.tex
(./linear-geometry.tex
LaTeX2e <2024-11-01> patch level 1
L3 programming layer <2024-12-09>
! Undefined control sequence.
l.1 \chapter
            {Linear Geometry}
? X
 
Here is how much of TeX's memory you used:
 14 strings out of 473255
 376 string characters out of 5717987
 390918 words of memory out of 5000000
 23322 multiletter control sequences out of 15000+600000
 558069 words of font info for 36 fonts, out of 8000000 for 9000
 1141 hyphenation exceptions out of 8191
 12i,0n,13p,76b,8s stack positions out of 10000i,1000n,20000p,200000b,200000s
No pages of output.
