\BOOKMARK [1][-]{section.1}{\376\377\000Z\000a\000j\000\355\000m\000a\000v\000\351\000\040\000p\000r\000o\000b\000l\000\351\000m\000y}{}% 1
\BOOKMARK [2][-]{subsection.1.1}{\376\377\000P\000r\000o\000b\000l\000\351\000m\000\040\000t\001\131\000\355\000\040\000d\000o\000m\001\157\000\040\000a\000\040\000t\001\131\000\355\000\040\000s\000t\000u\000d\000n\000\355}{section.1}% 2
\BOOKMARK [2][-]{subsection.1.2}{\376\377\000H\000r\000\341\000t\000k\000y\000\040\000s\000\040\000p\000u\000n\000t\000\355\000k\000y}{section.1}% 3
\BOOKMARK [1][-]{section.2}{\376\377\000\332\000v\000o\000d\000n\000\355\000\040\000p\000o\000j\000m\000y}{}% 4
\BOOKMARK [2][-]{subsection.2.1}{\376\377\000L\000o\000g\000i\000c\000k\000\351\000\040\000s\000p\000o\000j\000k\000y\000\040\000a\000\040\000k\000v\000a\000n\000t\000i\000f\000i\000k\000\341\000t\000o\000r\000y}{section.2}% 5
\BOOKMARK [2][-]{subsection.2.2}{\376\377\000M\000n\000o\001\176\000i\000n\000y}{section.2}% 6
\BOOKMARK [2][-]{subsection.2.3}{\376\377\000R\000e\000l\000a\000c\000e}{section.2}% 7
\BOOKMARK [3][-]{subsubsection.2.3.1}{\376\377\000K\000r\000e\000s\000l\000e\000n\000\355\000\040\000r\000e\000l\000a\000c\000\355}{subsection.2.3}% 8
\BOOKMARK [3][-]{subsubsection.2.3.2}{\376\377\000S\000k\000l\000\341\000d\000\341\000n\000\355\000\040\000r\000e\000l\000a\000c\000\355}{subsection.2.3}% 9
\BOOKMARK [2][-]{subsection.2.4}{\376\377\000E\000k\000v\000i\000v\000a\000l\000e\000n\000c\000e}{section.2}% 10
\BOOKMARK [2][-]{subsection.2.5}{\376\377\000Z\000o\000b\000r\000a\000z\000e\000n\000\355}{section.2}% 11
\BOOKMARK [2][-]{subsection.2.6}{\376\377\000U\000s\000p\000o\001\131\000\341\000d\000\341\000n\000\355}{section.2}% 12
\BOOKMARK [2][-]{subsection.2.7}{\376\377\000M\000a\000t\000e\000m\000a\000t\000i\000c\000k\000\341\000\040\000i\000n\000d\000u\000k\000c\000e}{section.2}% 13
\BOOKMARK [1][-]{section.3}{\376\377\000P\000o\001\015\000\355\000t\000\341\000n\000\355}{}% 14
\BOOKMARK [2][-]{subsection.3.1}{\376\377\000Z\000o\000b\000r\000a\000z\000e\000n\000\355\000\040\000a\000\040\000p\000o\000d\000m\000n\000o\001\176\000i\000n\000y}{section.3}% 15
\BOOKMARK [2][-]{subsection.3.2}{\376\377\000P\000e\000r\000m\000u\000t\000a\000c\000e}{section.3}% 16
\BOOKMARK [3][-]{subsubsection.3.2.1}{\376\377\000Z\000\341\000p\000i\000s\000\040\000p\000e\000r\000m\000u\000t\000a\000c\000\355}{subsection.3.2}% 17
\BOOKMARK [3][-]{subsubsection.3.2.2}{\376\377\000S\000k\000l\000\341\000d\000\341\000n\000\355\000\040\000p\000e\000r\000m\000u\000t\000a\000c\000\355}{subsection.3.2}% 18
\BOOKMARK [3][-]{subsubsection.3.2.3}{\376\377\000P\000r\000o\000b\000l\000\351\000m\000\040\000s\000t\000a\000\040\000v\001\033\000z\001\110\001\157}{subsection.3.2}% 19
\BOOKMARK [2][-]{subsection.3.3}{\376\377\000K\000o\000m\000b\000i\000n\000a\001\015\000n\000\355\000\040\001\015\000\355\000s\000l\000a}{section.3}% 20
