\BOOKMARK [0][-]{chapter.1}{\376\377\000P\001\131\000e\000d\000p\000o\000k\000l\000a\000d\000y}{}% 1
\BOOKMARK [1][-]{section.1.1}{\376\377\000Z\000\341\000k\000l\000a\000d\000n\000\355\000\040\000p\000o\000j\000m\000y\000\040\000z\000\040\000l\000o\000g\000i\000k\000y}{chapter.1}% 2
\BOOKMARK [1][-]{section.1.2}{\376\377\000Z\000\341\000k\000l\000a\000d\000n\000\355\000\040\000p\000o\000j\000m\000y\000\040\000z\000\040\000t\000e\000o\000r\000i\000e\000\040\000m\000n\000o\001\176\000i\000n}{chapter.1}% 3
\BOOKMARK [2][-]{subsection.1.2.1}{\376\377\000M\000n\000o\001\176\000i\000n\000o\000v\000\351\000\040\000o\000p\000e\000r\000a\000c\000e}{section.1.2}% 4
\BOOKMARK [2][-]{subsection.1.2.2}{\376\377\000K\000a\000r\000t\000\351\000z\000s\000k\000\375\000\040\000s\000o\000u\001\015\000i\000n\000\040\000a\000\040\000u\000s\000p\000o\001\131\000\341\000d\000a\000n\000\351\000\040\000n\000-\000t\000i\000c\000e}{section.1.2}% 5
\BOOKMARK [2][-]{subsection.1.2.3}{\376\377\000R\000e\000l\000a\000c\000e}{section.1.2}% 6
\BOOKMARK [2][-]{subsection.1.2.4}{\376\377\000R\000e\000l\000a\000c\000e\000\040\000e\000k\000v\000i\000v\000a\000l\000e\000n\000c\000e}{section.1.2}% 7
\BOOKMARK [2][-]{subsection.1.2.5}{\376\377\000R\000e\000l\000a\000c\000e\000\040\000u\000s\000p\000o\001\131\000\341\000d\000\341\000n\000\355}{section.1.2}% 8
\BOOKMARK [2][-]{subsection.1.2.6}{\376\377\000R\000e\000l\000a\000c\000e\000\040\000z\000o\000b\000r\000a\000z\000e\000n\000\355}{section.1.2}% 9
\BOOKMARK [-1][-]{part.1}{\376\377\000I\000\040\000R\000e\000\341\000l\000n\000\341\000\040\001\015\000\355\000s\000l\000a\000\040\000a\000\040\000l\000i\000m\000i\000t\000y}{}% 10
\BOOKMARK [0][-]{chapter.2}{\376\377\001\014\000\355\000s\000e\000l\000n\000\351\000\040\000o\000b\000o\000r\000y}{part.1}% 11
\BOOKMARK [1][-]{section.2.1}{\376\377\000Z\000\341\000k\000l\000a\000d\000n\000\355\000\040\000a\000l\000g\000e\000b\000r\000a\000i\000c\000k\000\351\000\040\000s\000t\000r\000u\000k\000t\000u\000r\000y}{chapter.2}% 12
\BOOKMARK [1][-]{section.2.2}{\376\377\001\014\000\355\000s\000e\000l\000n\000\351\000\040\000o\000b\000o\000r\000y}{chapter.2}% 13
\BOOKMARK [0][-]{chapter.3}{\376\377\000P\000o\000s\000l\000o\000u\000p\000n\000o\000s\000t\000i\000,\000\040\000l\000i\000m\000i\000t\000y\000\040\000a\000\040\000r\000e\000\341\000l\000n\000\341\000\040\001\015\000\355\000s\000l\000a}{part.1}% 14
\BOOKMARK [1][-]{section.3.1}{\376\377\000D\000e\000f\000i\000n\000i\000c\000e\000\040\000l\000i\000m\000i\000t\000y\000\040\000p\000o\000s\000l\000o\000u\000p\000n\000o\000s\000t\000i}{chapter.3}% 15
\BOOKMARK [1][-]{section.3.2}{\376\377\000L\000i\000m\000i\000t\000y\000\040\000k\000o\000n\000v\000e\000r\000g\000e\000n\000t\000n\000\355\000c\000h\000\040\000p\000o\000s\000l\000o\000u\000p\000n\000o\000s\000t\000\355}{chapter.3}% 16
\BOOKMARK [2][-]{subsection.3.2.1}{\376\377\000\332\000p\000l\000n\000o\000s\000t\000\040\000r\000e\000\341\000l\000n\000\375\000c\000h\000\040\001\015\000\355\000s\000e\000l}{section.3.2}% 17
\BOOKMARK [1][-]{section.3.3}{\376\377\000P\000o\000z\000n\000a\000t\000k\000y\000\040\000o\000\040\000l\000i\000m\000i\000t\000\341\000c\000h\000\040\000p\000o\000s\000l\000o\000u\000p\000n\000o\000s\000t\000\355}{chapter.3}% 18
\BOOKMARK [2][-]{subsection.3.3.1}{\376\377\000R\000o\000z\001\141\000\355\001\131\000e\000n\000\341\000\040\000r\000e\000\341\000l\000n\000\341\000\040\000o\000s\000a}{section.3.3}% 19
\BOOKMARK [2][-]{subsection.3.3.2}{\376\377\000B\000o\000l\000z\000a\000n\000o\000v\000a\000-\000W\000e\000i\000e\000r\000s\000t\000r\000a\000\337\000o\000v\000a\000\040\000v\001\033\000t\000a}{section.3.3}% 20
\BOOKMARK [1][-]{section.3.4}{\376\377\000M\000e\000t\000o\000d\000y\000\040\000v\000\375\000p\000o\001\015\000t\001\157\000\040\000l\000i\000m\000i\000t}{chapter.3}% 21
\BOOKMARK [1][-]{section.3.5}{\376\377\001\014\000\355\000s\000e\000l\000n\000\351\000\040\001\131\000a\000d\000y}{chapter.3}% 22
\BOOKMARK [2][-]{subsection.3.5.1}{\376\377\001\130\000a\000d\000y\000\040\000s\000\040\000n\000e\000z\000\341\000p\000o\000r\000n\000\375\000m\000i\000\040\001\015\000l\000e\000n\000y}{section.3.5}% 23
\BOOKMARK [-1][-]{part.2}{\376\377\000I\000I\000\040\000R\000e\000\341\000l\000n\000\351\000\040\000f\000u\000n\000k\000c\000e}{}% 24
\BOOKMARK [0][-]{chapter.4}{\376\377\000L\000i\000m\000i\000t\000y\000\040\000f\000u\000n\000k\000c\000\355}{part.2}% 25
\BOOKMARK [1][-]{section.4.1}{\376\377\000Z\000\341\000k\000l\000a\000d\000n\000\355\000\040\000p\000o\000z\000n\000a\000t\000k\000y\000\040\000o\000\040\000l\000i\000m\000i\000t\001\033\000\040\000f\000u\000n\000k\000c\000e}{chapter.4}% 26
\BOOKMARK [1][-]{section.4.2}{\376\377\000S\000p\000o\000j\000i\000t\000\351\000\040\000f\000u\000n\000k\000c\000e}{chapter.4}% 27
\BOOKMARK [1][-]{section.4.3}{\376\377\000H\000l\000u\000b\001\141\000\355\000\040\000p\000o\000z\000n\000a\000t\000k\000y\000\040\000o\000\040\000l\000i\000m\000i\000t\001\033\000\040\000f\000u\000n\000k\000c\000e}{chapter.4}% 28
\BOOKMARK [2][-]{subsection.4.3.1}{\376\377\000E\000x\000t\000r\000\351\000m\000y\000\040\000f\000u\000n\000k\000c\000e}{section.4.3}% 29
\BOOKMARK [1][-]{section.4.4}{\376\377\000P\000\341\000r\000\040\000p\001\131\000\355\000k\000l\000a\000d\001\157\000\040\000n\000a\000\040\000k\000o\000n\000e\000c}{chapter.4}% 30
\BOOKMARK [0][-]{chapter.5}{\376\377\000D\000e\000r\000i\000v\000a\000c\000e}{part.2}% 31
\BOOKMARK [1][-]{section.5.1}{\376\377\000Z\000\341\000k\000l\000a\000d\000n\000\355\000\040\000p\000o\000z\000n\000a\000t\000k\000y\000\040\000o\000\040\000d\000e\000r\000i\000v\000a\000c\000i}{chapter.5}% 32
\BOOKMARK [1][-]{section.5.2}{\376\377\000V\001\033\000t\000y\000\040\000o\000\040\000s\000t\001\131\000e\000d\000n\000\355\000\040\000h\000o\000d\000n\000o\000t\001\033}{chapter.5}% 33
\BOOKMARK [1][-]{section.5.3}{\376\377\000l\000'\000H\000o\000s\000p\000i\000t\000a\000l\000o\000v\000o\000\040\000p\000r\000a\000v\000i\000d\000l\000o}{chapter.5}% 34
\BOOKMARK [0][-]{chapter.6}{\376\377\000E\000l\000e\000m\000e\000n\000t\000\341\000r\000n\000\355\000\040\000f\000u\000n\000k\000c\000e}{part.2}% 35
\BOOKMARK [1][-]{section.6.1}{\376\377\000E\000x\000p\000o\000n\000e\000n\000c\000i\000\341\000l\000a\000\040\000a\000\040\000l\000o\000g\000a\000r\000i\000t\000m\000u\000s}{chapter.6}% 36
\BOOKMARK [2][-]{subsection.6.1.1}{\376\377\000L\000o\000g\000a\000r\000i\000t\000m\000u\000s}{section.6.1}% 37
\BOOKMARK [2][-]{subsection.6.1.2}{\376\377\000O\000b\000e\000c\000n\000\341\000\040\000m\000o\000c\000n\000i\000n\000a}{section.6.1}% 38
\BOOKMARK [1][-]{section.6.2}{\376\377\000G\000o\000n\000i\000o\000m\000e\000t\000r\000i\000c\000k\000\351\000\040\000f\000u\000n\000k\000c\000e}{chapter.6}% 39
\BOOKMARK [1][-]{section.6.3}{\376\377\000L\000i\000m\000i\000t\000y\000\040\000e\000l\000e\000m\000e\000n\000t\000\341\000r\000n\000\355\000c\000h\000\040\000f\000u\000n\000k\000c\000\355}{chapter.6}% 40
\BOOKMARK [0][-]{chapter*.64}{\376\377\000S\000e\000z\000n\000a\000m\000\040\000c\000v\000i\001\015\000e\000n\000\355}{part.2}% 41
