This is pdfTeX, Version 3.141592653-2.6-1.40.27 (TeX Live 2025/nixos.org) (preloaded format=pdflatex 1980.1.1)  1 JUL 2026 20:12
entering extended mode
 restricted \write18 enabled.
 file:line:error style messages enabled.
 %&-line parsing enabled.
**main.tex
(./main.tex
LaTeX2e <2025-11-01>
L3 programming layer <2026-01-19>
(./LegrandOrangeBook.cls
Document Class: LegrandOrangeBook 2022/01/26 The Legrand Orange Book Class v3.0
(/nix/store/rn940m7hdyfzsbyvj68k96f0ipyf1xpf-texlive-2025-r78234-final-env-texmfdist/tex/latex/base/book.cls
Document Class: book 2025/01/22 v1.4n Standard LaTeX document class
(/nix/store/rn940m7hdyfzsbyvj68k96f0ipyf1xpf-texlive-2025-r78234-final-env-texmfdist/tex/latex/base/fleqn.clo
File: fleqn.clo 2016/12/29 v1.2b Standard LaTeX option (flush left equations)
\mathindent=\skip49
Applying: [2015/01/01] Make \[ robust on input line 50.
LaTeX Info: Redefining \[ on input line 51.
Already applied: [0000/00/00] Make \[ robust on input line 62.
Applying: [2015/01/01] Make \] robust on input line 74.
LaTeX Info: Redefining \] on input line 75.
Already applied: [0000/00/00] Make \] robust on input line 83.
) (/nix/store/rn940m7hdyfzsbyvj68k96f0ipyf1xpf-texlive-2025-r78234-final-env-texmfdist/tex/latex/base/bk12.clo
File: bk12.clo 2025/01/22 v1.4n Standard LaTeX file (size option)
)
\c@part=\count275
\c@chapter=\count276
\c@section=\count277
\c@subsection=\count278
\c@subsubsection=\count279
\c@paragraph=\count280
\c@subparagraph=\count281
\c@figure=\count282
\c@table=\count283
\abovecaptionskip=\skip50
\belowcaptionskip=\skip51
\bibindent=\dimen148
) (/nix/store/rn940m7hdyfzsbyvj68k96f0ipyf1xpf-texlive-2025-r78234-final-env-texmfdist/tex/latex/graphics/graphicx.sty
Package: graphicx 2024/12/31 v1.2e Enhanced LaTeX Graphics (DPC,SPQR)
 (/nix/store/rn940m7hdyfzsbyvj68k96f0ipyf1xpf-texlive-2025-r78234-final-env-texmfdist/tex/latex/graphics/keyval.sty
Package: keyval 2022/05/29 v1.15 key=value parser (DPC)
\KV@toks@=\toks17
) (/nix/store/rn940m7hdyfzsbyvj68k96f0ipyf1xpf-texlive-2025-r78234-final-env-texmfdist/tex/latex/graphics/graphics.sty
Package: graphics 2024/08/06 v1.4g Standard LaTeX Graphics (DPC,SPQR)
 (/nix/store/rn940m7hdyfzsbyvj68k96f0ipyf1xpf-texlive-2025-r78234-final-env-texmfdist/tex/latex/graphics/trig.sty
Package: trig 2023/12/02 v1.11 sin cos tan (DPC)
) (/nix/store/rn940m7hdyfzsbyvj68k96f0ipyf1xpf-texlive-2025-r78234-final-env-texmfdist/tex/latex/graphics-cfg/graphics.cfg
File: graphics.cfg 2016/06/04 v1.11 sample graphics configuration
)
Package graphics Info: Driver file: pdftex.def on input line 106.
 (/nix/store/rn940m7hdyfzsbyvj68k96f0ipyf1xpf-texlive-2025-r78234-final-env-texmfdist/tex/latex/graphics-def/pdftex.def
File: pdftex.def 2025/09/29 v1.2d Graphics/color driver for pdftex
))
\Gin@req@height=\dimen149
\Gin@req@width=\dimen150
) (/nix/store/rn940m7hdyfzsbyvj68k96f0ipyf1xpf-texlive-2025-r78234-final-env-texmfdist/tex/latex/float/float.sty
Package: float 2001/11/08 v1.3d Float enhancements (AL)
\c@float@type=\count284
\float@exts=\toks18
\float@box=\box53
\@float@everytoks=\toks19
\@floatcapt=\box54
) (/nix/store/rn940m7hdyfzsbyvj68k96f0ipyf1xpf-texlive-2025-r78234-final-env-texmfdist/tex/latex/xcolor/xcolor.sty
Package: xcolor 2024/09/29 v3.02 LaTeX color extensions (UK)
 (/nix/store/rn940m7hdyfzsbyvj68k96f0ipyf1xpf-texlive-2025-r78234-final-env-texmfdist/tex/latex/graphics-cfg/color.cfg
File: color.cfg 2016/01/02 v1.6 sample color configuration
)

Package xcolor Warning: Package option `usenames' is obsolete and ignored on input line 265.

Package xcolor Info: Driver file: pdftex.def on input line 274.
(/nix/store/rn940m7hdyfzsbyvj68k96f0ipyf1xpf-texlive-2025-r78234-final-env-texmfdist/tex/latex/graphics/mathcolor.ltx)
Package xcolor Info: Model `cmy' substituted by `cmy0' on input line 1349.
Package xcolor Info: Model `hsb' substituted by `rgb' on input line 1353.
Package xcolor Info: Model `RGB' extended on input line 1365.
Package xcolor Info: Model `HTML' substituted by `rgb' on input line 1367.
Package xcolor Info: Model `Hsb' substituted by `hsb' on input line 1368.
Package xcolor Info: Model `tHsb' substituted by `hsb' on input line 1369.
Package xcolor Info: Model `HSB' substituted by `hsb' on input line 1370.
Package xcolor Info: Model `Gray' substituted by `gray' on input line 1371.
Package xcolor Info: Model `wave' substituted by `hsb' on input line 1372.
) (/nix/store/rn940m7hdyfzsbyvj68k96f0ipyf1xpf-texlive-2025-r78234-final-env-texmfdist/tex/latex/xcolor/svgnam.def
File: svgnam.def 2024/09/29 v3.02 Predefined colors according to SVG 1.1 (UK)
) (/nix/store/rn940m7hdyfzsbyvj68k96f0ipyf1xpf-texlive-2025-r78234-final-env-texmfdist/tex/latex/colortbl/colortbl.sty
Package: colortbl 2024/10/29 v1.0k Color table columns (DPC)
 (/nix/store/rn940m7hdyfzsbyvj68k96f0ipyf1xpf-texlive-2025-r78234-final-env-texmfdist/tex/latex/tools/array.sty
Package: array 2025/09/25 v2.6n Tabular extension package (FMi)
\col@sep=\dimen151
\ar@mcellbox=\box55
\extrarowheight=\dimen152
\NC@list=\toks20
\extratabsurround=\skip52
\backup@length=\skip53
\ar@cellbox=\box56
)
\everycr=\toks21
\minrowclearance=\skip54
\rownum=\count285
) (/nix/store/rn940m7hdyfzsbyvj68k96f0ipyf1xpf-texlive-2025-r78234-final-env-texmfdist/tex/latex/tools/calc.sty
Package: calc 2025/03/01 v4.3b Infix arithmetic (KKT,FJ)
\calc@Acount=\count286
\calc@Bcount=\count287
\calc@Adimen=\dimen153
\calc@Bdimen=\dimen154
\calc@Askip=\skip55
\calc@Bskip=\skip56
LaTeX Info: Redefining \setlength on input line 86.
LaTeX Info: Redefining \addtolength on input line 87.
\calc@Ccount=\count288
\calc@Cskip=\skip57
) (/nix/store/rn940m7hdyfzsbyvj68k96f0ipyf1xpf-texlive-2025-r78234-final-env-texmfdist/tex/latex/changepage/changepage.sty
Package: changepage 2009/10/20 v1.0c check page and change page layout
\c@cp@cntr=\count289
\cp@tempcnt=\count290
) (/nix/store/rn940m7hdyfzsbyvj68k96f0ipyf1xpf-texlive-2025-r78234-final-env-texmfdist/tex/latex/appendix/appendix.sty
Package: appendix 2020/02/08 v1.2c extra appendix facilities
\c@@pps=\count291
\c@@ppsavesec=\count292
\c@@ppsaveapp=\count293
) (/nix/store/rn940m7hdyfzsbyvj68k96f0ipyf1xpf-texlive-2025-r78234-final-env-texmfdist/tex/latex/etoolbox/etoolbox.sty
Package: etoolbox 2025/10/02 v2.5m e-TeX tools for LaTeX (JAW)
\etb@tempcnta=\count294
) (/nix/store/rn940m7hdyfzsbyvj68k96f0ipyf1xpf-texlive-2025-r78234-final-env-texmfdist/tex/latex/geometry/geometry.sty
Package: geometry 2020/01/02 v5.9 Page Geometry
 (/nix/store/rn940m7hdyfzsbyvj68k96f0ipyf1xpf-texlive-2025-r78234-final-env-texmfdist/tex/generic/iftex/ifvtex.sty
Package: ifvtex 2019/10/25 v1.7 ifvtex legacy package. Use iftex instead.
 (/nix/store/rn940m7hdyfzsbyvj68k96f0ipyf1xpf-texlive-2025-r78234-final-env-texmfdist/tex/generic/iftex/iftex.sty
Package: iftex 2024/12/12 v1.0g TeX engine tests
))
\Gm@cnth=\count295
\Gm@cntv=\count296
\c@Gm@tempcnt=\count297
\Gm@bindingoffset=\dimen155
\Gm@wd@mp=\dimen156
\Gm@odd@mp=\dimen157
\Gm@even@mp=\dimen158
\Gm@layoutwidth=\dimen159
\Gm@layoutheight=\dimen160
\Gm@layouthoffset=\dimen161
\Gm@layoutvoffset=\dimen162
\Gm@dimlist=\toks22
) (/nix/store/rn940m7hdyfzsbyvj68k96f0ipyf1xpf-texlive-2025-r78234-final-env-texmfdist/tex/generic/babel/babel.sty
Package: babel 2026/02/14 v26.3 The multilingual framework for LuaLaTeX, pdfLaTeX and XeLaTeX
\babel@savecnt=\count298
LaTeX Encoding Info:    Redeclaring text command \ij (encoding OT1) on input line 2078.
LaTeX Encoding Info:    Redeclaring text command \IJ (encoding OT1) on input line 2080.
LaTeX Encoding Info:    Redeclaring text command \ij (encoding T1) on input line 2082.
LaTeX Encoding Info:    Redeclaring text command \IJ (encoding T1) on input line 2083.
LaTeX Encoding Info:    Ignoring declaration for text command \ij (encoding ?) on input line 2084.
LaTeX Encoding Info:    Ignoring declaration for text command \IJ (encoding ?) on input line 2086.
LaTeX Encoding Info:    Ignoring declaration for text command \SS (encoding ?) on input line 2111.
\U@D=\dimen163
\l@unhyphenated=\language90
 (/nix/store/rn940m7hdyfzsbyvj68k96f0ipyf1xpf-texlive-2025-r78234-final-env-texmfdist/tex/generic/babel/txtbabel.def)
\bbl@readstream=\read2
\bbl@dirlevel=\count299
 (/nix/store/rn940m7hdyfzsbyvj68k96f0ipyf1xpf-texlive-2025-r78234-final-env-texmfdist/tex/generic/babel/locale/el/babel-greek.tex) (/nix/store/rn940m7hdyfzsbyvj68k96f0ipyf1xpf-texlive-2025-r78234-final-env-texmfdist/tex/generic/babel/locale/en/babel-english.tex) (/nix/store/rn940m7hdyfzsbyvj68k96f0ipyf1xpf-texlive-2025-r78234-final-env-texmfdist/tex/generic/babel/locale/cs/babel-czech.tex)
Package babel Info: Importing font and identification data for greek
(babel)             from babel-el.ini. Reported on input line 4330.

(/nix/store/rn940m7hdyfzsbyvj68k96f0ipyf1xpf-texlive-2025-r78234-final-env-texmfdist/tex/generic/babel-greek/greek.ldf
Language: greek 2023/10/13 1.15 Greek support for the babel system
\bbl@monogreek=\count300
\bbl@polygreek=\count301
\bbl@ancientgreek=\count302
 (/nix/store/rn940m7hdyfzsbyvj68k96f0ipyf1xpf-texlive-2025-r78234-final-env-texmfdist/tex/latex/greek-fontenc/lgrenc.def
File: lgrenc.def 2023-09-12 2.5 LGR Greek font encoding definitions
Now handling font encoding LGR ...
... processing UTF-8 mapping file for font encoding LGR
 (/nix/store/rn940m7hdyfzsbyvj68k96f0ipyf1xpf-texlive-2025-r78234-final-env-texmfdist/tex/latex/greek-inputenc/lgrenc.dfu
File: lgrenc.dfu 2023-03-21 1.9 UTF-8 support for Greek
   defining Unicode char U+00A8 (decimal 168)
   defining Unicode char U+00AB (decimal 171)
   defining Unicode char U+00AF (decimal 175)
   defining Unicode char U+00B4 (decimal 180)
   defining Unicode char U+00B7 (decimal 183)
   defining Unicode char U+00BB (decimal 187)
   defining Unicode char U+0259 (decimal 601)
   defining Unicode char U+02D8 (decimal 728)
   defining Unicode char U+0374 (decimal 884)
   defining Unicode char U+0375 (decimal 885)
   defining Unicode char U+037A (decimal 890)
   defining Unicode char U+037E (decimal 894)
   defining Unicode char U+0384 (decimal 900)
   defining Unicode char U+0385 (decimal 901)
   defining Unicode char U+0386 (decimal 902)
   defining Unicode char U+0387 (decimal 903)
   defining Unicode char U+0388 (decimal 904)
   defining Unicode char U+0389 (decimal 905)
   defining Unicode char U+038A (decimal 906)
   defining Unicode char U+038C (decimal 908)
   defining Unicode char U+038E (decimal 910)
   defining Unicode char U+038F (decimal 911)
   defining Unicode char U+0390 (decimal 912)
   defining Unicode char U+0391 (decimal 913)
   defining Unicode char U+0392 (decimal 914)
   defining Unicode char U+0393 (decimal 915)
   defining Unicode char U+0394 (decimal 916)
   defining Unicode char U+0395 (decimal 917)
   defining Unicode char U+0396 (decimal 918)
   defining Unicode char U+0397 (decimal 919)
   defining Unicode char U+0398 (decimal 920)
   defining Unicode char U+0399 (decimal 921)
   defining Unicode char U+039A (decimal 922)
   defining Unicode char U+039B (decimal 923)
   defining Unicode char U+039C (decimal 924)
   defining Unicode char U+039D (decimal 925)
   defining Unicode char U+039E (decimal 926)
   defining Unicode char U+039F (decimal 927)
   defining Unicode char U+03A0 (decimal 928)
   defining Unicode char U+03A1 (decimal 929)
   defining Unicode char U+03A3 (decimal 931)
   defining Unicode char U+03A4 (decimal 932)
   defining Unicode char U+03A5 (decimal 933)
   defining Unicode char U+03A6 (decimal 934)
   defining Unicode char U+03A7 (decimal 935)
   defining Unicode char U+03A8 (decimal 936)
   defining Unicode char U+03A9 (decimal 937)
   defining Unicode char U+03AA (decimal 938)
   defining Unicode char U+03AB (decimal 939)
   defining Unicode char U+03AC (decimal 940)
   defining Unicode char U+03AD (decimal 941)
   defining Unicode char U+03AE (decimal 942)
   defining Unicode char U+03AF (decimal 943)
   defining Unicode char U+03B0 (decimal 944)
   defining Unicode char U+03B1 (decimal 945)
   defining Unicode char U+03B2 (decimal 946)
   defining Unicode char U+03B3 (decimal 947)
   defining Unicode char U+03B4 (decimal 948)
   defining Unicode char U+03B5 (decimal 949)
   defining Unicode char U+03B6 (decimal 950)
   defining Unicode char U+03B7 (decimal 951)
   defining Unicode char U+03B8 (decimal 952)
   defining Unicode char U+03B9 (decimal 953)
   defining Unicode char U+03BA (decimal 954)
   defining Unicode char U+03BB (decimal 955)
   defining Unicode char U+03BC (decimal 956)
   defining Unicode char U+03BD (decimal 957)
   defining Unicode char U+03BE (decimal 958)
   defining Unicode char U+03BF (decimal 959)
   defining Unicode char U+03C0 (decimal 960)
   defining Unicode char U+03C1 (decimal 961)
   defining Unicode char U+03C2 (decimal 962)
   defining Unicode char U+03C3 (decimal 963)
   defining Unicode char U+03C4 (decimal 964)
   defining Unicode char U+03C5 (decimal 965)
   defining Unicode char U+03C6 (decimal 966)
   defining Unicode char U+03C7 (decimal 967)
   defining Unicode char U+03C8 (decimal 968)
   defining Unicode char U+03C9 (decimal 969)
   defining Unicode char U+03CA (decimal 970)
   defining Unicode char U+03CB (decimal 971)
   defining Unicode char U+03CC (decimal 972)
   defining Unicode char U+03CD (decimal 973)
   defining Unicode char U+03CE (decimal 974)
   defining Unicode char U+03D0 (decimal 976)
   defining Unicode char U+03D1 (decimal 977)
   defining Unicode char U+03D5 (decimal 981)
   defining Unicode char U+03D6 (decimal 982)
   defining Unicode char U+03D8 (decimal 984)
   defining Unicode char U+03D9 (decimal 985)
   defining Unicode char U+03DA (decimal 986)
   defining Unicode char U+03DB (decimal 987)
   defining Unicode char U+03DC (decimal 988)
   defining Unicode char U+03DD (decimal 989)
   defining Unicode char U+03DE (decimal 990)
   defining Unicode char U+03DF (decimal 991)
   defining Unicode char U+03E0 (decimal 992)
   defining Unicode char U+03E1 (decimal 993)
   defining Unicode char U+03F0 (decimal 1008)
   defining Unicode char U+03F1 (decimal 1009)
   defining Unicode char U+03F4 (decimal 1012)
   defining Unicode char U+03F5 (decimal 1013)
   defining Unicode char U+1F00 (decimal 7936)
   defining Unicode char U+1F01 (decimal 7937)
   defining Unicode char U+1F02 (decimal 7938)
   defining Unicode char U+1F03 (decimal 7939)
   defining Unicode char U+1F04 (decimal 7940)
   defining Unicode char U+1F05 (decimal 7941)
   defining Unicode char U+1F06 (decimal 7942)
   defining Unicode char U+1F07 (decimal 7943)
   defining Unicode char U+1F08 (decimal 7944)
   defining Unicode char U+1F09 (decimal 7945)
   defining Unicode char U+1F0A (decimal 7946)
   defining Unicode char U+1F0B (decimal 7947)
   defining Unicode char U+1F0C (decimal 7948)
   defining Unicode char U+1F0D (decimal 7949)
   defining Unicode char U+1F0E (decimal 7950)
   defining Unicode char U+1F0F (decimal 7951)
   defining Unicode char U+1F10 (decimal 7952)
   defining Unicode char U+1F11 (decimal 7953)
   defining Unicode char U+1F12 (decimal 7954)
   defining Unicode char U+1F13 (decimal 7955)
   defining Unicode char U+1F14 (decimal 7956)
   defining Unicode char U+1F15 (decimal 7957)
   defining Unicode char U+1F18 (decimal 7960)
   defining Unicode char U+1F19 (decimal 7961)
   defining Unicode char U+1F1A (decimal 7962)
   defining Unicode char U+1F1B (decimal 7963)
   defining Unicode char U+1F1C (decimal 7964)
   defining Unicode char U+1F1D (decimal 7965)
   defining Unicode char U+1F20 (decimal 7968)
   defining Unicode char U+1F21 (decimal 7969)
   defining Unicode char U+1F22 (decimal 7970)
   defining Unicode char U+1F23 (decimal 7971)
   defining Unicode char U+1F24 (decimal 7972)
   defining Unicode char U+1F25 (decimal 7973)
   defining Unicode char U+1F26 (decimal 7974)
   defining Unicode char U+1F27 (decimal 7975)
   defining Unicode char U+1F28 (decimal 7976)
   defining Unicode char U+1F29 (decimal 7977)
   defining Unicode char U+1F2A (decimal 7978)
   defining Unicode char U+1F2B (decimal 7979)
   defining Unicode char U+1F2C (decimal 7980)
   defining Unicode char U+1F2D (decimal 7981)
   defining Unicode char U+1F2E (decimal 7982)
   defining Unicode char U+1F2F (decimal 7983)
   defining Unicode char U+1F30 (decimal 7984)
   defining Unicode char U+1F31 (decimal 7985)
   defining Unicode char U+1F32 (decimal 7986)
   defining Unicode char U+1F33 (decimal 7987)
   defining Unicode char U+1F34 (decimal 7988)
   defining Unicode char U+1F35 (decimal 7989)
   defining Unicode char U+1F36 (decimal 7990)
   defining Unicode char U+1F37 (decimal 7991)
   defining Unicode char U+1F38 (decimal 7992)
   defining Unicode char U+1F39 (decimal 7993)
   defining Unicode char U+1F3A (decimal 7994)
   defining Unicode char U+1F3B (decimal 7995)
   defining Unicode char U+1F3C (decimal 7996)
   defining Unicode char U+1F3D (decimal 7997)
   defining Unicode char U+1F3E (decimal 7998)
   defining Unicode char U+1F3F (decimal 7999)
   defining Unicode char U+1F40 (decimal 8000)
   defining Unicode char U+1F41 (decimal 8001)
   defining Unicode char U+1F42 (decimal 8002)
   defining Unicode char U+1F43 (decimal 8003)
   defining Unicode char U+1F44 (decimal 8004)
   defining Unicode char U+1F45 (decimal 8005)
   defining Unicode char U+1F48 (decimal 8008)
   defining Unicode char U+1F49 (decimal 8009)
   defining Unicode char U+1F4A (decimal 8010)
   defining Unicode char U+1F4B (decimal 8011)
   defining Unicode char U+1F4C (decimal 8012)
   defining Unicode char U+1F4D (decimal 8013)
   defining Unicode char U+1F50 (decimal 8016)
   defining Unicode char U+1F51 (decimal 8017)
   defining Unicode char U+1F52 (decimal 8018)
   defining Unicode char U+1F53 (decimal 8019)
   defining Unicode char U+1F54 (decimal 8020)
   defining Unicode char U+1F55 (decimal 8021)
   defining Unicode char U+1F56 (decimal 8022)
   defining Unicode char U+1F57 (decimal 8023)
   defining Unicode char U+1F59 (decimal 8025)
   defining Unicode char U+1F5B (decimal 8027)
   defining Unicode char U+1F5D (decimal 8029)
   defining Unicode char U+1F5F (decimal 8031)
   defining Unicode char U+1F60 (decimal 8032)
   defining Unicode char U+1F61 (decimal 8033)
   defining Unicode char U+1F62 (decimal 8034)
   defining Unicode char U+1F63 (decimal 8035)
   defining Unicode char U+1F64 (decimal 8036)
   defining Unicode char U+1F65 (decimal 8037)
   defining Unicode char U+1F66 (decimal 8038)
   defining Unicode char U+1F67 (decimal 8039)
   defining Unicode char U+1F68 (decimal 8040)
   defining Unicode char U+1F69 (decimal 8041)
   defining Unicode char U+1F6A (decimal 8042)
   defining Unicode char U+1F6B (decimal 8043)
   defining Unicode char U+1F6C (decimal 8044)
   defining Unicode char U+1F6D (decimal 8045)
   defining Unicode char U+1F6E (decimal 8046)
   defining Unicode char U+1F6F (decimal 8047)
   defining Unicode char U+1F70 (decimal 8048)
   defining Unicode char U+1F71 (decimal 8049)
   defining Unicode char U+1F72 (decimal 8050)
   defining Unicode char U+1F73 (decimal 8051)
   defining Unicode char U+1F74 (decimal 8052)
   defining Unicode char U+1F75 (decimal 8053)
   defining Unicode char U+1F76 (decimal 8054)
   defining Unicode char U+1F77 (decimal 8055)
   defining Unicode char U+1F78 (decimal 8056)
   defining Unicode char U+1F79 (decimal 8057)
   defining Unicode char U+1F7A (decimal 8058)
   defining Unicode char U+1F7B (decimal 8059)
   defining Unicode char U+1F7C (decimal 8060)
   defining Unicode char U+1F7D (decimal 8061)
   defining Unicode char U+1F80 (decimal 8064)
   defining Unicode char U+1F81 (decimal 8065)
   defining Unicode char U+1F82 (decimal 8066)
   defining Unicode char U+1F83 (decimal 8067)
   defining Unicode char U+1F84 (decimal 8068)
   defining Unicode char U+1F85 (decimal 8069)
   defining Unicode char U+1F86 (decimal 8070)
   defining Unicode char U+1F87 (decimal 8071)
   defining Unicode char U+1F88 (decimal 8072)
   defining Unicode char U+1F89 (decimal 8073)
   defining Unicode char U+1F8A (decimal 8074)
   defining Unicode char U+1F8B (decimal 8075)
   defining Unicode char U+1F8C (decimal 8076)
   defining Unicode char U+1F8D (decimal 8077)
   defining Unicode char U+1F8E (decimal 8078)
   defining Unicode char U+1F8F (decimal 8079)
   defining Unicode char U+1F90 (decimal 8080)
   defining Unicode char U+1F91 (decimal 8081)
   defining Unicode char U+1F92 (decimal 8082)
   defining Unicode char U+1F93 (decimal 8083)
   defining Unicode char U+1F94 (decimal 8084)
   defining Unicode char U+1F95 (decimal 8085)
   defining Unicode char U+1F96 (decimal 8086)
   defining Unicode char U+1F97 (decimal 8087)
   defining Unicode char U+1F98 (decimal 8088)
   defining Unicode char U+1F99 (decimal 8089)
   defining Unicode char U+1F9A (decimal 8090)
   defining Unicode char U+1F9B (decimal 8091)
   defining Unicode char U+1F9C (decimal 8092)
   defining Unicode char U+1F9D (decimal 8093)
   defining Unicode char U+1F9E (decimal 8094)
   defining Unicode char U+1F9F (decimal 8095)
   defining Unicode char U+1FA0 (decimal 8096)
   defining Unicode char U+1FA1 (decimal 8097)
   defining Unicode char U+1FA2 (decimal 8098)
   defining Unicode char U+1FA3 (decimal 8099)
   defining Unicode char U+1FA4 (decimal 8100)
   defining Unicode char U+1FA5 (decimal 8101)
   defining Unicode char U+1FA6 (decimal 8102)
   defining Unicode char U+1FA7 (decimal 8103)
   defining Unicode char U+1FA8 (decimal 8104)
   defining Unicode char U+1FA9 (decimal 8105)
   defining Unicode char U+1FAA (decimal 8106)
   defining Unicode char U+1FAB (decimal 8107)
   defining Unicode char U+1FAC (decimal 8108)
   defining Unicode char U+1FAD (decimal 8109)
   defining Unicode char U+1FAE (decimal 8110)
   defining Unicode char U+1FAF (decimal 8111)
   defining Unicode char U+1FB0 (decimal 8112)
   defining Unicode char U+1FB1 (decimal 8113)
   defining Unicode char U+1FB2 (decimal 8114)
   defining Unicode char U+1FB3 (decimal 8115)
   defining Unicode char U+1FB4 (decimal 8116)
   defining Unicode char U+1FB6 (decimal 8118)
   defining Unicode char U+1FB7 (decimal 8119)
   defining Unicode char U+1FB8 (decimal 8120)
   defining Unicode char U+1FB9 (decimal 8121)
   defining Unicode char U+1FBA (decimal 8122)
   defining Unicode char U+1FBB (decimal 8123)
   defining Unicode char U+1FBC (decimal 8124)
   defining Unicode char U+1FBD (decimal 8125)
   defining Unicode char U+1FBE (decimal 8126)
   defining Unicode char U+1FBF (decimal 8127)
   defining Unicode char U+1FC0 (decimal 8128)
   defining Unicode char U+1FC1 (decimal 8129)
   defining Unicode char U+1FC2 (decimal 8130)
   defining Unicode char U+1FC3 (decimal 8131)
   defining Unicode char U+1FC4 (decimal 8132)
   defining Unicode char U+1FC6 (decimal 8134)
   defining Unicode char U+1FC7 (decimal 8135)
   defining Unicode char U+1FC8 (decimal 8136)
   defining Unicode char U+1FC9 (decimal 8137)
   defining Unicode char U+1FCA (decimal 8138)
   defining Unicode char U+1FCB (decimal 8139)
   defining Unicode char U+1FCC (decimal 8140)
   defining Unicode char U+1FCD (decimal 8141)
   defining Unicode char U+1FCE (decimal 8142)
   defining Unicode char U+1FCF (decimal 8143)
   defining Unicode char U+1FD0 (decimal 8144)
   defining Unicode char U+1FD1 (decimal 8145)
   defining Unicode char U+1FD2 (decimal 8146)
   defining Unicode char U+1FD3 (decimal 8147)
   defining Unicode char U+1FD6 (decimal 8150)
   defining Unicode char U+1FD7 (decimal 8151)
   defining Unicode char U+1FD8 (decimal 8152)
   defining Unicode char U+1FD9 (decimal 8153)
   defining Unicode char U+1FDA (decimal 8154)
   defining Unicode char U+1FDB (decimal 8155)
   defining Unicode char U+1FDD (decimal 8157)
   defining Unicode char U+1FDE (decimal 8158)
   defining Unicode char U+1FDF (decimal 8159)
   defining Unicode char U+1FE0 (decimal 8160)
   defining Unicode char U+1FE1 (decimal 8161)
   defining Unicode char U+1FE2 (decimal 8162)
   defining Unicode char U+1FE3 (decimal 8163)
   defining Unicode char U+1FE4 (decimal 8164)
   defining Unicode char U+1FE5 (decimal 8165)
   defining Unicode char U+1FE6 (decimal 8166)
   defining Unicode char U+1FE7 (decimal 8167)
   defining Unicode char U+1FE8 (decimal 8168)
   defining Unicode char U+1FE9 (decimal 8169)
   defining Unicode char U+1FEA (decimal 8170)
   defining Unicode char U+1FEB (decimal 8171)
   defining Unicode char U+1FEC (decimal 8172)
   defining Unicode char U+1FED (decimal 8173)
   defining Unicode char U+1FEE (decimal 8174)
   defining Unicode char U+1FEF (decimal 8175)
   defining Unicode char U+1FF2 (decimal 8178)
   defining Unicode char U+1FF3 (decimal 8179)
   defining Unicode char U+1FF4 (decimal 8180)
   defining Unicode char U+1FF6 (decimal 8182)
   defining Unicode char U+1FF7 (decimal 8183)
   defining Unicode char U+1FF8 (decimal 8184)
   defining Unicode char U+1FF9 (decimal 8185)
   defining Unicode char U+1FFA (decimal 8186)
   defining Unicode char U+1FFB (decimal 8187)
   defining Unicode char U+1FFC (decimal 8188)
   defining Unicode char U+1FFD (decimal 8189)
   defining Unicode char U+1FFE (decimal 8190)
   defining Unicode char U+2013 (decimal 8211)
   defining Unicode char U+2014 (decimal 8212)
   defining Unicode char U+2018 (decimal 8216)
   defining Unicode char U+2019 (decimal 8217)
   defining Unicode char U+201A (decimal 8218)
   defining Unicode char U+2030 (decimal 8240)
   defining Unicode char U+2039 (decimal 8249)
   defining Unicode char U+203A (decimal 8250)
   defining Unicode char U+20AC (decimal 8364)
   defining Unicode char U+2126 (decimal 8486)
   defining Unicode char U+10144 (decimal 65860)
   defining Unicode char U+10145 (decimal 65861)
   defining Unicode char U+10146 (decimal 65862)
   defining Unicode char U+10147 (decimal 65863)
) (/nix/store/rn940m7hdyfzsbyvj68k96f0ipyf1xpf-texlive-2025-r78234-final-env-texmfdist/tex/latex/greek-fontenc/greek-fontenc.def
File: greek-fontenc.def 2023-09-12 2.5 Common Greek font encoding definitions
LaTeX Encoding Info:    Ignoring declaration for text command \accACUTE (encoding LGR) on input line 251.
LaTeX Encoding Info:    Ignoring declaration for text command \accGRAVE (encoding LGR) on input line 259.
LaTeX Encoding Info:    Ignoring declaration for text command \accTILDE (encoding LGR) on input line 267.
))
LaTeX Encoding Info:    Ignoring declaration for text command \textmugreek (encoding LGR) on input line 638.
)
Package babel Info: Importing font and identification data for english
(babel)             from babel-en.ini. Reported on input line 4330.
 (/nix/store/rn940m7hdyfzsbyvj68k96f0ipyf1xpf-texlive-2025-r78234-final-env-texmfdist/tex/generic/babel-english/english.ldf
Language: english 2017/06/06 v3.3r English support from the babel system
Package babel Info: Hyphen rules for 'canadian' set to \l@english
(babel)             (\language0). Reported on input line 102.
Package babel Info: Hyphen rules for 'australian' set to \l@ukenglish
(babel)             (\language22). Reported on input line 105.
Package babel Info: Hyphen rules for 'newzealand' set to \l@ukenglish
(babel)             (\language22). Reported on input line 108.
)
Package babel Info: Importing font and identification data for czech
(babel)             from babel-cs.ini. Reported on input line 4330.
 (/nix/store/rn940m7hdyfzsbyvj68k96f0ipyf1xpf-texlive-2025-r78234-final-env-texmfdist/tex/generic/babel-czech/czech.ldf
Language: czech 2008/07/06 v3.1a Czech support from the babel system
Package babel Info: Making " an active character on input line 172.
\cs@wordlen=\count303
Package babel Info: Making - an active character on input line 226.
)) (/nix/store/rn940m7hdyfzsbyvj68k96f0ipyf1xpf-texlive-2025-r78234-final-env-texmfdist/tex/latex/base/fontenc.sty
Package: fontenc 2025/07/18 v2.1d Standard LaTeX package
) (/nix/store/rn940m7hdyfzsbyvj68k96f0ipyf1xpf-texlive-2025-r78234-final-env-texmfdist/tex/latex/psnfss/avant.sty
Package: avant 2020/03/25 PSNFSS-v9.3 (SPQR) 
) (/nix/store/rn940m7hdyfzsbyvj68k96f0ipyf1xpf-texlive-2025-r78234-final-env-texmfdist/tex/latex/psnfss/mathptmx.sty
Package: mathptmx 2020/03/25 PSNFSS-v9.3 Times w/ Math, improved (SPQR, WaS) 
LaTeX Font Info:    Redeclaring symbol font `operators' on input line 28.
LaTeX Font Info:    Overwriting symbol font `operators' in version `normal'
(Font)                  OT1/cmr/m/n --> OT1/ztmcm/m/n on input line 28.
LaTeX Font Info:    Overwriting symbol font `operators' in version `bold'
(Font)                  OT1/cmr/bx/n --> OT1/ztmcm/m/n on input line 28.
LaTeX Font Info:    Redeclaring symbol font `letters' on input line 29.
LaTeX Font Info:    Overwriting symbol font `letters' in version `normal'
(Font)                  OML/cmm/m/it --> OML/ztmcm/m/it on input line 29.
LaTeX Font Info:    Overwriting symbol font `letters' in version `bold'
(Font)                  OML/cmm/b/it --> OML/ztmcm/m/it on input line 29.
LaTeX Font Info:    Redeclaring symbol font `symbols' on input line 30.
LaTeX Font Info:    Overwriting symbol font `symbols' in version `normal'
(Font)                  OMS/cmsy/m/n --> OMS/ztmcm/m/n on input line 30.
LaTeX Font Info:    Overwriting symbol font `symbols' in version `bold'
(Font)                  OMS/cmsy/b/n --> OMS/ztmcm/m/n on input line 30.
LaTeX Font Info:    Redeclaring symbol font `largesymbols' on input line 31.
LaTeX Font Info:    Overwriting symbol font `largesymbols' in version `normal'
(Font)                  OMX/cmex/m/n --> OMX/ztmcm/m/n on input line 31.
LaTeX Font Info:    Overwriting symbol font `largesymbols' in version `bold'
(Font)                  OMX/cmex/m/n --> OMX/ztmcm/m/n on input line 31.
\symbold=\mathgroup4
\symitalic=\mathgroup5
LaTeX Font Info:    Redeclaring math alphabet \mathbf on input line 34.
LaTeX Font Info:    Overwriting math alphabet `\mathbf' in version `normal'
(Font)                  OT1/cmr/bx/n --> OT1/ptm/bx/n on input line 34.
LaTeX Font Info:    Overwriting math alphabet `\mathbf' in version `bold'
(Font)                  OT1/cmr/bx/n --> OT1/ptm/bx/n on input line 34.
LaTeX Font Info:    Redeclaring math alphabet \mathit on input line 35.
LaTeX Font Info:    Overwriting math alphabet `\mathit' in version `normal'
(Font)                  OT1/cmr/m/it --> OT1/ptm/m/it on input line 35.
LaTeX Font Info:    Overwriting math alphabet `\mathit' in version `bold'
(Font)                  OT1/cmr/bx/it --> OT1/ptm/m/it on input line 35.
LaTeX Info: Redefining \hbar on input line 50.
) (/nix/store/rn940m7hdyfzsbyvj68k96f0ipyf1xpf-texlive-2025-r78234-final-env-texmfdist/tex/latex/microtype/microtype.sty
Package: microtype 2026/03/01 v3.2d Micro-typographical refinements (RS)
\MT@toks=\toks23
\MT@tempbox=\box57
\MT@count=\count304
LaTeX Info: Redefining \noprotrusionifhmode on input line 1084.
LaTeX Info: Redefining \leftprotrusion on input line 1085.
\MT@prot@toks=\toks24
LaTeX Info: Redefining \rightprotrusion on input line 1104.
LaTeX Info: Redefining \textls on input line 1449.
\MT@outer@kern=\dimen164
LaTeX Info: Redefining \microtypecontext on input line 2053.
LaTeX Info: Redefining \textmicrotypecontext on input line 2070.
\MT@listname@count=\count305
 (/nix/store/rn940m7hdyfzsbyvj68k96f0ipyf1xpf-texlive-2025-r78234-final-env-texmfdist/tex/latex/microtype/microtype-pdftex.def
File: microtype-pdftex.def 2026/03/01 v3.2d Definitions specific to pdftex (RS)
LaTeX Info: Redefining \lsstyle on input line 944.
LaTeX Info: Redefining \lslig on input line 944.
\MT@outer@space=\skip58
)
Package microtype Info: Loading configuration file microtype.cfg.
 (/nix/store/rn940m7hdyfzsbyvj68k96f0ipyf1xpf-texlive-2025-r78234-final-env-texmfdist/tex/latex/microtype/microtype.cfg
File: microtype.cfg 2026/03/01 v3.2d microtype main configuration file (RS)
)
LaTeX Info: Redefining \microtypesetup on input line 3065.
) (/nix/store/rn940m7hdyfzsbyvj68k96f0ipyf1xpf-texlive-2025-r78234-final-env-texmfdist/tex/latex/fancyhdr/fancyhdr.sty
Package: fancyhdr 2025/02/07 v5.2 Extensive control of page headers and footers
\f@nch@headwidth=\skip59
\f@nch@offset@elh=\skip60
\f@nch@offset@erh=\skip61
\f@nch@offset@olh=\skip62
\f@nch@offset@orh=\skip63
\f@nch@offset@elf=\skip64
\f@nch@offset@erf=\skip65
\f@nch@offset@olf=\skip66
\f@nch@offset@orf=\skip67
\f@nch@height=\skip68
\f@nch@footalignment=\skip69
\f@nch@widthL=\skip70
\f@nch@widthC=\skip71
\f@nch@widthR=\skip72
\@temptokenb=\toks25
) (/nix/store/rn940m7hdyfzsbyvj68k96f0ipyf1xpf-texlive-2025-r78234-final-env-texmfdist/tex/latex/emptypage/emptypage.sty
Package: emptypage 2010/05/30 v1.2 Suppress page numbers and headings on empty pages
) (/nix/store/rn940m7hdyfzsbyvj68k96f0ipyf1xpf-texlive-2025-r78234-final-env-texmfdist/tex/latex/titlesec/titlesec.sty
Package: titlesec 2025/01/04 v2.17 Sectioning titles
\ttl@box=\box58
\beforetitleunit=\skip73
\aftertitleunit=\skip74
\ttl@plus=\dimen165
\ttl@minus=\dimen166
\ttl@toksa=\toks26
\titlewidth=\dimen167
\titlewidthlast=\dimen168
\titlewidthfirst=\dimen169
)
\c@ttlp@side=\count306
\ttlp@side=\count307
 (/nix/store/rn940m7hdyfzsbyvj68k96f0ipyf1xpf-texlive-2025-r78234-final-env-texmfdist/tex/latex/titlesec/titletoc.sty
Package: titletoc 2025/01/04 v2.17 TOC entries
\ttl@leftsep=\dimen170
)
(/nix/store/rn940m7hdyfzsbyvj68k96f0ipyf1xpf-texlive-2025-r78234-final-env-texmfdist/tex/latex/biblatex/biblatex.sty
Package: biblatex 2025/07/10 v3.21 programmable bibliographies (PK/MW)
 (/nix/store/rn940m7hdyfzsbyvj68k96f0ipyf1xpf-texlive-2025-r78234-final-env-texmfdist/tex/generic/pdftexcmds/pdftexcmds.sty
Package: pdftexcmds 2020-06-27 v0.33 Utility functions of pdfTeX for LuaTeX (HO)
 (/nix/store/rn940m7hdyfzsbyvj68k96f0ipyf1xpf-texlive-2025-r78234-final-env-texmfdist/tex/generic/infwarerr/infwarerr.sty
Package: infwarerr 2019/12/03 v1.5 Providing info/warning/error messages (HO)
) (/nix/store/rn940m7hdyfzsbyvj68k96f0ipyf1xpf-texlive-2025-r78234-final-env-texmfdist/tex/generic/ltxcmds/ltxcmds.sty
Package: ltxcmds 2023-12-04 v1.26 LaTeX kernel commands for general use (HO)
)
Package pdftexcmds Info: \pdf@primitive is available.
Package pdftexcmds Info: \pdf@ifprimitive is available.
Package pdftexcmds Info: \pdfdraftmode found.
) (/nix/store/rn940m7hdyfzsbyvj68k96f0ipyf1xpf-texlive-2025-r78234-final-env-texmfdist/tex/latex/kvoptions/kvoptions.sty
Package: kvoptions 2022-06-15 v3.15 Key value format for package options (HO)
 (/nix/store/rn940m7hdyfzsbyvj68k96f0ipyf1xpf-texlive-2025-r78234-final-env-texmfdist/tex/latex/kvsetkeys/kvsetkeys.sty
Package: kvsetkeys 2022-10-05 v1.19 Key value parser (HO)
)) (/nix/store/rn940m7hdyfzsbyvj68k96f0ipyf1xpf-texlive-2025-r78234-final-env-texmfdist/tex/latex/logreq/logreq.sty
Package: logreq 2010/08/04 v1.0 xml request logger
\lrq@indent=\count308
 (/nix/store/rn940m7hdyfzsbyvj68k96f0ipyf1xpf-texlive-2025-r78234-final-env-texmfdist/tex/latex/logreq/logreq.def
File: logreq.def 2010/08/04 v1.0 logreq spec v1.0
)) (/nix/store/rn940m7hdyfzsbyvj68k96f0ipyf1xpf-texlive-2025-r78234-final-env-texmfdist/tex/latex/base/ifthen.sty
Package: ifthen 2024/03/16 v1.1e Standard LaTeX ifthen package (DPC)
) (/nix/store/rn940m7hdyfzsbyvj68k96f0ipyf1xpf-texlive-2025-r78234-final-env-texmfdist/tex/latex/url/url.sty
\Urlmuskip=\muskip17
Package: url 2013/09/16  ver 3.4  Verb mode for urls, etc.
)
\c@tabx@nest=\count309
\c@listtotal=\count310
\c@listcount=\count311
\c@liststart=\count312
\c@liststop=\count313
\c@citecount=\count314
\c@citetotal=\count315
\c@multicitecount=\count316
\c@multicitetotal=\count317
\c@instcount=\count318
\c@maxnames=\count319
\c@minnames=\count320
\c@maxitems=\count321
\c@minitems=\count322
\c@citecounter=\count323
\c@maxcitecounter=\count324
\c@savedcitecounter=\count325
\c@uniquelist=\count326
\c@uniquename=\count327
\c@refsection=\count328
\c@refsegment=\count329
\c@maxextratitle=\count330
\c@maxextratitleyear=\count331
\c@maxextraname=\count332
\c@maxextradate=\count333
\c@maxextraalpha=\count334
\c@abbrvpenalty=\count335
\c@highnamepenalty=\count336
\c@lownamepenalty=\count337
\c@maxparens=\count338
\c@parenlevel=\count339
\blx@tempcnta=\count340
\blx@tempcntb=\count341
\blx@tempcntc=\count342
\c@blx@maxsection=\count343
\blx@maxsegment@0=\count344
\blx@notetype=\count345
\blx@parenlevel@text=\count346
\blx@parenlevel@foot=\count347
\blx@sectionciteorder@0=\count348
\blx@sectionciteorderinternal@0=\count349
\blx@entrysetcounter=\count350
\blx@biblioinstance=\count351
\labelnumberwidth=\skip75
\labelalphawidth=\skip76
\biblabelsep=\skip77
\bibitemsep=\skip78
\bibnamesep=\skip79
\bibinitsep=\skip80
\bibparsep=\skip81
\bibhang=\skip82
\blx@bcfin=\read3
\blx@bcfout=\write3
\blx@langwohyphens=\language91
\c@mincomprange=\count352
\c@maxcomprange=\count353
\c@mincompwidth=\count354
Package biblatex Info: Trying to load biblatex default data model...
Package biblatex Info: ... file 'blx-dm.def' found.
 (/nix/store/rn940m7hdyfzsbyvj68k96f0ipyf1xpf-texlive-2025-r78234-final-env-texmfdist/tex/latex/biblatex/blx-dm.def
File: blx-dm.def 2025/07/10 v3.21 biblatex datamodel (PK/MW)
)
Package biblatex Info: Trying to load biblatex citestyle data model...
Package biblatex Info: ... file 'numeric.dbx' not found.
Package biblatex Info: Trying to load biblatex custom data model...
Package biblatex Info: ... file 'biblatex-dm.cfg' not found.
\c@afterword=\count355
\c@savedafterword=\count356
\c@annotator=\count357
\c@savedannotator=\count358
\c@author=\count359
\c@savedauthor=\count360
\c@bookauthor=\count361
\c@savedbookauthor=\count362
\c@commentator=\count363
\c@savedcommentator=\count364
\c@editor=\count365
\c@savededitor=\count366
\c@editora=\count367
\c@savededitora=\count368
\c@editorb=\count369
\c@savededitorb=\count370
\c@editorc=\count371
\c@savededitorc=\count372
\c@foreword=\count373
\c@savedforeword=\count374
\c@holder=\count375
\c@savedholder=\count376
\c@introduction=\count377
\c@savedintroduction=\count378
\c@namea=\count379
\c@savednamea=\count380
\c@nameb=\count381
\c@savednameb=\count382
\c@namec=\count383
\c@savednamec=\count384
\c@translator=\count385
\c@savedtranslator=\count386
\c@shortauthor=\count387
\c@savedshortauthor=\count388
\c@shorteditor=\count389
\c@savedshorteditor=\count390
\c@labelname=\count391
\c@savedlabelname=\count392
\c@institution=\count393
\c@savedinstitution=\count394
\c@lista=\count395
\c@savedlista=\count396
\c@listb=\count397
\c@savedlistb=\count398
\c@listc=\count399
\c@savedlistc=\count400
\c@listd=\count401
\c@savedlistd=\count402
\c@liste=\count403
\c@savedliste=\count404
\c@listf=\count405
\c@savedlistf=\count406
\c@location=\count407
\c@savedlocation=\count408
\c@organization=\count409
\c@savedorganization=\count410
\c@origlocation=\count411
\c@savedoriglocation=\count412
\c@origpublisher=\count413
\c@savedorigpublisher=\count414
\c@publisher=\count415
\c@savedpublisher=\count416
\c@language=\count417
\c@savedlanguage=\count418
\c@origlanguage=\count419
\c@savedoriglanguage=\count420
\c@pageref=\count421
\c@savedpageref=\count422
\shorthandwidth=\skip83
\shortjournalwidth=\skip84
\shortserieswidth=\skip85
\shorttitlewidth=\skip86
\shortauthorwidth=\skip87
\shorteditorwidth=\skip88
\locallabelnumberwidth=\skip89
\locallabelalphawidth=\skip90
\localshorthandwidth=\skip91
\localshortjournalwidth=\skip92
\localshortserieswidth=\skip93
\localshorttitlewidth=\skip94
\localshortauthorwidth=\skip95
\localshorteditorwidth=\skip96
Package biblatex Info: Trying to load compatibility code...
Package biblatex Info: ... file 'blx-compat.def' found.
 (/nix/store/rn940m7hdyfzsbyvj68k96f0ipyf1xpf-texlive-2025-r78234-final-env-texmfdist/tex/latex/biblatex/blx-compat.def
File: blx-compat.def 2025/07/10 v3.21 biblatex compatibility (PK/MW)
)
Package biblatex Info: Trying to load generic definitions...
Package biblatex Info: ... file 'biblatex.def' found.
 (/nix/store/rn940m7hdyfzsbyvj68k96f0ipyf1xpf-texlive-2025-r78234-final-env-texmfdist/tex/latex/biblatex/biblatex.def
File: biblatex.def 2025/07/10 v3.21 biblatex compatibility (PK/MW)
\c@textcitecount=\count423
\c@textcitetotal=\count424
\c@textcitemaxnames=\count425
\c@biburlbigbreakpenalty=\count426
\c@biburlbreakpenalty=\count427
\c@biburlnumpenalty=\count428
\c@biburlucpenalty=\count429
\c@biburllcpenalty=\count430
\biburlbigskip=\muskip18
\biburlnumskip=\muskip19
\biburlucskip=\muskip20
\biburllcskip=\muskip21
\c@smartand=\count431
)
Package biblatex Info: Trying to load bibliography style 'numeric'...
Package biblatex Info: ... file 'numeric.bbx' found.
 (/nix/store/rn940m7hdyfzsbyvj68k96f0ipyf1xpf-texlive-2025-r78234-final-env-texmfdist/tex/latex/biblatex/bbx/numeric.bbx
File: numeric.bbx 2025/07/10 v3.21 biblatex bibliography style (PK/MW)
Package biblatex Info: Trying to load bibliography style 'standard'...
Package biblatex Info: ... file 'standard.bbx' found.
 (/nix/store/rn940m7hdyfzsbyvj68k96f0ipyf1xpf-texlive-2025-r78234-final-env-texmfdist/tex/latex/biblatex/bbx/standard.bbx
File: standard.bbx 2025/07/10 v3.21 biblatex bibliography style (PK/MW)
\c@bbx:relatedcount=\count432
\c@bbx:relatedtotal=\count433
))
Package biblatex Info: Trying to load citation style 'numeric'...
Package biblatex Info: ... file 'numeric.cbx' found.
 (/nix/store/rn940m7hdyfzsbyvj68k96f0ipyf1xpf-texlive-2025-r78234-final-env-texmfdist/tex/latex/biblatex/cbx/numeric.cbx
File: numeric.cbx 2025/07/10 v3.21 biblatex citation style (PK/MW)
Package biblatex Info: Redefining '\cite'.
Package biblatex Info: Redefining '\parencite'.
Package biblatex Info: Redefining '\footcite'.
Package biblatex Info: Redefining '\footcitetext'.
Package biblatex Info: Redefining '\smartcite'.
Package biblatex Info: Redefining '\supercite'.
Package biblatex Info: Redefining '\textcite'.
Package biblatex Info: Redefining '\textcites'.
Package biblatex Info: Redefining '\cites'.
Package biblatex Info: Redefining '\parencites'.
Package biblatex Info: Redefining '\smartcites'.
)
Package biblatex Info: Trying to load configuration file...
Package biblatex Info: ... file 'biblatex.cfg' found.

(/nix/store/rn940m7hdyfzsbyvj68k96f0ipyf1xpf-texlive-2025-r78234-final-env-texmfdist/tex/latex/biblatex/biblatex.cfg
File: biblatex.cfg 
)
Package biblatex Info: Input encoding 'utf8' detected.
Package biblatex Info: Document encoding is UTF8 ....
 (/nix/store/rn940m7hdyfzsbyvj68k96f0ipyf1xpf-texlive-2025-r78234-final-env-texmfdist/tex/latex/l3kernel/expl3.sty
Package: expl3 2026-01-19 L3 programming layer (loader) 
 (/nix/store/rn940m7hdyfzsbyvj68k96f0ipyf1xpf-texlive-2025-r78234-final-env-texmfdist/tex/latex/l3backend/l3backend-pdftex.def
File: l3backend-pdftex.def 2025-10-09 L3 backend support: PDF output (pdfTeX)
\l__color_backend_stack_int=\count434
))
Package biblatex Info: ... and expl3
(biblatex)             2026-01-19 L3 programming layer (loader) 
(biblatex)             is new enough (at least 2020/04/06),
(biblatex)             setting 'casechanger=expl3'.
 (/nix/store/rn940m7hdyfzsbyvj68k96f0ipyf1xpf-texlive-2025-r78234-final-env-texmfdist/tex/latex/biblatex/blx-case-expl3.sty (/nix/store/rn940m7hdyfzsbyvj68k96f0ipyf1xpf-texlive-2025-r78234-final-env-texmfdist/tex/latex/l3packages/xparse/xparse.sty
Package: xparse 2025-10-09 L3 Experimental document command parser
)
Package: blx-case-expl3 2025/07/10 v3.21 expl3 case changing code for biblatex
)) (/nix/store/rn940m7hdyfzsbyvj68k96f0ipyf1xpf-texlive-2025-r78234-final-env-texmfdist/tex/latex/base/makeidx.sty
Package: makeidx 2021/10/04 v1.0m Standard LaTeX package
)
\@indexfile=\write4
\openout4 = `main.idx'.


Writing index file main.idx
(/nix/store/rn940m7hdyfzsbyvj68k96f0ipyf1xpf-texlive-2025-r78234-final-env-texmfdist/tex/latex/booktabs/booktabs.sty
Package: booktabs 2020/01/12 v1.61803398 Publication quality tables
\heavyrulewidth=\dimen171
\lightrulewidth=\dimen172
\cmidrulewidth=\dimen173
\belowrulesep=\dimen174
\belowbottomsep=\dimen175
\aboverulesep=\dimen176
\abovetopsep=\dimen177
\cmidrulesep=\dimen178
\cmidrulekern=\dimen179
\defaultaddspace=\dimen180
\@cmidla=\count435
\@cmidlb=\count436
\@aboverulesep=\dimen181
\@belowrulesep=\dimen182
\@thisruleclass=\count437
\@lastruleclass=\count438
\@thisrulewidth=\dimen183
) (/nix/store/rn940m7hdyfzsbyvj68k96f0ipyf1xpf-texlive-2025-r78234-final-env-texmfdist/tex/latex/enumitem/enumitem.sty
Package: enumitem 2025/02/06 v3.11 Customized lists
\labelindent=\skip97
\enit@outerparindent=\dimen184
\enit@toks=\toks27
\enit@inbox=\box59
\enit@count@id=\count439
\enitdp@description=\count440
) (/nix/store/rn940m7hdyfzsbyvj68k96f0ipyf1xpf-texlive-2025-r78234-final-env-texmfdist/tex/latex/hyperref/hyperref.sty
Package: hyperref 2026-01-29 v7.01p Hypertext links for LaTeX
 (/nix/store/rn940m7hdyfzsbyvj68k96f0ipyf1xpf-texlive-2025-r78234-final-env-texmfdist/tex/generic/kvdefinekeys/kvdefinekeys.sty
Package: kvdefinekeys 2019-12-19 v1.6 Define keys (HO)
) (/nix/store/rn940m7hdyfzsbyvj68k96f0ipyf1xpf-texlive-2025-r78234-final-env-texmfdist/tex/generic/pdfescape/pdfescape.sty
Package: pdfescape 2019/12/09 v1.15 Implements pdfTeX's escape features (HO)
) (/nix/store/rn940m7hdyfzsbyvj68k96f0ipyf1xpf-texlive-2025-r78234-final-env-texmfdist/tex/latex/hycolor/hycolor.sty
Package: hycolor 2020-01-27 v1.10 Color options for hyperref/bookmark (HO)
) (/nix/store/rn940m7hdyfzsbyvj68k96f0ipyf1xpf-texlive-2025-r78234-final-env-texmfdist/tex/latex/hyperref/nameref.sty
Package: nameref 2026-01-29 v2.58 Cross-referencing by name of section
 (/nix/store/rn940m7hdyfzsbyvj68k96f0ipyf1xpf-texlive-2025-r78234-final-env-texmfdist/tex/latex/refcount/refcount.sty
Package: refcount 2019/12/15 v3.6 Data extraction from label references (HO)
) (/nix/store/rn940m7hdyfzsbyvj68k96f0ipyf1xpf-texlive-2025-r78234-final-env-texmfdist/tex/generic/gettitlestring/gettitlestring.sty
Package: gettitlestring 2019/12/15 v1.6 Cleanup title references (HO)
)
\c@section@level=\count441
) (/nix/store/rn940m7hdyfzsbyvj68k96f0ipyf1xpf-texlive-2025-r78234-final-env-texmfdist/tex/generic/stringenc/stringenc.sty
Package: stringenc 2019/11/29 v1.12 Convert strings between diff. encodings (HO)
)
\@linkdim=\dimen185
\Hy@linkcounter=\count442
\Hy@pagecounter=\count443
 (/nix/store/rn940m7hdyfzsbyvj68k96f0ipyf1xpf-texlive-2025-r78234-final-env-texmfdist/tex/latex/hyperref/pd1enc.def
File: pd1enc.def 2026-01-29 v7.01p Hyperref: PDFDocEncoding definition (HO)
Now handling font encoding PD1 ...
... no UTF-8 mapping file for font encoding PD1
) (/nix/store/rn940m7hdyfzsbyvj68k96f0ipyf1xpf-texlive-2025-r78234-final-env-texmfdist/tex/generic/intcalc/intcalc.sty
Package: intcalc 2019/12/15 v1.3 Expandable calculations with integers (HO)
)
\Hy@SavedSpaceFactor=\count444
 (/nix/store/rn940m7hdyfzsbyvj68k96f0ipyf1xpf-texlive-2025-r78234-final-env-texmfdist/tex/latex/hyperref/puenc.def
File: puenc.def 2026-01-29 v7.01p Hyperref: PDF Unicode definition (HO)
Now handling font encoding PU ...
... no UTF-8 mapping file for font encoding PU
 (/nix/store/rn940m7hdyfzsbyvj68k96f0ipyf1xpf-texlive-2025-r78234-final-env-texmfdist/tex/latex/greek-fontenc/puenc-greek.def
File: puenc-greek.def 2023-09-12 2.5 Greek LICRs for PDF strings
 (/nix/store/rn940m7hdyfzsbyvj68k96f0ipyf1xpf-texlive-2025-r78234-final-env-texmfdist/tex/latex/greek-fontenc/greek-fontenc.def
File: greek-fontenc.def 2023-09-12 2.5 Common Greek font encoding definitions
)
LaTeX Encoding Info:    Redeclaring text command \textmu (encoding PU) on input line 179.
)
LaTeX Encoding Info:    Redeclaring text command \textohm (encoding PU) on input line 1176.
)
Package hyperref Info: Hyper figures OFF on input line 4201.
Package hyperref Info: Link nesting OFF on input line 4206.
Package hyperref Info: Hyper index ON on input line 4209.
Package hyperref Info: Plain pages OFF on input line 4216.
Package hyperref Info: Backreferencing OFF on input line 4221.
Package hyperref Info: Implicit mode ON; LaTeX internals redefined.
Package hyperref Info: Bookmarks ON on input line 4468.
\c@Hy@tempcnt=\count445
LaTeX Info: Redefining \url on input line 4807.
\XeTeXLinkMargin=\dimen186
 (/nix/store/rn940m7hdyfzsbyvj68k96f0ipyf1xpf-texlive-2025-r78234-final-env-texmfdist/tex/generic/bitset/bitset.sty
Package: bitset 2019/12/09 v1.3 Handle bit-vector datatype (HO)

(/nix/store/rn940m7hdyfzsbyvj68k96f0ipyf1xpf-texlive-2025-r78234-final-env-texmfdist/tex/generic/bigintcalc/bigintcalc.sty
Package: bigintcalc 2019/12/15 v1.5 Expandable calculations on big integers (HO)
))
\Fld@menulength=\count446
\Field@Width=\dimen187
\Fld@charsize=\dimen188
Package hyperref Info: Hyper figures OFF on input line 6084.
Package hyperref Info: Link nesting OFF on input line 6089.
Package hyperref Info: Hyper index ON on input line 6092.
Package hyperref Info: backreferencing OFF on input line 6099.
Package hyperref Info: Link coloring OFF on input line 6104.
Package hyperref Info: Link coloring with OCG OFF on input line 6109.
Package hyperref Info: PDF/A mode OFF on input line 6114.
\Hy@abspage=\count447
\c@Item=\count448
\c@Hfootnote=\count449
)
Package hyperref Info: Driver (autodetected): hpdftex.
 (/nix/store/rn940m7hdyfzsbyvj68k96f0ipyf1xpf-texlive-2025-r78234-final-env-texmfdist/tex/latex/hyperref/hpdftex.def
File: hpdftex.def 2026-01-29 v7.01p Hyperref driver for pdfTeX
\Fld@listcount=\count450
\c@bookmark@seq@number=\count451
 (/nix/store/rn940m7hdyfzsbyvj68k96f0ipyf1xpf-texlive-2025-r78234-final-env-texmfdist/tex/latex/rerunfilecheck/rerunfilecheck.sty
Package: rerunfilecheck 2025-06-21 v1.11 Rerun checks for auxiliary files (HO)
 (/nix/store/rn940m7hdyfzsbyvj68k96f0ipyf1xpf-texlive-2025-r78234-final-env-texmfdist/tex/generic/uniquecounter/uniquecounter.sty
Package: uniquecounter 2019/12/15 v1.4 Provide unlimited unique counter (HO)
)
Package uniquecounter Info: New unique counter `rerunfilecheck' on input line 284.
)
\Hy@SectionHShift=\skip98
)
Package hyperref Info: Option `colorlinks' set `true' on input line 605.


Package hyperref Warning: Option `hyperindex' has already been used,
(hyperref)                setting the option has no effect on input line 605.

(/nix/store/rn940m7hdyfzsbyvj68k96f0ipyf1xpf-texlive-2025-r78234-final-env-texmfdist/tex/latex/bookmark/bookmark.sty
Package: bookmark 2023-12-10 v1.31 PDF bookmarks (HO)
 (/nix/store/rn940m7hdyfzsbyvj68k96f0ipyf1xpf-texlive-2025-r78234-final-env-texmfdist/tex/latex/bookmark/bkm-pdftex.def
File: bkm-pdftex.def 2023-12-10 v1.31 bookmark driver for pdfTeX and luaTeX (HO)
\BKM@id=\count452
)) (/nix/store/rn940m7hdyfzsbyvj68k96f0ipyf1xpf-texlive-2025-r78234-final-env-texmfdist/tex/latex/amsmath/amsmath.sty
Package: amsmath 2025/07/09 v2.17z AMS math features
\@mathmargin=\skip99

For additional information on amsmath, use the `?' option.
(/nix/store/rn940m7hdyfzsbyvj68k96f0ipyf1xpf-texlive-2025-r78234-final-env-texmfdist/tex/latex/amsmath/amstext.sty
Package: amstext 2024/11/17 v2.01 AMS text
 (/nix/store/rn940m7hdyfzsbyvj68k96f0ipyf1xpf-texlive-2025-r78234-final-env-texmfdist/tex/latex/amsmath/amsgen.sty
File: amsgen.sty 1999/11/30 v2.0 generic functions
\@emptytoks=\toks28
\ex@=\dimen189
)) (/nix/store/rn940m7hdyfzsbyvj68k96f0ipyf1xpf-texlive-2025-r78234-final-env-texmfdist/tex/latex/amsmath/amsbsy.sty
Package: amsbsy 1999/11/29 v1.2d Bold Symbols
\pmbraise@=\dimen190
) (/nix/store/rn940m7hdyfzsbyvj68k96f0ipyf1xpf-texlive-2025-r78234-final-env-texmfdist/tex/latex/amsmath/amsopn.sty
Package: amsopn 2022/04/08 v2.04 operator names
)
\inf@bad=\count453
LaTeX Info: Redefining \frac on input line 233.
\uproot@=\count454
\leftroot@=\count455
LaTeX Info: Redefining \overline on input line 398.
LaTeX Info: Redefining \colon on input line 409.
\classnum@=\count456
\DOTSCASE@=\count457
LaTeX Info: Redefining \ldots on input line 495.
LaTeX Info: Redefining \dots on input line 498.
LaTeX Info: Redefining \cdots on input line 619.
\Mathstrutbox@=\box60
\strutbox@=\box61
LaTeX Info: Redefining \big on input line 721.
LaTeX Info: Redefining \Big on input line 722.
LaTeX Info: Redefining \bigg on input line 723.
LaTeX Info: Redefining \Bigg on input line 724.
\big@size=\dimen191
LaTeX Font Info:    Redeclaring font encoding OML on input line 742.
LaTeX Font Info:    Redeclaring font encoding OMS on input line 743.
\macc@depth=\count458
LaTeX Info: Redefining \bmod on input line 904.
LaTeX Info: Redefining \pmod on input line 909.
LaTeX Info: Redefining \smash on input line 939.
LaTeX Info: Redefining \relbar on input line 969.
LaTeX Info: Redefining \Relbar on input line 970.
\c@MaxMatrixCols=\count459
\dotsspace@=\muskip22
\c@parentequation=\count460
\dspbrk@lvl=\count461
\tag@help=\toks29
\row@=\count462
\column@=\count463
\maxfields@=\count464
\andhelp@=\toks30
\eqnshift@=\dimen192
\alignsep@=\dimen193
\tagshift@=\dimen194
\tagwidth@=\dimen195
\totwidth@=\dimen196
\lineht@=\dimen197
\@envbody=\toks31
\multlinegap=\skip100
\multlinetaggap=\skip101
\mathdisplay@stack=\toks32
LaTeX Info: Redefining \[ on input line 2950.
LaTeX Info: Redefining \] on input line 2951.
) (/nix/store/rn940m7hdyfzsbyvj68k96f0ipyf1xpf-texlive-2025-r78234-final-env-texmfdist/tex/latex/amsfonts/amsfonts.sty
Package: amsfonts 2013/01/14 v3.01 Basic AMSFonts support
\symAMSa=\mathgroup6
\symAMSb=\mathgroup7
LaTeX Font Info:    Overwriting math alphabet `\mathfrak' in version `bold'
(Font)                  U/euf/m/n --> U/euf/b/n on input line 106.
) (/nix/store/rn940m7hdyfzsbyvj68k96f0ipyf1xpf-texlive-2025-r78234-final-env-texmfdist/tex/latex/amsfonts/amssymb.sty
Package: amssymb 2013/01/14 v3.01 AMS font symbols
) (/nix/store/rn940m7hdyfzsbyvj68k96f0ipyf1xpf-texlive-2025-r78234-final-env-texmfdist/tex/latex/amscls/amsthm.sty
Package: amsthm 2020/05/29 v2.20.6
\thm@style=\toks33
\thm@bodyfont=\toks34
\thm@headfont=\toks35
\thm@notefont=\toks36
\thm@headpunct=\toks37
\thm@preskip=\skip102
\thm@postskip=\skip103
\thm@headsep=\skip104
\dth@everypar=\toks38
)
\c@proposition=\count465
\c@theoremeT=\count466
\c@problem=\count467
\c@exerciseT=\count468
\c@exampleT=\count469
\c@parableT=\count470
\c@notation=\count471
\c@vocabulary=\count472
\c@definitionT=\count473
\c@corollaryT=\count474
 (/nix/store/rn940m7hdyfzsbyvj68k96f0ipyf1xpf-texlive-2025-r78234-final-env-texmfdist/tex/latex/mdframed/mdframed.sty
Package: mdframed 2013/07/01 1.9b: mdframed
 (/nix/store/rn940m7hdyfzsbyvj68k96f0ipyf1xpf-texlive-2025-r78234-final-env-texmfdist/tex/latex/zref/zref-abspage.sty
Package: zref-abspage 2025-06-08 v2.36 Module abspage for zref (HO)
 (/nix/store/rn940m7hdyfzsbyvj68k96f0ipyf1xpf-texlive-2025-r78234-final-env-texmfdist/tex/latex/zref/zref-base.sty
Package: zref-base 2025-06-08 v2.36 Module base for zref (HO)
 (/nix/store/rn940m7hdyfzsbyvj68k96f0ipyf1xpf-texlive-2025-r78234-final-env-texmfdist/tex/generic/etexcmds/etexcmds.sty
Package: etexcmds 2019/12/15 v1.7 Avoid name clashes with e-TeX commands (HO)
) (/nix/store/rn940m7hdyfzsbyvj68k96f0ipyf1xpf-texlive-2025-r78234-final-env-texmfdist/tex/latex/auxhook/auxhook.sty
Package: auxhook 2019-12-17 v1.6 Hooks for auxiliary files (HO)
)
Package zref Info: New property list: main on input line 767.
Package zref Info: New property: default on input line 768.
Package zref Info: New property: page on input line 769.
)
\c@abspage=\count475
Package zref Info: New property: abspage on input line 67.
) (/nix/store/rn940m7hdyfzsbyvj68k96f0ipyf1xpf-texlive-2025-r78234-final-env-texmfdist/tex/latex/needspace/needspace.sty
Package: needspace 2025/03/13 v1.3e reserve vertical space
)
\mdf@templength=\skip105
\c@mdf@globalstyle@cnt=\count476
\mdf@skipabove@length=\skip106
\mdf@skipbelow@length=\skip107
\mdf@leftmargin@length=\skip108
\mdf@rightmargin@length=\skip109
\mdf@innerleftmargin@length=\skip110
\mdf@innerrightmargin@length=\skip111
\mdf@innertopmargin@length=\skip112
\mdf@innerbottommargin@length=\skip113
\mdf@splittopskip@length=\skip114
\mdf@splitbottomskip@length=\skip115
\mdf@outermargin@length=\skip116
\mdf@innermargin@length=\skip117
\mdf@linewidth@length=\skip118
\mdf@innerlinewidth@length=\skip119
\mdf@middlelinewidth@length=\skip120
\mdf@outerlinewidth@length=\skip121
\mdf@roundcorner@length=\skip122
\mdf@footenotedistance@length=\skip123
\mdf@userdefinedwidth@length=\skip124
\mdf@needspace@length=\skip125
\mdf@frametitleaboveskip@length=\skip126
\mdf@frametitlebelowskip@length=\skip127
\mdf@frametitlerulewidth@length=\skip128
\mdf@frametitleleftmargin@length=\skip129
\mdf@frametitlerightmargin@length=\skip130
\mdf@shadowsize@length=\skip131
\mdf@extratopheight@length=\skip132
\mdf@subtitleabovelinewidth@length=\skip133
\mdf@subtitlebelowlinewidth@length=\skip134
\mdf@subtitleaboveskip@length=\skip135
\mdf@subtitlebelowskip@length=\skip136
\mdf@subtitleinneraboveskip@length=\skip137
\mdf@subtitleinnerbelowskip@length=\skip138
\mdf@subsubtitleabovelinewidth@length=\skip139
\mdf@subsubtitlebelowlinewidth@length=\skip140
\mdf@subsubtitleaboveskip@length=\skip141
\mdf@subsubtitlebelowskip@length=\skip142
\mdf@subsubtitleinneraboveskip@length=\skip143
\mdf@subsubtitleinnerbelowskip@length=\skip144
 (/nix/store/rn940m7hdyfzsbyvj68k96f0ipyf1xpf-texlive-2025-r78234-final-env-texmfdist/tex/latex/mdframed/md-frame-0.mdf
File: md-frame-0.mdf 2013/07/01\ 1.9b: md-frame-0
)
\mdf@frametitlebox=\box62
\mdf@footnotebox=\box63
\mdf@splitbox@one=\box64
\mdf@splitbox@two=\box65
\mdf@splitbox@save=\box66
\mdfsplitboxwidth=\skip145
\mdfsplitboxtotalwidth=\skip146
\mdfsplitboxheight=\skip147
\mdfsplitboxdepth=\skip148
\mdfsplitboxtotalheight=\skip149
\mdfframetitleboxwidth=\skip150
\mdfframetitleboxtotalwidth=\skip151
\mdfframetitleboxheight=\skip152
\mdfframetitleboxdepth=\skip153
\mdfframetitleboxtotalheight=\skip154
\mdffootnoteboxwidth=\skip155
\mdffootnoteboxtotalwidth=\skip156
\mdffootnoteboxheight=\skip157
\mdffootnoteboxdepth=\skip158
\mdffootnoteboxtotalheight=\skip159
\mdftotallinewidth=\skip160
\mdfboundingboxwidth=\skip161
\mdfboundingboxtotalwidth=\skip162
\mdfboundingboxheight=\skip163
\mdfboundingboxdepth=\skip164
\mdfboundingboxtotalheight=\skip165
\mdf@freevspace@length=\skip166
\mdf@horizontalwidthofbox@length=\skip167
\mdf@verticalmarginwhole@length=\skip168
\mdf@horizontalspaceofbox=\skip169
\mdfsubtitleheight=\skip170
\mdfsubsubtitleheight=\skip171
\c@mdfcountframes=\count477

****** mdframed patching \endmdf@trivlist

****** -- success******

\mdf@envdepth=\count478
\c@mdf@env@i=\count479
\c@mdf@env@ii=\count480
\c@mdf@zref@counter=\count481
Package zref Info: New property: mdf@pagevalue on input line 895.
) (/nix/store/rn940m7hdyfzsbyvj68k96f0ipyf1xpf-texlive-2025-r78234-final-env-texmfdist/tex/latex/pgf/frontendlayer/tikz.sty (/nix/store/rn940m7hdyfzsbyvj68k96f0ipyf1xpf-texlive-2025-r78234-final-env-texmfdist/tex/latex/pgf/basiclayer/pgf.sty (/nix/store/rn940m7hdyfzsbyvj68k96f0ipyf1xpf-texlive-2025-r78234-final-env-texmfdist/tex/latex/pgf/utilities/pgfrcs.sty
(/nix/store/rn940m7hdyfzsbyvj68k96f0ipyf1xpf-texlive-2025-r78234-final-env-texmfdist/tex/generic/pgf/utilities/pgfutil-common.tex
\pgfutil@everybye=\toks39
\pgfutil@tempdima=\dimen198
\pgfutil@tempdimb=\dimen199
) (/nix/store/rn940m7hdyfzsbyvj68k96f0ipyf1xpf-texlive-2025-r78234-final-env-texmfdist/tex/generic/pgf/utilities/pgfutil-latex.def
\pgfutil@abb=\box67
) (/nix/store/rn940m7hdyfzsbyvj68k96f0ipyf1xpf-texlive-2025-r78234-final-env-texmfdist/tex/generic/pgf/utilities/pgfrcs.code.tex (/nix/store/rn940m7hdyfzsbyvj68k96f0ipyf1xpf-texlive-2025-r78234-final-env-texmfdist/tex/generic/pgf/pgf.revision.tex)
Package: pgfrcs 2025-08-29 v3.1.11a (3.1.11a)
))
Package: pgf 2025-08-29 v3.1.11a (3.1.11a)
 (/nix/store/rn940m7hdyfzsbyvj68k96f0ipyf1xpf-texlive-2025-r78234-final-env-texmfdist/tex/latex/pgf/basiclayer/pgfcore.sty (/nix/store/rn940m7hdyfzsbyvj68k96f0ipyf1xpf-texlive-2025-r78234-final-env-texmfdist/tex/latex/pgf/systemlayer/pgfsys.sty (/nix/store/rn940m7hdyfzsbyvj68k96f0ipyf1xpf-texlive-2025-r78234-final-env-texmfdist/tex/generic/pgf/systemlayer/pgfsys.code.tex
Package: pgfsys 2025-08-29 v3.1.11a (3.1.11a)
 (/nix/store/rn940m7hdyfzsbyvj68k96f0ipyf1xpf-texlive-2025-r78234-final-env-texmfdist/tex/generic/pgf/utilities/pgfkeys.code.tex
\pgfkeys@pathtoks=\toks40
\pgfkeys@temptoks=\toks41
 (/nix/store/rn940m7hdyfzsbyvj68k96f0ipyf1xpf-texlive-2025-r78234-final-env-texmfdist/tex/generic/pgf/utilities/pgfkeyslibraryfiltered.code.tex
\pgfkeys@tmptoks=\toks42
))
\pgf@x=\dimen256
\pgf@y=\dimen257
\pgf@xa=\dimen258
\pgf@ya=\dimen259
\pgf@xb=\dimen260
\pgf@yb=\dimen261
\pgf@xc=\dimen262
\pgf@yc=\dimen263
\pgf@xd=\dimen264
\pgf@yd=\dimen265
\w@pgf@writea=\write5
\r@pgf@reada=\read4
\c@pgf@counta=\count482
\c@pgf@countb=\count483
\c@pgf@countc=\count484
\c@pgf@countd=\count485
\t@pgf@toka=\toks43
\t@pgf@tokb=\toks44
\t@pgf@tokc=\toks45
\pgf@sys@id@count=\count486
 (/nix/store/rn940m7hdyfzsbyvj68k96f0ipyf1xpf-texlive-2025-r78234-final-env-texmfdist/tex/generic/pgf/systemlayer/pgf.cfg
File: pgf.cfg 2025-08-29 v3.1.11a (3.1.11a)
)
Driver file for pgf: pgfsys-pdftex.def
 (/nix/store/rn940m7hdyfzsbyvj68k96f0ipyf1xpf-texlive-2025-r78234-final-env-texmfdist/tex/generic/pgf/systemlayer/pgfsys-pdftex.def
File: pgfsys-pdftex.def 2025-08-29 v3.1.11a (3.1.11a)
 (/nix/store/rn940m7hdyfzsbyvj68k96f0ipyf1xpf-texlive-2025-r78234-final-env-texmfdist/tex/generic/pgf/systemlayer/pgfsys-common-pdf.def
File: pgfsys-common-pdf.def 2025-08-29 v3.1.11a (3.1.11a)
))) (/nix/store/rn940m7hdyfzsbyvj68k96f0ipyf1xpf-texlive-2025-r78234-final-env-texmfdist/tex/generic/pgf/systemlayer/pgfsyssoftpath.code.tex
File: pgfsyssoftpath.code.tex 2025-08-29 v3.1.11a (3.1.11a)
\pgfsyssoftpath@smallbuffer@items=\count487
\pgfsyssoftpath@bigbuffer@items=\count488
) (/nix/store/rn940m7hdyfzsbyvj68k96f0ipyf1xpf-texlive-2025-r78234-final-env-texmfdist/tex/generic/pgf/systemlayer/pgfsysprotocol.code.tex
File: pgfsysprotocol.code.tex 2025-08-29 v3.1.11a (3.1.11a)
)) (/nix/store/rn940m7hdyfzsbyvj68k96f0ipyf1xpf-texlive-2025-r78234-final-env-texmfdist/tex/generic/pgf/basiclayer/pgfcore.code.tex
Package: pgfcore 2025-08-29 v3.1.11a (3.1.11a)

(/nix/store/rn940m7hdyfzsbyvj68k96f0ipyf1xpf-texlive-2025-r78234-final-env-texmfdist/tex/generic/pgf/math/pgfmath.code.tex (/nix/store/rn940m7hdyfzsbyvj68k96f0ipyf1xpf-texlive-2025-r78234-final-env-texmfdist/tex/generic/pgf/math/pgfmathutil.code.tex) (/nix/store/rn940m7hdyfzsbyvj68k96f0ipyf1xpf-texlive-2025-r78234-final-env-texmfdist/tex/generic/pgf/math/pgfmathparser.code.tex
\pgfmath@dimen=\dimen266
\pgfmath@count=\count489
\pgfmath@box=\box68
\pgfmath@toks=\toks46
\pgfmath@stack@operand=\toks47
\pgfmath@stack@operation=\toks48
) (/nix/store/rn940m7hdyfzsbyvj68k96f0ipyf1xpf-texlive-2025-r78234-final-env-texmfdist/tex/generic/pgf/math/pgfmathfunctions.code.tex) (/nix/store/rn940m7hdyfzsbyvj68k96f0ipyf1xpf-texlive-2025-r78234-final-env-texmfdist/tex/generic/pgf/math/pgfmathfunctions.basic.code.tex) (/nix/store/rn940m7hdyfzsbyvj68k96f0ipyf1xpf-texlive-2025-r78234-final-env-texmfdist/tex/generic/pgf/math/pgfmathfunctions.trigonometric.code.tex) (/nix/store/rn940m7hdyfzsbyvj68k96f0ipyf1xpf-texlive-2025-r78234-final-env-texmfdist/tex/generic/pgf/math/pgfmathfunctions.random.code.tex) (/nix/store/rn940m7hdyfzsbyvj68k96f0ipyf1xpf-texlive-2025-r78234-final-env-texmfdist/tex/generic/pgf/math/pgfmathfunctions.comparison.code.tex) (/nix/store/rn940m7hdyfzsbyvj68k96f0ipyf1xpf-texlive-2025-r78234-final-env-texmfdist/tex/generic/pgf/math/pgfmathfunctions.base.code.tex) (/nix/store/rn940m7hdyfzsbyvj68k96f0ipyf1xpf-texlive-2025-r78234-final-env-texmfdist/tex/generic/pgf/math/pgfmathfunctions.round.code.tex) (/nix/store/rn940m7hdyfzsbyvj68k96f0ipyf1xpf-texlive-2025-r78234-final-env-texmfdist/tex/generic/pgf/math/pgfmathfunctions.misc.code.tex) (/nix/store/rn940m7hdyfzsbyvj68k96f0ipyf1xpf-texlive-2025-r78234-final-env-texmfdist/tex/generic/pgf/math/pgfmathfunctions.integerarithmetics.code.tex) (/nix/store/rn940m7hdyfzsbyvj68k96f0ipyf1xpf-texlive-2025-r78234-final-env-texmfdist/tex/generic/pgf/math/pgfmathcalc.code.tex) (/nix/store/rn940m7hdyfzsbyvj68k96f0ipyf1xpf-texlive-2025-r78234-final-env-texmfdist/tex/generic/pgf/math/pgfmathfloat.code.tex
\c@pgfmathroundto@lastzeros=\count490
))
(/nix/store/rn940m7hdyfzsbyvj68k96f0ipyf1xpf-texlive-2025-r78234-final-env-texmfdist/tex/generic/pgf/math/pgfint.code.tex) (/nix/store/rn940m7hdyfzsbyvj68k96f0ipyf1xpf-texlive-2025-r78234-final-env-texmfdist/tex/generic/pgf/basiclayer/pgfcorepoints.code.tex
File: pgfcorepoints.code.tex 2025-08-29 v3.1.11a (3.1.11a)
\pgf@picminx=\dimen267
\pgf@picmaxx=\dimen268
\pgf@picminy=\dimen269
\pgf@picmaxy=\dimen270
\pgf@pathminx=\dimen271
\pgf@pathmaxx=\dimen272
\pgf@pathminy=\dimen273
\pgf@pathmaxy=\dimen274
\pgf@xx=\dimen275
\pgf@xy=\dimen276
\pgf@yx=\dimen277
\pgf@yy=\dimen278
\pgf@zx=\dimen279
\pgf@zy=\dimen280
) (/nix/store/rn940m7hdyfzsbyvj68k96f0ipyf1xpf-texlive-2025-r78234-final-env-texmfdist/tex/generic/pgf/basiclayer/pgfcorepathconstruct.code.tex
File: pgfcorepathconstruct.code.tex 2025-08-29 v3.1.11a (3.1.11a)
\pgf@path@lastx=\dimen281
\pgf@path@lasty=\dimen282
) (/nix/store/rn940m7hdyfzsbyvj68k96f0ipyf1xpf-texlive-2025-r78234-final-env-texmfdist/tex/generic/pgf/basiclayer/pgfcorepathusage.code.tex
File: pgfcorepathusage.code.tex 2025-08-29 v3.1.11a (3.1.11a)
\pgf@shorten@end@additional=\dimen283
\pgf@shorten@start@additional=\dimen284
) (/nix/store/rn940m7hdyfzsbyvj68k96f0ipyf1xpf-texlive-2025-r78234-final-env-texmfdist/tex/generic/pgf/basiclayer/pgfcorescopes.code.tex
File: pgfcorescopes.code.tex 2025-08-29 v3.1.11a (3.1.11a)
\pgfpic=\box69
\pgf@hbox=\box70
\pgf@layerbox@main=\box71
\pgf@picture@serial@count=\count491
) (/nix/store/rn940m7hdyfzsbyvj68k96f0ipyf1xpf-texlive-2025-r78234-final-env-texmfdist/tex/generic/pgf/basiclayer/pgfcoregraphicstate.code.tex
File: pgfcoregraphicstate.code.tex 2025-08-29 v3.1.11a (3.1.11a)
\pgflinewidth=\dimen285
) (/nix/store/rn940m7hdyfzsbyvj68k96f0ipyf1xpf-texlive-2025-r78234-final-env-texmfdist/tex/generic/pgf/basiclayer/pgfcoretransformations.code.tex
File: pgfcoretransformations.code.tex 2025-08-29 v3.1.11a (3.1.11a)
\pgf@pt@x=\dimen286
\pgf@pt@y=\dimen287
\pgf@pt@temp=\dimen288
) (/nix/store/rn940m7hdyfzsbyvj68k96f0ipyf1xpf-texlive-2025-r78234-final-env-texmfdist/tex/generic/pgf/basiclayer/pgfcorequick.code.tex
File: pgfcorequick.code.tex 2025-08-29 v3.1.11a (3.1.11a)
) (/nix/store/rn940m7hdyfzsbyvj68k96f0ipyf1xpf-texlive-2025-r78234-final-env-texmfdist/tex/generic/pgf/basiclayer/pgfcoreobjects.code.tex
File: pgfcoreobjects.code.tex 2025-08-29 v3.1.11a (3.1.11a)
) (/nix/store/rn940m7hdyfzsbyvj68k96f0ipyf1xpf-texlive-2025-r78234-final-env-texmfdist/tex/generic/pgf/basiclayer/pgfcorepathprocessing.code.tex
File: pgfcorepathprocessing.code.tex 2025-08-29 v3.1.11a (3.1.11a)
) (/nix/store/rn940m7hdyfzsbyvj68k96f0ipyf1xpf-texlive-2025-r78234-final-env-texmfdist/tex/generic/pgf/basiclayer/pgfcorearrows.code.tex
File: pgfcorearrows.code.tex 2025-08-29 v3.1.11a (3.1.11a)
\pgfarrowsep=\dimen289
) (/nix/store/rn940m7hdyfzsbyvj68k96f0ipyf1xpf-texlive-2025-r78234-final-env-texmfdist/tex/generic/pgf/basiclayer/pgfcoreshade.code.tex
File: pgfcoreshade.code.tex 2025-08-29 v3.1.11a (3.1.11a)
\pgf@max=\dimen290
\pgf@sys@shading@range@num=\count492
\pgf@shadingcount=\count493
) (/nix/store/rn940m7hdyfzsbyvj68k96f0ipyf1xpf-texlive-2025-r78234-final-env-texmfdist/tex/generic/pgf/basiclayer/pgfcoreimage.code.tex
File: pgfcoreimage.code.tex 2025-08-29 v3.1.11a (3.1.11a)
) (/nix/store/rn940m7hdyfzsbyvj68k96f0ipyf1xpf-texlive-2025-r78234-final-env-texmfdist/tex/generic/pgf/basiclayer/pgfcoreexternal.code.tex
File: pgfcoreexternal.code.tex 2025-08-29 v3.1.11a (3.1.11a)
\pgfexternal@startupbox=\box72
)
(/nix/store/rn940m7hdyfzsbyvj68k96f0ipyf1xpf-texlive-2025-r78234-final-env-texmfdist/tex/generic/pgf/basiclayer/pgfcorelayers.code.tex
File: pgfcorelayers.code.tex 2025-08-29 v3.1.11a (3.1.11a)
) (/nix/store/rn940m7hdyfzsbyvj68k96f0ipyf1xpf-texlive-2025-r78234-final-env-texmfdist/tex/generic/pgf/basiclayer/pgfcoretransparency.code.tex
File: pgfcoretransparency.code.tex 2025-08-29 v3.1.11a (3.1.11a)
) (/nix/store/rn940m7hdyfzsbyvj68k96f0ipyf1xpf-texlive-2025-r78234-final-env-texmfdist/tex/generic/pgf/basiclayer/pgfcorepatterns.code.tex
File: pgfcorepatterns.code.tex 2025-08-29 v3.1.11a (3.1.11a)
) (/nix/store/rn940m7hdyfzsbyvj68k96f0ipyf1xpf-texlive-2025-r78234-final-env-texmfdist/tex/generic/pgf/basiclayer/pgfcorerdf.code.tex
File: pgfcorerdf.code.tex 2025-08-29 v3.1.11a (3.1.11a)
))) (/nix/store/rn940m7hdyfzsbyvj68k96f0ipyf1xpf-texlive-2025-r78234-final-env-texmfdist/tex/generic/pgf/modules/pgfmoduleshapes.code.tex
File: pgfmoduleshapes.code.tex 2025-08-29 v3.1.11a (3.1.11a)
\pgfnodeparttextbox=\box73
) (/nix/store/rn940m7hdyfzsbyvj68k96f0ipyf1xpf-texlive-2025-r78234-final-env-texmfdist/tex/generic/pgf/modules/pgfmoduleplot.code.tex
File: pgfmoduleplot.code.tex 2025-08-29 v3.1.11a (3.1.11a)
) (/nix/store/rn940m7hdyfzsbyvj68k96f0ipyf1xpf-texlive-2025-r78234-final-env-texmfdist/tex/latex/pgf/compatibility/pgfcomp-version-0-65.sty
Package: pgfcomp-version-0-65 2025-08-29 v3.1.11a (3.1.11a)
\pgf@nodesepstart=\dimen291
\pgf@nodesepend=\dimen292
) (/nix/store/rn940m7hdyfzsbyvj68k96f0ipyf1xpf-texlive-2025-r78234-final-env-texmfdist/tex/latex/pgf/compatibility/pgfcomp-version-1-18.sty
Package: pgfcomp-version-1-18 2025-08-29 v3.1.11a (3.1.11a)
)) (/nix/store/rn940m7hdyfzsbyvj68k96f0ipyf1xpf-texlive-2025-r78234-final-env-texmfdist/tex/latex/pgf/utilities/pgffor.sty (/nix/store/rn940m7hdyfzsbyvj68k96f0ipyf1xpf-texlive-2025-r78234-final-env-texmfdist/tex/latex/pgf/utilities/pgfkeys.sty (/nix/store/rn940m7hdyfzsbyvj68k96f0ipyf1xpf-texlive-2025-r78234-final-env-texmfdist/tex/generic/pgf/utilities/pgfkeys.code.tex)) (/nix/store/rn940m7hdyfzsbyvj68k96f0ipyf1xpf-texlive-2025-r78234-final-env-texmfdist/tex/latex/pgf/math/pgfmath.sty (/nix/store/rn940m7hdyfzsbyvj68k96f0ipyf1xpf-texlive-2025-r78234-final-env-texmfdist/tex/generic/pgf/math/pgfmath.code.tex)) (/nix/store/rn940m7hdyfzsbyvj68k96f0ipyf1xpf-texlive-2025-r78234-final-env-texmfdist/tex/generic/pgf/utilities/pgffor.code.tex
Package: pgffor 2025-08-29 v3.1.11a (3.1.11a)
\pgffor@iter=\dimen293
\pgffor@skip=\dimen294
\pgffor@stack=\toks49
\pgffor@toks=\toks50
)) (/nix/store/rn940m7hdyfzsbyvj68k96f0ipyf1xpf-texlive-2025-r78234-final-env-texmfdist/tex/generic/pgf/frontendlayer/tikz/tikz.code.tex
Package: tikz 2025-08-29 v3.1.11a (3.1.11a)

(/nix/store/rn940m7hdyfzsbyvj68k96f0ipyf1xpf-texlive-2025-r78234-final-env-texmfdist/tex/generic/pgf/libraries/pgflibraryplothandlers.code.tex
File: pgflibraryplothandlers.code.tex 2025-08-29 v3.1.11a (3.1.11a)
\pgf@plot@mark@count=\count494
\pgfplotmarksize=\dimen295
)
\tikz@lastx=\dimen296
\tikz@lasty=\dimen297
\tikz@lastxsaved=\dimen298
\tikz@lastysaved=\dimen299
\tikz@lastmovetox=\dimen300
\tikz@lastmovetoy=\dimen301
\tikzleveldistance=\dimen302
\tikzsiblingdistance=\dimen303
\tikz@figbox=\box74
\tikz@figbox@bg=\box75
\tikz@tempbox=\box76
\tikz@tempbox@bg=\box77
\tikztreelevel=\count495
\tikznumberofchildren=\count496
\tikznumberofcurrentchild=\count497
\tikz@fig@count=\count498
 (/nix/store/rn940m7hdyfzsbyvj68k96f0ipyf1xpf-texlive-2025-r78234-final-env-texmfdist/tex/generic/pgf/modules/pgfmodulematrix.code.tex
File: pgfmodulematrix.code.tex 2025-08-29 v3.1.11a (3.1.11a)
\pgfmatrixcurrentrow=\count499
\pgfmatrixcurrentcolumn=\count500
\pgf@matrix@numberofcolumns=\count501
)
\tikz@expandcount=\count502
 (/nix/store/rn940m7hdyfzsbyvj68k96f0ipyf1xpf-texlive-2025-r78234-final-env-texmfdist/tex/generic/pgf/frontendlayer/tikz/libraries/tikzlibrarytopaths.code.tex
File: tikzlibrarytopaths.code.tex 2025-08-29 v3.1.11a (3.1.11a)
))))

Package biblatex Warning: 'babel/polyglossia' detected but 'csquotes' missing.
(biblatex)                Loading 'csquotes' recommended.

\@quotelevel=\count503
\@quotereset=\count504
LaTeX Font Info:    Trying to load font information for T1+ptm on input line 73.
(/nix/store/rn940m7hdyfzsbyvj68k96f0ipyf1xpf-texlive-2025-r78234-final-env-texmfdist/tex/latex/psnfss/t1ptm.fd
File: t1ptm.fd 2001/06/04 font definitions for T1/ptm.
) (./main.aux
Package babel Info: 'czech' activates 'czech' shorthands.
(babel)             Reported on input line 12.
)
\openout1 = `main.aux'.

LaTeX Font Info:    Checking defaults for OML/cmm/m/it on input line 73.
LaTeX Font Info:    ... okay on input line 73.
LaTeX Font Info:    Checking defaults for OMS/cmsy/m/n on input line 73.
LaTeX Font Info:    ... okay on input line 73.
LaTeX Font Info:    Checking defaults for OT1/cmr/m/n on input line 73.
LaTeX Font Info:    ... okay on input line 73.
LaTeX Font Info:    Checking defaults for T1/cmr/m/n on input line 73.
LaTeX Font Info:    ... okay on input line 73.
LaTeX Font Info:    Checking defaults for TS1/cmr/m/n on input line 73.
LaTeX Font Info:    ... okay on input line 73.
LaTeX Font Info:    Checking defaults for OMX/cmex/m/n on input line 73.
LaTeX Font Info:    ... okay on input line 73.
LaTeX Font Info:    Checking defaults for U/cmr/m/n on input line 73.
LaTeX Font Info:    ... okay on input line 73.
LaTeX Font Info:    Checking defaults for LGR/cmr/m/n on input line 73.
LaTeX Font Info:    Trying to load font information for LGR+cmr on input line 73.
 (/nix/store/rn940m7hdyfzsbyvj68k96f0ipyf1xpf-texlive-2025-r78234-final-env-texmfdist/tex/latex/cbfonts-fd/lgrcmr.fd
File: lgrcmr.fd 2017/07/29 v1.2 Greek European Computer Regular
)
LaTeX Font Info:    ... okay on input line 73.
LaTeX Font Info:    Checking defaults for PD1/pdf/m/n on input line 73.
LaTeX Font Info:    ... okay on input line 73.
LaTeX Font Info:    Checking defaults for PU/pdf/m/n on input line 73.
LaTeX Font Info:    ... okay on input line 73.
 (/nix/store/rn940m7hdyfzsbyvj68k96f0ipyf1xpf-texlive-2025-r78234-final-env-texmfdist/tex/context/base/mkii/supp-pdf.mkii
[Loading MPS to PDF converter (version 2006.09.02).]
\scratchcounter=\count505
\scratchdimen=\dimen304
\scratchbox=\box78
\nofMPsegments=\count506
\nofMParguments=\count507
\everyMPshowfont=\toks51
\MPscratchCnt=\count508
\MPscratchDim=\dimen305
\MPnumerator=\count509
\makeMPintoPDFobject=\count510
\everyMPtoPDFconversion=\toks52
) (/nix/store/rn940m7hdyfzsbyvj68k96f0ipyf1xpf-texlive-2025-r78234-final-env-texmfdist/tex/latex/epstopdf-pkg/epstopdf-base.sty
Package: epstopdf-base 2020-01-24 v2.11 Base part for package epstopdf
Package epstopdf-base Info: Redefining graphics rule for `.eps' on input line 485.
 (/nix/store/rn940m7hdyfzsbyvj68k96f0ipyf1xpf-texlive-2025-r78234-final-env-texmfdist/tex/latex/latexconfig/epstopdf-sys.cfg
File: epstopdf-sys.cfg 2010/07/13 v1.3 Configuration of (r)epstopdf for TeX Live
))
*geometry* driver: auto-detecting
*geometry* detected driver: pdftex
*geometry* verbose mode - [ preamble ] result:
* driver: pdftex
* paper: a4paper
* layout: <same size as paper>
* layoutoffset:(h,v)=(0.0pt,0.0pt)
* modes: twoside 
* h-part:(L,W,R)=(85.35826pt, 426.79135pt, 85.35826pt)
* v-part:(T,H,B)=(85.35826pt, 688.5567pt, 71.13188pt)
* \paperwidth=597.50787pt
* \paperheight=845.04684pt
* \textwidth=426.79135pt
* \textheight=688.5567pt
* \oddsidemargin=13.08827pt
* \evensidemargin=13.08827pt
* \topmargin=-11.13809pt
* \headheight=14.22636pt
* \headsep=10.0pt
* \topskip=12.0pt
* \footskip=39.83368pt
* \marginparwidth=88.0pt
* \marginparsep=7.0pt
* \columnsep=28.45274pt
* \skip\footins=10.8pt plus 4.0pt minus 2.0pt
* \hoffset=0.0pt
* \voffset=0.0pt
* \mag=1000
* \@twocolumnfalse
* \@twosidetrue
* \@mparswitchtrue
* \@reversemarginfalse
* (1in=72.27pt=25.4mm, 1cm=28.453pt)

LaTeX Info: Redefining \microtypecontext on input line 73.

Package microtype Warning: Unable to apply patch `item' on input line 73.

Package microtype Info: Applying patch `toc' on input line 73.
Package microtype Info: Applying patch `eqnum' on input line 73.
Package microtype Info: Applying patch `footnote' on input line 73.
Package microtype Info: Applying patch `verbatim' on input line 73.
LaTeX Info: Redefining \microtypesetup on input line 73.
Package microtype Info: Generating PDF output.
Package microtype Info: Character protrusion enabled (level 2).
Package microtype Info: Using default protrusion set `alltext'.
Package microtype Info: Automatic font expansion enabled (level 2),
(microtype)             stretch: 20, shrink: 20, step: 1, non-selected.
Package microtype Info: Using default expansion set `alltext-nott'.
Package microtype Info: Patching command `\showhyphens'.
Package microtype Info: No adjustment of tracking.
Package microtype Info: No adjustment of interword spacing.
Package microtype Info: No adjustment of character kerning.
(/nix/store/rn940m7hdyfzsbyvj68k96f0ipyf1xpf-texlive-2025-r78234-final-env-texmfdist/tex/latex/microtype/mt-ptm.cfg
File: mt-ptm.cfg 2006/04/20 v1.7 microtype config. file: Times (RS)
)
Package biblatex Info: Trying to load language 'czech'...
Package biblatex Info: ... file 'czech.lbx' found.
 (/nix/store/rn940m7hdyfzsbyvj68k96f0ipyf1xpf-texlive-2025-r78234-final-env-texmfdist/tex/latex/biblatex/lbx/czech.lbx
File: czech.lbx 2025/07/10 v3.21 biblatex localization (PK/MW)
)
Package biblatex Info: Trying to load language 'english'...
Package biblatex Info: ... file 'english.lbx' found.
 (/nix/store/rn940m7hdyfzsbyvj68k96f0ipyf1xpf-texlive-2025-r78234-final-env-texmfdist/tex/latex/biblatex/lbx/english.lbx
File: english.lbx 2025/07/10 v3.21 biblatex localization (PK/MW)
)
Package biblatex Info: Trying to load language 'greek'...
Package biblatex Info: ... file 'greek.lbx' found.
 (/nix/store/rn940m7hdyfzsbyvj68k96f0ipyf1xpf-texlive-2025-r78234-final-env-texmfdist/tex/latex/biblatex/lbx/greek.lbx
File: greek.lbx 2025/07/10 v3.21 biblatex localization (PK/MW)
)
Package biblatex Info: Input encoding 'utf8' detected.
Package biblatex Info: Automatic encoding selection.
(biblatex)             Assuming data encoding 'utf8'.
\openout3 = `main.bcf'.

Package biblatex Info: Trying to load bibliographic data...
Package biblatex Info: ... file 'main.bbl' found.
 (./main.bbl)
Package biblatex Info: Reference section=0 on input line 73.
Package biblatex Info: Reference segment=0 on input line 73.
Package hyperref Info: Link coloring ON on input line 73.
<figs/background.pdf, id=7, 597.432pt x 845.07718pt>
File: figs/background.pdf Graphic file (type pdf)
<use figs/background.pdf>
Package pdftex.def Info: figs/background.pdf  used on input line 91.
(pdftex.def)             Requested size: 597.50787pt x 845.25565pt.
LaTeX Font Info:    Trying to load font information for T1+pag on input line 91.
 (/nix/store/rn940m7hdyfzsbyvj68k96f0ipyf1xpf-texlive-2025-r78234-final-env-texmfdist/tex/latex/psnfss/t1pag.fd
File: t1pag.fd 2001/06/04 font definitions for T1/pag.
)
Package microtype Info: Loading generic protrusion settings for font family
(microtype)             `pag' (encoding: T1).
(microtype)             For optimal results, create family-specific settings.
(microtype)             See the microtype manual for details.
LaTeX Font Info:    Font shape `T1/pag/b/n' in size <24.88> not available
(Font)              Font shape `T1/pag/db/n' tried instead on input line 91.
 [1

{/nix/store/z2nxi1rr657hshj9xj6fwfkqza3dww1d-texlive-2025-r78234-final-env/share/texmf-var/fonts/map/pdftex/updmap/pdftex.map}{/nix/store/rn940m7hdyfzsbyvj68k96f0ipyf1xpf-texlive-2025-r78234-final-env-texmfdist/fonts/enc/dvips/base/8r.enc} <./figs/background.pdf>]
LaTeX Font Info:    Font shape `T1/pag/b/n' in size <12> not available
(Font)              Font shape `T1/pag/db/n' tried instead on input line 102.
LaTeX Font Info:    Font shape `T1/pag/b/n' in size <17.28> not available
(Font)              Font shape `T1/pag/db/n' tried instead on input line 102.
 [2]
<figs/part1.jpg, id=38, 462.528pt x 108.1641pt>
File: figs/part1.jpg Graphic file (type jpg)
<use figs/part1.jpg>
Package pdftex.def Info: figs/part1.jpg  used on input line 117.
(pdftex.def)             Requested size: 597.50787pt x 139.7369pt.
LaTeX Font Info:    Trying to load font information for OT1+ztmcm on input line 117.
 (/nix/store/rn940m7hdyfzsbyvj68k96f0ipyf1xpf-texlive-2025-r78234-final-env-texmfdist/tex/latex/psnfss/ot1ztmcm.fd
File: ot1ztmcm.fd 2000/01/03 Fontinst v1.801 font definitions for OT1/ztmcm.
)
Package microtype Info: Loading generic protrusion settings for font family
(microtype)             `ztmcm' (encoding: OT1).
(microtype)             For optimal results, create family-specific settings.
(microtype)             See the microtype manual for details.
LaTeX Font Info:    Trying to load font information for OML+ztmcm on input line 117.
 (/nix/store/rn940m7hdyfzsbyvj68k96f0ipyf1xpf-texlive-2025-r78234-final-env-texmfdist/tex/latex/psnfss/omlztmcm.fd
File: omlztmcm.fd 2000/01/03 Fontinst v1.801 font definitions for OML/ztmcm.
)
LaTeX Font Info:    Trying to load font information for OMS+ztmcm on input line 117.
 (/nix/store/rn940m7hdyfzsbyvj68k96f0ipyf1xpf-texlive-2025-r78234-final-env-texmfdist/tex/latex/psnfss/omsztmcm.fd
File: omsztmcm.fd 2000/01/03 Fontinst v1.801 font definitions for OMS/ztmcm.
)
LaTeX Font Info:    Trying to load font information for OMX+ztmcm on input line 117.
 (/nix/store/rn940m7hdyfzsbyvj68k96f0ipyf1xpf-texlive-2025-r78234-final-env-texmfdist/tex/latex/psnfss/omxztmcm.fd
File: omxztmcm.fd 2000/01/03 Fontinst v1.801 font definitions for OMX/ztmcm.
)
LaTeX Font Info:    Trying to load font information for OT1+ptm on input line 117.
 (/nix/store/rn940m7hdyfzsbyvj68k96f0ipyf1xpf-texlive-2025-r78234-final-env-texmfdist/tex/latex/psnfss/ot1ptm.fd
File: ot1ptm.fd 2001/06/04 font definitions for OT1/ptm.
)
LaTeX Font Info:    Font shape `OT1/ptm/bx/n' in size <24.88> not available
(Font)              Font shape `OT1/ptm/b/n' tried instead on input line 117.
LaTeX Font Info:    Font shape `OT1/ptm/bx/n' in size <17.28> not available
(Font)              Font shape `OT1/ptm/b/n' tried instead on input line 117.
LaTeX Font Info:    Font shape `OT1/ptm/bx/n' in size <14.4> not available
(Font)              Font shape `OT1/ptm/b/n' tried instead on input line 117.
 (/nix/store/rn940m7hdyfzsbyvj68k96f0ipyf1xpf-texlive-2025-r78234-final-env-texmfdist/tex/latex/microtype/mt-msa.cfg
File: mt-msa.cfg 2006/02/04 v1.1 microtype config. file: AMS symbols (a) (RS)
) (/nix/store/rn940m7hdyfzsbyvj68k96f0ipyf1xpf-texlive-2025-r78234-final-env-texmfdist/tex/latex/microtype/mt-msb.cfg
File: mt-msb.cfg 2005/06/01 v1.0 microtype config. file: AMS symbols (b) (RS)
) (./main.toc
LaTeX Font Info:    Font shape `OT1/ptm/bx/n' in size <12> not available
(Font)              Font shape `OT1/ptm/b/n' tried instead on input line 2.
LaTeX Font Info:    Font shape `OT1/ptm/bx/n' in size <10> not available
(Font)              Font shape `OT1/ptm/b/n' tried instead on input line 2.

Overfull \hbox (390.95769pt too wide) detected at line 2
[][][][][][] [][][][][][] 
 []

LaTeX Font Info:    Font shape `T1/pag/b/n' in size <14.4> not available
(Font)              Font shape `T1/pag/db/n' tried instead on input line 3.
)
\tf@toc=\write6
\openout6 = `main.toc'.

 [3

 <./figs/part1.jpg>] [4

]
\c@ttl@toc@part=\count511
LaTeX Font Info:    Font shape `T1/pag/b/n' in size <220> not available
(Font)              Font shape `T1/pag/db/n' tried instead on input line 135.
LaTeX Font Info:    Font shape `T1/pag/b/n' in size <30> not available
(Font)              Font shape `T1/pag/db/n' tried instead on input line 135.
 (./main.ptc) [5

] [6] (./mnoziny_logika.tex
Kapitola 1.
<figs/section1.jpg, id=73, 1927.2pt x 451.6875pt>
File: figs/section1.jpg Graphic file (type jpg)
<use figs/section1.jpg>
Package pdftex.def Info: figs/section1.jpg  used on input line 1.
(pdftex.def)             Requested size: 597.50787pt x 140.03545pt.
(./mnoziny_logika/logika.tex
LaTeX Font Info:    Trying to load font information for LGR+ptm on input line 2.
LaTeX Font Info:    No file LGRptm.fd. on input line 2.


LaTeX Font Warning: Font shape `LGR/ptm/m/n' undefined
(Font)              using `LGR/cmr/m/n' instead on input line 2.

(/nix/store/rn940m7hdyfzsbyvj68k96f0ipyf1xpf-texlive-2025-r78234-final-env-texmfdist/tex/latex/microtype/mt-cmr.cfg
File: mt-cmr.cfg 2013/05/19 v2.2 microtype config. file: Computer Modern Roman (RS)
)
Package mdframed Info: mdframed works in twoside mode on input line 36.
Package mdframed Info: mdframed detected package amsthm 
 changed the theorem header of amsthm
(mdframed)              on input line 36.
LaTeX Font Info:    Font shape `T1/pag/b/n' in size <10.95> not available
(Font)              Font shape `T1/pag/db/n' tried instead on input line 37.
 [7

 <./figs/section1.jpg>]
Package mdframed Info: mdframed works in twoside mode on input line 43.
Package mdframed Info: mdframed detected package amsthm 
 changed the theorem header of amsthm
(mdframed)              on input line 43.
LaTeX Font Info:    Trying to load font information for TS1+ptm on input line 47.
 (/nix/store/rn940m7hdyfzsbyvj68k96f0ipyf1xpf-texlive-2025-r78234-final-env-texmfdist/tex/latex/psnfss/ts1ptm.fd
File: ts1ptm.fd 2001/06/04 font definitions for TS1/ptm.
)
Package mdframed Info: Not enough space on this page on input line 50.
 (./mnoziny_logika/logika/teorie-modelu.tex
Package mdframed Info: mdframed works in twoside mode on input line 4.
Package mdframed Info: mdframed detected package amsthm 
 changed the theorem header of amsthm
(mdframed)              on input line 4.
LaTeX Font Info:    Font shape `T1/pag/b/n' in size <6> not available
(Font)              Font shape `T1/pag/db/n' tried instead on input line 12.
LaTeX Font Info:    Font shape `OT1/ptm/bx/n' in size <6> not available
(Font)              Font shape `OT1/ptm/b/n' tried instead on input line 12.
LaTeX Font Info:    Font shape `OT1/ptm/bx/n' in size <5> not available
(Font)              Font shape `OT1/ptm/b/n' tried instead on input line 12.
Package mdframed Info: mdframed works in twoside mode on input line 27.
Package mdframed Info: mdframed detected package amsthm 
 changed the theorem header of amsthm
(mdframed)              on input line 27.
LaTeX Font Info:    Font shape `OT1/ptm/bx/n' in size <9> not available
(Font)              Font shape `OT1/ptm/b/n' tried instead on input line 29.
LaTeX Font Info:    Font shape `OT1/ptm/bx/n' in size <7> not available
(Font)              Font shape `OT1/ptm/b/n' tried instead on input line 29.
)))
\tf@ptc=\write7
\openout7 = `main.ptc'.

Package babel Info: 'czech' activates 'czech' shorthands.
(babel)             Reported on input line 138.


Package fancyhdr Warning: \headheight is too small (14.22636pt): 
(fancyhdr)                Make it at least 14.73pt, for example:
(fancyhdr)                \setlength{\headheight}{14.73pt}.
(fancyhdr)                You might also make \topmargin smaller:
(fancyhdr)                \addtolength{\topmargin}{-0.50363pt}.

[8

] (./main.aux)
 ***********
LaTeX2e <2025-11-01>
L3 programming layer <2026-01-19>
 ***********


LaTeX Font Warning: Some font shapes were not available, defaults substituted.

Package logreq Info: Writing requests to 'main.run.xml'.
\openout1 = `main.run.xml'.

 ) 
Here is how much of TeX's memory you used:
 37097 strings out of 467535
 710293 string characters out of 5388798
 1584201 words of memory out of 5000000
 65078 multiletter control sequences out of 15000+600000
 734072 words of font info for 322 fonts, out of 8000000 for 9000
 1141 hyphenation exceptions out of 8191
 99i,12n,108p,969b,2387s stack positions out of 10000i,1000n,20000p,200000b,200000s
</nix/store/rn940m7hdyfzsbyvj68k96f0ipyf1xpf-texlive-2025-r78234-final-env-texmfdist/fonts/type1/public/cbfonts/grmn1200.pfb></nix/store/rn940m7hdyfzsbyvj68k96f0ipyf1xpf-texlive-2025-r78234-final-env-texmfdist/fonts/type1/public/amsfonts/symbols/msam10.pfb></nix/store/rn940m7hdyfzsbyvj68k96f0ipyf1xpf-texlive-2025-r78234-final-env-texmfdist/fonts/type1/urw/avantgar/uagd8a.pfb></nix/store/rn940m7hdyfzsbyvj68k96f0ipyf1xpf-texlive-2025-r78234-final-env-texmfdist/fonts/type1/urw/avantgar/uagk8a.pfb></nix/store/rn940m7hdyfzsbyvj68k96f0ipyf1xpf-texlive-2025-r78234-final-env-texmfdist/fonts/type1/urw/times/utmb8a.pfb></nix/store/rn940m7hdyfzsbyvj68k96f0ipyf1xpf-texlive-2025-r78234-final-env-texmfdist/fonts/type1/urw/times/utmr8a.pfb></nix/store/rn940m7hdyfzsbyvj68k96f0ipyf1xpf-texlive-2025-r78234-final-env-texmfdist/fonts/type1/urw/times/utmri8a.pfb>
Output written on main.pdf (8 pages, 14080404 bytes).
PDF statistics:
 141 PDF objects out of 1000 (max. 8388607)
 101 compressed objects within 2 object streams
 19 named destinations out of 1000 (max. 500000)
 125492 words of extra memory for PDF output out of 128383 (max. 10000000)

