This is LuaHBTeX, Version 1.22.0 (TeX Live 2025/nixos.org)  (format=lualatex 1980.1.1)  16 JUN 2026 12:07
 restricted system commands enabled.
 file:line:error style messages enabled.
**presentation.tex
(./presentation.tex
LaTeX2e <2025-11-01>
L3 programming layer <2026-01-19>
Lua module: luaotfload 2024-12-03 v3.29 Lua based OpenType font support
Lua module: lualibs 2023-07-13 v2.76 ConTeXt Lua standard libraries.
Lua module: lualibs-extended 2023-07-13 v2.76 ConTeXt Lua libraries -- extended collection.
luaotfload | conf : Root cache directory is "/home/tesserekt/.texlive2025/texmf-var/luatex-cache/generic/names".
luaotfload | init : Loading fontloader "fontloader-2023-12-28.lua" from kpse-resolved path "/nix/store/rn940m7hdyfzsbyvj68k96f0ipyf1xpf-texlive-2025-r78234-final-env-texmfdist/tex/luatex/luaotfload/fontloader-2023-12-28.lua".
Lua-only attribute luaotfload@noligature = 1
luaotfload | init : Context OpenType loader version 3.134
Inserting `luaotfload.node_processor' in `pre_linebreak_filter'.
Inserting `luaotfload.node_processor' in `hpack_filter'.
Inserting `luaotfload.glyph_stream' in `glyph_stream_provider'.
Inserting `luaotfload.define_font' in `define_font'.
Lua-only attribute luaotfload_color_attribute = 2
luaotfload | conf : Root cache directory is "/home/tesserekt/.texlive2025/texmf-var/luatex-cache/generic/names".
Inserting `luaotfload.harf.strip_prefix' in `find_opentype_file'.
Inserting `luaotfload.harf.strip_prefix' in `find_truetype_file'.
Removing  `luaotfload.glyph_stream' from `glyph_stream_provider'.
Inserting `luaotfload.harf.glyphstream' in `glyph_stream_provider'.
Inserting `luaotfload.harf.finalize_vlist' in `post_linebreak_filter'.
Inserting `luaotfload.harf.finalize_hlist' in `hpack_filter'.
Inserting `luaotfload.cleanup_files' in `wrapup_run'.
Inserting `luaotfload.harf.finalize_unicode' in `finish_pdffile'.
Inserting `luaotfload.glyphinfo' in `glyph_info'.
Lua-only attribute luaotfload.letterspace_done = 3
Inserting `luaotfload.aux.set_sscale_dimens' in `luaotfload.patch_font'.
Inserting `luaotfload.aux.set_font_index' in `luaotfload.patch_font'.
Inserting `luaotfload.aux.patch_cambria_domh' in `luaotfload.patch_font'.
Inserting `luaotfload.aux.fixup_fontdata' in `luaotfload.patch_font_unsafe'.
Inserting `luaotfload.aux.set_capheight' in `luaotfload.patch_font'.
Inserting `luaotfload.aux.set_xheight' in `luaotfload.patch_font'.
Inserting `luaotfload.rewrite_fontname' in `luaotfload.patch_font'.
Inserting `tracingstacklevels' in `input_level_string'. (/nix/store/rn940m7hdyfzsbyvj68k96f0ipyf1xpf-texlive-2025-r78234-final-env-texmfdist/tex/latex/beamer/beamer.cls
Document Class: beamer 2026/01/22 v3.77 A class for typesetting presentations
(/nix/store/rn940m7hdyfzsbyvj68k96f0ipyf1xpf-texlive-2025-r78234-final-env-texmfdist/tex/latex/beamer/beamerbasemodes.sty (/nix/store/rn940m7hdyfzsbyvj68k96f0ipyf1xpf-texlive-2025-r78234-final-env-texmfdist/tex/latex/etoolbox/etoolbox.sty
Package: etoolbox 2025/10/02 v2.5m e-TeX tools for LaTeX (JAW)
\etb@tempcnta=\count273
)
\beamer@tempbox=\box53
\beamer@tempcount=\count274
\c@beamerpauses=\count275
 (/nix/store/rn940m7hdyfzsbyvj68k96f0ipyf1xpf-texlive-2025-r78234-final-env-texmfdist/tex/latex/beamer/beamerbasedecode.sty
\beamer@slideinframe=\count276
\beamer@minimum=\count277
\beamer@decode@box=\box54
)
\beamer@commentbox=\box55
\beamer@modecount=\count278
) (/nix/store/rn940m7hdyfzsbyvj68k96f0ipyf1xpf-texlive-2025-r78234-final-env-texmfdist/tex/generic/iftex/iftex.sty
Package: iftex 2024/12/12 v1.0g TeX engine tests
)
\headdp=\dimen147
\footheight=\dimen148
\sidebarheight=\dimen149
\beamer@tempdim=\dimen150
\beamer@finalheight=\dimen151
\beamer@animht=\dimen152
\beamer@animdp=\dimen153
\beamer@animwd=\dimen154
\beamer@leftmargin=\dimen155
\beamer@rightmargin=\dimen156
\beamer@leftsidebar=\dimen157
\beamer@rightsidebar=\dimen158
\beamer@boxsize=\dimen159
\beamer@vboxoffset=\dimen160
\beamer@descdefault=\dimen161
\beamer@descriptionwidth=\dimen162
\beamer@lastskip=\skip49
\beamer@areabox=\box56
\beamer@animcurrent=\box57
\beamer@animshowbox=\box58
\beamer@sectionbox=\box59
\beamer@logobox=\box60
\beamer@linebox=\box61
\beamer@sectioncount=\count279
\beamer@subsubsectionmax=\count280
\beamer@subsectionmax=\count281
\beamer@sectionmax=\count282
\beamer@totalheads=\count283
\beamer@headcounter=\count284
\beamer@partstartpage=\count285
\beamer@sectionstartpage=\count286
\beamer@subsectionstartpage=\count287
\beamer@animationtempa=\count288
\beamer@animationtempb=\count289
\beamer@xpos=\count290
\beamer@ypos=\count291
\beamer@ypos@offset=\count292
\beamer@showpartnumber=\count293
\beamer@currentsubsection=\count294
\beamer@coveringdepth=\count295
\beamer@sectionadjust=\count296
\beamer@toclastsection=\count297
\beamer@tocsectionnumber=\count298
 (/nix/store/rn940m7hdyfzsbyvj68k96f0ipyf1xpf-texlive-2025-r78234-final-env-texmfdist/tex/latex/beamer/beamerbaseoptions.sty (/nix/store/rn940m7hdyfzsbyvj68k96f0ipyf1xpf-texlive-2025-r78234-final-env-texmfdist/tex/latex/graphics/keyval.sty
Package: keyval 2022/05/29 v1.15 key=value parser (DPC)
\KV@toks@=\toks17
))
\beamer@paperwidth=\skip50
\beamer@paperheight=\skip51
 (/nix/store/rn940m7hdyfzsbyvj68k96f0ipyf1xpf-texlive-2025-r78234-final-env-texmfdist/tex/latex/geometry/geometry.sty
Package: geometry 2020/01/02 v5.9 Page Geometry
 (/nix/store/rn940m7hdyfzsbyvj68k96f0ipyf1xpf-texlive-2025-r78234-final-env-texmfdist/tex/generic/iftex/ifvtex.sty
Package: ifvtex 2019/10/25 v1.7 ifvtex legacy package. Use iftex instead.
)
\Gm@cnth=\count299
\Gm@cntv=\count300
\c@Gm@tempcnt=\count301
\Gm@bindingoffset=\dimen163
\Gm@wd@mp=\dimen164
\Gm@odd@mp=\dimen165
\Gm@even@mp=\dimen166
\Gm@layoutwidth=\dimen167
\Gm@layoutheight=\dimen168
\Gm@layouthoffset=\dimen169
\Gm@layoutvoffset=\dimen170
\Gm@dimlist=\toks18
) (/nix/store/rn940m7hdyfzsbyvj68k96f0ipyf1xpf-texlive-2025-r78234-final-env-texmfdist/tex/latex/pgf/math/pgfmath.sty (/nix/store/rn940m7hdyfzsbyvj68k96f0ipyf1xpf-texlive-2025-r78234-final-env-texmfdist/tex/latex/pgf/utilities/pgfrcs.sty (/nix/store/rn940m7hdyfzsbyvj68k96f0ipyf1xpf-texlive-2025-r78234-final-env-texmfdist/tex/generic/pgf/utilities/pgfutil-common.tex
\pgfutil@everybye=\toks19
\pgfutil@tempdima=\dimen171
\pgfutil@tempdimb=\dimen172
) (/nix/store/rn940m7hdyfzsbyvj68k96f0ipyf1xpf-texlive-2025-r78234-final-env-texmfdist/tex/generic/pgf/utilities/pgfutil-latex.def
\pgfutil@abb=\box62
) (/nix/store/rn940m7hdyfzsbyvj68k96f0ipyf1xpf-texlive-2025-r78234-final-env-texmfdist/tex/generic/pgf/utilities/pgfrcs.code.tex (/nix/store/rn940m7hdyfzsbyvj68k96f0ipyf1xpf-texlive-2025-r78234-final-env-texmfdist/tex/generic/pgf/pgf.revision.tex)
Package: pgfrcs 2025-08-29 v3.1.11a (3.1.11a)
)) (/nix/store/rn940m7hdyfzsbyvj68k96f0ipyf1xpf-texlive-2025-r78234-final-env-texmfdist/tex/latex/pgf/utilities/pgfkeys.sty (/nix/store/rn940m7hdyfzsbyvj68k96f0ipyf1xpf-texlive-2025-r78234-final-env-texmfdist/tex/generic/pgf/utilities/pgfkeys.code.tex
\pgfkeys@pathtoks=\toks20
\pgfkeys@temptoks=\toks21

(/nix/store/rn940m7hdyfzsbyvj68k96f0ipyf1xpf-texlive-2025-r78234-final-env-texmfdist/tex/generic/pgf/utilities/pgfkeyslibraryfiltered.code.tex
\pgfkeys@tmptoks=\toks22
))) (/nix/store/rn940m7hdyfzsbyvj68k96f0ipyf1xpf-texlive-2025-r78234-final-env-texmfdist/tex/generic/pgf/math/pgfmath.code.tex (/nix/store/rn940m7hdyfzsbyvj68k96f0ipyf1xpf-texlive-2025-r78234-final-env-texmfdist/tex/generic/pgf/math/pgfmathutil.code.tex
\pgf@x=\dimen173
\pgf@xa=\dimen174
\pgf@xb=\dimen175
\pgf@xc=\dimen176
\pgf@y=\dimen177
\pgf@ya=\dimen178
\pgf@yb=\dimen179
\pgf@yc=\dimen180
\c@pgf@counta=\count302
\c@pgf@countb=\count303
\c@pgf@countc=\count304
\c@pgf@countd=\count305
) (/nix/store/rn940m7hdyfzsbyvj68k96f0ipyf1xpf-texlive-2025-r78234-final-env-texmfdist/tex/generic/pgf/math/pgfmathparser.code.tex
\pgfmath@dimen=\dimen181
\pgfmath@count=\count306
\pgfmath@box=\box63
\pgfmath@toks=\toks23
\pgfmath@stack@operand=\toks24
\pgfmath@stack@operation=\toks25
) (/nix/store/rn940m7hdyfzsbyvj68k96f0ipyf1xpf-texlive-2025-r78234-final-env-texmfdist/tex/generic/pgf/math/pgfmathfunctions.code.tex) (/nix/store/rn940m7hdyfzsbyvj68k96f0ipyf1xpf-texlive-2025-r78234-final-env-texmfdist/tex/generic/pgf/math/pgfmathfunctions.basic.code.tex) (/nix/store/rn940m7hdyfzsbyvj68k96f0ipyf1xpf-texlive-2025-r78234-final-env-texmfdist/tex/generic/pgf/math/pgfmathfunctions.trigonometric.code.tex) (/nix/store/rn940m7hdyfzsbyvj68k96f0ipyf1xpf-texlive-2025-r78234-final-env-texmfdist/tex/generic/pgf/math/pgfmathfunctions.random.code.tex) (/nix/store/rn940m7hdyfzsbyvj68k96f0ipyf1xpf-texlive-2025-r78234-final-env-texmfdist/tex/generic/pgf/math/pgfmathfunctions.comparison.code.tex) (/nix/store/rn940m7hdyfzsbyvj68k96f0ipyf1xpf-texlive-2025-r78234-final-env-texmfdist/tex/generic/pgf/math/pgfmathfunctions.base.code.tex) (/nix/store/rn940m7hdyfzsbyvj68k96f0ipyf1xpf-texlive-2025-r78234-final-env-texmfdist/tex/generic/pgf/math/pgfmathfunctions.round.code.tex) (/nix/store/rn940m7hdyfzsbyvj68k96f0ipyf1xpf-texlive-2025-r78234-final-env-texmfdist/tex/generic/pgf/math/pgfmathfunctions.misc.code.tex) (/nix/store/rn940m7hdyfzsbyvj68k96f0ipyf1xpf-texlive-2025-r78234-final-env-texmfdist/tex/generic/pgf/math/pgfmathfunctions.integerarithmetics.code.tex) (/nix/store/rn940m7hdyfzsbyvj68k96f0ipyf1xpf-texlive-2025-r78234-final-env-texmfdist/tex/generic/pgf/math/pgfmathcalc.code.tex)
(/nix/store/rn940m7hdyfzsbyvj68k96f0ipyf1xpf-texlive-2025-r78234-final-env-texmfdist/tex/generic/pgf/math/pgfmathfloat.code.tex
\c@pgfmathroundto@lastzeros=\count307
))) (/nix/store/rn940m7hdyfzsbyvj68k96f0ipyf1xpf-texlive-2025-r78234-final-env-texmfdist/tex/latex/base/size11.clo
File: size11.clo 2025/01/22 v1.4n Standard LaTeX file (size option)
luaotfload | db : Font names database loaded from /home/tesserekt/.texlive2025/texmf-var/luatex-cache/generic/names/luaotfload-names.luc.gz) (/nix/store/rn940m7hdyfzsbyvj68k96f0ipyf1xpf-texlive-2025-r78234-final-env-texmfdist/tex/latex/pgf/basiclayer/pgfcore.sty (/nix/store/rn940m7hdyfzsbyvj68k96f0ipyf1xpf-texlive-2025-r78234-final-env-texmfdist/tex/latex/graphics/graphicx.sty
Package: graphicx 2024/12/31 v1.2e Enhanced LaTeX Graphics (DPC,SPQR)
 (/nix/store/rn940m7hdyfzsbyvj68k96f0ipyf1xpf-texlive-2025-r78234-final-env-texmfdist/tex/latex/graphics/graphics.sty
Package: graphics 2024/08/06 v1.4g Standard LaTeX Graphics (DPC,SPQR)
 (/nix/store/rn940m7hdyfzsbyvj68k96f0ipyf1xpf-texlive-2025-r78234-final-env-texmfdist/tex/latex/graphics/trig.sty
Package: trig 2023/12/02 v1.11 sin cos tan (DPC)
) (/nix/store/rn940m7hdyfzsbyvj68k96f0ipyf1xpf-texlive-2025-r78234-final-env-texmfdist/tex/latex/graphics-cfg/graphics.cfg
File: graphics.cfg 2016/06/04 v1.11 sample graphics configuration
)
Package graphics Info: Driver file: luatex.def on input line 106.
 (/nix/store/rn940m7hdyfzsbyvj68k96f0ipyf1xpf-texlive-2025-r78234-final-env-texmfdist/tex/latex/graphics-def/luatex.def
File: luatex.def 2025/09/29 v1.2f Graphics/color driver for luatex
))
\Gin@req@height=\dimen182
\Gin@req@width=\dimen183
) (/nix/store/rn940m7hdyfzsbyvj68k96f0ipyf1xpf-texlive-2025-r78234-final-env-texmfdist/tex/latex/pgf/systemlayer/pgfsys.sty (/nix/store/rn940m7hdyfzsbyvj68k96f0ipyf1xpf-texlive-2025-r78234-final-env-texmfdist/tex/generic/pgf/systemlayer/pgfsys.code.tex
Package: pgfsys 2025-08-29 v3.1.11a (3.1.11a)
\pgf@x=\dimen184
\pgf@y=\dimen185
\pgf@xa=\dimen186
\pgf@ya=\dimen187
\pgf@xb=\dimen188
\pgf@yb=\dimen189
\pgf@xc=\dimen190
\pgf@yc=\dimen191
\pgf@xd=\dimen192
\pgf@yd=\dimen193
\w@pgf@writea=\write3
\r@pgf@reada=\read2
\c@pgf@counta=\count308
\c@pgf@countb=\count309
\c@pgf@countc=\count310
\c@pgf@countd=\count311
\t@pgf@toka=\toks26
\t@pgf@tokb=\toks27
\t@pgf@tokc=\toks28
\pgf@sys@id@count=\count312
 (/nix/store/rn940m7hdyfzsbyvj68k96f0ipyf1xpf-texlive-2025-r78234-final-env-texmfdist/tex/generic/pgf/systemlayer/pgf.cfg
File: pgf.cfg 2025-08-29 v3.1.11a (3.1.11a)
)
Driver file for pgf: pgfsys-luatex.def
 (/nix/store/rn940m7hdyfzsbyvj68k96f0ipyf1xpf-texlive-2025-r78234-final-env-texmfdist/tex/generic/pgf/systemlayer/pgfsys-luatex.def
File: pgfsys-luatex.def 2025-08-29 v3.1.11a (3.1.11a)
 (/nix/store/rn940m7hdyfzsbyvj68k96f0ipyf1xpf-texlive-2025-r78234-final-env-texmfdist/tex/generic/pgf/systemlayer/pgfsys-common-pdf.def
File: pgfsys-common-pdf.def 2025-08-29 v3.1.11a (3.1.11a)
))) (/nix/store/rn940m7hdyfzsbyvj68k96f0ipyf1xpf-texlive-2025-r78234-final-env-texmfdist/tex/generic/pgf/systemlayer/pgfsyssoftpath.code.tex
File: pgfsyssoftpath.code.tex 2025-08-29 v3.1.11a (3.1.11a)
\pgfsyssoftpath@smallbuffer@items=\count313
\pgfsyssoftpath@bigbuffer@items=\count314
) (/nix/store/rn940m7hdyfzsbyvj68k96f0ipyf1xpf-texlive-2025-r78234-final-env-texmfdist/tex/generic/pgf/systemlayer/pgfsysprotocol.code.tex
File: pgfsysprotocol.code.tex 2025-08-29 v3.1.11a (3.1.11a)
)) (/nix/store/rn940m7hdyfzsbyvj68k96f0ipyf1xpf-texlive-2025-r78234-final-env-texmfdist/tex/latex/xcolor/xcolor.sty
Package: xcolor 2024/09/29 v3.02 LaTeX color extensions (UK)

(/nix/store/rn940m7hdyfzsbyvj68k96f0ipyf1xpf-texlive-2025-r78234-final-env-texmfdist/tex/latex/graphics-cfg/color.cfg
File: color.cfg 2016/01/02 v1.6 sample color configuration
)
Package xcolor Info: Driver file: luatex.def on input line 274.
 (/nix/store/rn940m7hdyfzsbyvj68k96f0ipyf1xpf-texlive-2025-r78234-final-env-texmfdist/tex/latex/graphics/mathcolor.ltx)
Package xcolor Info: Model `cmy' substituted by `cmy0' on input line 1349.
Package xcolor Info: Model `hsb' substituted by `rgb' on input line 1353.
Package xcolor Info: Model `RGB' extended on input line 1365.
Package xcolor Info: Model `HTML' substituted by `rgb' on input line 1367.
Package xcolor Info: Model `Hsb' substituted by `hsb' on input line 1368.
Package xcolor Info: Model `tHsb' substituted by `hsb' on input line 1369.
Package xcolor Info: Model `HSB' substituted by `hsb' on input line 1370.
Package xcolor Info: Model `Gray' substituted by `gray' on input line 1371.
Package xcolor Info: Model `wave' substituted by `hsb' on input line 1372.
) (/nix/store/rn940m7hdyfzsbyvj68k96f0ipyf1xpf-texlive-2025-r78234-final-env-texmfdist/tex/latex/graphics/dvipsnam.def
File: dvipsnam.def 2016/06/17 v3.0m Driver-dependent file (DPC,SPQR)
) (/nix/store/rn940m7hdyfzsbyvj68k96f0ipyf1xpf-texlive-2025-r78234-final-env-texmfdist/tex/generic/pgf/basiclayer/pgfcore.code.tex
Package: pgfcore 2025-08-29 v3.1.11a (3.1.11a)
 (/nix/store/rn940m7hdyfzsbyvj68k96f0ipyf1xpf-texlive-2025-r78234-final-env-texmfdist/tex/generic/pgf/math/pgfint.code.tex) (/nix/store/rn940m7hdyfzsbyvj68k96f0ipyf1xpf-texlive-2025-r78234-final-env-texmfdist/tex/generic/pgf/basiclayer/pgfcorepoints.code.tex
File: pgfcorepoints.code.tex 2025-08-29 v3.1.11a (3.1.11a)
\pgf@picminx=\dimen194
\pgf@picmaxx=\dimen195
\pgf@picminy=\dimen196
\pgf@picmaxy=\dimen197
\pgf@pathminx=\dimen198
\pgf@pathmaxx=\dimen199
\pgf@pathminy=\dimen256
\pgf@pathmaxy=\dimen257
\pgf@xx=\dimen258
\pgf@xy=\dimen259
\pgf@yx=\dimen260
\pgf@yy=\dimen261
\pgf@zx=\dimen262
\pgf@zy=\dimen263
) (/nix/store/rn940m7hdyfzsbyvj68k96f0ipyf1xpf-texlive-2025-r78234-final-env-texmfdist/tex/generic/pgf/basiclayer/pgfcorepathconstruct.code.tex
File: pgfcorepathconstruct.code.tex 2025-08-29 v3.1.11a (3.1.11a)
\pgf@path@lastx=\dimen264
\pgf@path@lasty=\dimen265
) (/nix/store/rn940m7hdyfzsbyvj68k96f0ipyf1xpf-texlive-2025-r78234-final-env-texmfdist/tex/generic/pgf/basiclayer/pgfcorepathusage.code.tex
File: pgfcorepathusage.code.tex 2025-08-29 v3.1.11a (3.1.11a)
\pgf@shorten@end@additional=\dimen266
\pgf@shorten@start@additional=\dimen267
) (/nix/store/rn940m7hdyfzsbyvj68k96f0ipyf1xpf-texlive-2025-r78234-final-env-texmfdist/tex/generic/pgf/basiclayer/pgfcorescopes.code.tex
File: pgfcorescopes.code.tex 2025-08-29 v3.1.11a (3.1.11a)
\pgfpic=\box64
\pgf@hbox=\box65
\pgf@layerbox@main=\box66
\pgf@picture@serial@count=\count315
) (/nix/store/rn940m7hdyfzsbyvj68k96f0ipyf1xpf-texlive-2025-r78234-final-env-texmfdist/tex/generic/pgf/basiclayer/pgfcoregraphicstate.code.tex
File: pgfcoregraphicstate.code.tex 2025-08-29 v3.1.11a (3.1.11a)
\pgflinewidth=\dimen268
) (/nix/store/rn940m7hdyfzsbyvj68k96f0ipyf1xpf-texlive-2025-r78234-final-env-texmfdist/tex/generic/pgf/basiclayer/pgfcoretransformations.code.tex
File: pgfcoretransformations.code.tex 2025-08-29 v3.1.11a (3.1.11a)
\pgf@pt@x=\dimen269
\pgf@pt@y=\dimen270
\pgf@pt@temp=\dimen271
) (/nix/store/rn940m7hdyfzsbyvj68k96f0ipyf1xpf-texlive-2025-r78234-final-env-texmfdist/tex/generic/pgf/basiclayer/pgfcorequick.code.tex
File: pgfcorequick.code.tex 2025-08-29 v3.1.11a (3.1.11a)
) (/nix/store/rn940m7hdyfzsbyvj68k96f0ipyf1xpf-texlive-2025-r78234-final-env-texmfdist/tex/generic/pgf/basiclayer/pgfcoreobjects.code.tex
File: pgfcoreobjects.code.tex 2025-08-29 v3.1.11a (3.1.11a)
) (/nix/store/rn940m7hdyfzsbyvj68k96f0ipyf1xpf-texlive-2025-r78234-final-env-texmfdist/tex/generic/pgf/basiclayer/pgfcorepathprocessing.code.tex
File: pgfcorepathprocessing.code.tex 2025-08-29 v3.1.11a (3.1.11a)
) (/nix/store/rn940m7hdyfzsbyvj68k96f0ipyf1xpf-texlive-2025-r78234-final-env-texmfdist/tex/generic/pgf/basiclayer/pgfcorearrows.code.tex
File: pgfcorearrows.code.tex 2025-08-29 v3.1.11a (3.1.11a)
\pgfarrowsep=\dimen272
) (/nix/store/rn940m7hdyfzsbyvj68k96f0ipyf1xpf-texlive-2025-r78234-final-env-texmfdist/tex/generic/pgf/basiclayer/pgfcoreshade.code.tex
File: pgfcoreshade.code.tex 2025-08-29 v3.1.11a (3.1.11a)
\pgf@max=\dimen273
\pgf@sys@shading@range@num=\count316
\pgf@shadingcount=\count317
) (/nix/store/rn940m7hdyfzsbyvj68k96f0ipyf1xpf-texlive-2025-r78234-final-env-texmfdist/tex/generic/pgf/basiclayer/pgfcoreimage.code.tex
File: pgfcoreimage.code.tex 2025-08-29 v3.1.11a (3.1.11a)
) (/nix/store/rn940m7hdyfzsbyvj68k96f0ipyf1xpf-texlive-2025-r78234-final-env-texmfdist/tex/generic/pgf/basiclayer/pgfcoreexternal.code.tex
File: pgfcoreexternal.code.tex 2025-08-29 v3.1.11a (3.1.11a)
\pgfexternal@startupbox=\box67
) (/nix/store/rn940m7hdyfzsbyvj68k96f0ipyf1xpf-texlive-2025-r78234-final-env-texmfdist/tex/generic/pgf/basiclayer/pgfcorelayers.code.tex
File: pgfcorelayers.code.tex 2025-08-29 v3.1.11a (3.1.11a)
) (/nix/store/rn940m7hdyfzsbyvj68k96f0ipyf1xpf-texlive-2025-r78234-final-env-texmfdist/tex/generic/pgf/basiclayer/pgfcoretransparency.code.tex
File: pgfcoretransparency.code.tex 2025-08-29 v3.1.11a (3.1.11a)
) (/nix/store/rn940m7hdyfzsbyvj68k96f0ipyf1xpf-texlive-2025-r78234-final-env-texmfdist/tex/generic/pgf/basiclayer/pgfcorepatterns.code.tex
File: pgfcorepatterns.code.tex 2025-08-29 v3.1.11a (3.1.11a)
) (/nix/store/rn940m7hdyfzsbyvj68k96f0ipyf1xpf-texlive-2025-r78234-final-env-texmfdist/tex/generic/pgf/basiclayer/pgfcorerdf.code.tex
File: pgfcorerdf.code.tex 2025-08-29 v3.1.11a (3.1.11a)
))) (/nix/store/rn940m7hdyfzsbyvj68k96f0ipyf1xpf-texlive-2025-r78234-final-env-texmfdist/tex/latex/pgf/utilities/xxcolor.sty
Package: xxcolor 2003/10/24 ver 0.1
\XC@nummixins=\count318
\XC@countmixins=\count319
) (/nix/store/rn940m7hdyfzsbyvj68k96f0ipyf1xpf-texlive-2025-r78234-final-env-texmfdist/tex/latex/base/atbegshi-ltx.sty
Package: atbegshi-ltx 2021/01/10 v1.0c Emulation of the original atbegshi
package with kernel methods
) (/nix/store/rn940m7hdyfzsbyvj68k96f0ipyf1xpf-texlive-2025-r78234-final-env-texmfdist/tex/latex/hyperref/hyperref.sty
Package: hyperref 2026-01-29 v7.01p Hypertext links for LaTeX
 (/nix/store/rn940m7hdyfzsbyvj68k96f0ipyf1xpf-texlive-2025-r78234-final-env-texmfdist/tex/latex/kvsetkeys/kvsetkeys.sty
Package: kvsetkeys 2022-10-05 v1.19 Key value parser (HO)
) (/nix/store/rn940m7hdyfzsbyvj68k96f0ipyf1xpf-texlive-2025-r78234-final-env-texmfdist/tex/generic/kvdefinekeys/kvdefinekeys.sty
Package: kvdefinekeys 2019-12-19 v1.6 Define keys (HO)
) (/nix/store/rn940m7hdyfzsbyvj68k96f0ipyf1xpf-texlive-2025-r78234-final-env-texmfdist/tex/generic/pdfescape/pdfescape.sty
Package: pdfescape 2019/12/09 v1.15 Implements pdfTeX's escape features (HO)
 (/nix/store/rn940m7hdyfzsbyvj68k96f0ipyf1xpf-texlive-2025-r78234-final-env-texmfdist/tex/generic/ltxcmds/ltxcmds.sty
Package: ltxcmds 2023-12-04 v1.26 LaTeX kernel commands for general use (HO)
) (/nix/store/rn940m7hdyfzsbyvj68k96f0ipyf1xpf-texlive-2025-r78234-final-env-texmfdist/tex/generic/pdftexcmds/pdftexcmds.sty
Package: pdftexcmds 2020-06-27 v0.33 Utility functions of pdfTeX for LuaTeX (HO)

(/nix/store/rn940m7hdyfzsbyvj68k96f0ipyf1xpf-texlive-2025-r78234-final-env-texmfdist/tex/generic/infwarerr/infwarerr.sty
Package: infwarerr 2019/12/03 v1.5 Providing info/warning/error messages (HO)
)
Package pdftexcmds Info: \pdf@primitive is available.
Package pdftexcmds Info: \pdf@ifprimitive is available.
Package pdftexcmds Info: \pdfdraftmode found.
\pdftexcmds@toks=\toks29
)) (/nix/store/rn940m7hdyfzsbyvj68k96f0ipyf1xpf-texlive-2025-r78234-final-env-texmfdist/tex/latex/hycolor/hycolor.sty
Package: hycolor 2020-01-27 v1.10 Color options for hyperref/bookmark (HO)
) (/nix/store/rn940m7hdyfzsbyvj68k96f0ipyf1xpf-texlive-2025-r78234-final-env-texmfdist/tex/latex/hyperref/nameref.sty
Package: nameref 2026-01-29 v2.58 Cross-referencing by name of section
 (/nix/store/rn940m7hdyfzsbyvj68k96f0ipyf1xpf-texlive-2025-r78234-final-env-texmfdist/tex/latex/refcount/refcount.sty
Package: refcount 2019/12/15 v3.6 Data extraction from label references (HO)
) (/nix/store/rn940m7hdyfzsbyvj68k96f0ipyf1xpf-texlive-2025-r78234-final-env-texmfdist/tex/generic/gettitlestring/gettitlestring.sty
Package: gettitlestring 2019/12/15 v1.6 Cleanup title references (HO)
 (/nix/store/rn940m7hdyfzsbyvj68k96f0ipyf1xpf-texlive-2025-r78234-final-env-texmfdist/tex/latex/kvoptions/kvoptions.sty
Package: kvoptions 2022-06-15 v3.15 Key value format for package options (HO)
))
\c@section@level=\count320
) (/nix/store/rn940m7hdyfzsbyvj68k96f0ipyf1xpf-texlive-2025-r78234-final-env-texmfdist/tex/generic/stringenc/stringenc.sty
Package: stringenc 2019/11/29 v1.12 Convert strings between diff. encodings (HO)
)
\@linkdim=\dimen274
\Hy@linkcounter=\count321
\Hy@pagecounter=\count322
 (/nix/store/rn940m7hdyfzsbyvj68k96f0ipyf1xpf-texlive-2025-r78234-final-env-texmfdist/tex/latex/hyperref/pd1enc.def
File: pd1enc.def 2026-01-29 v7.01p Hyperref: PDFDocEncoding definition (HO)
) (/nix/store/rn940m7hdyfzsbyvj68k96f0ipyf1xpf-texlive-2025-r78234-final-env-texmfdist/tex/generic/intcalc/intcalc.sty
Package: intcalc 2019/12/15 v1.3 Expandable calculations with integers (HO)
)
\Hy@SavedSpaceFactor=\count323
 (/nix/store/rn940m7hdyfzsbyvj68k96f0ipyf1xpf-texlive-2025-r78234-final-env-texmfdist/tex/latex/hyperref/puenc.def
File: puenc.def 2026-01-29 v7.01p Hyperref: PDF Unicode definition (HO)
)
Package hyperref Info: Option `bookmarks' set `true' on input line 4072.
Package hyperref Info: Option `bookmarksopen' set `true' on input line 4072.
Package hyperref Info: Option `implicit' set `false' on input line 4072.
Package hyperref Info: Hyper figures OFF on input line 4201.
Package hyperref Info: Link nesting OFF on input line 4206.
Package hyperref Info: Hyper index ON on input line 4209.
Package hyperref Info: Plain pages OFF on input line 4216.
Package hyperref Info: Backreferencing OFF on input line 4221.
Package hyperref Info: Implicit mode OFF; no redefinition of LaTeX internals.
Package hyperref Info: Bookmarks ON on input line 4468.
\c@Hy@tempcnt=\count324
 (/nix/store/rn940m7hdyfzsbyvj68k96f0ipyf1xpf-texlive-2025-r78234-final-env-texmfdist/tex/latex/url/url.sty
\Urlmuskip=\muskip17
Package: url 2013/09/16  ver 3.4  Verb mode for urls, etc.
)
LaTeX Info: Redefining \url on input line 4807.
\XeTeXLinkMargin=\dimen275
 (/nix/store/rn940m7hdyfzsbyvj68k96f0ipyf1xpf-texlive-2025-r78234-final-env-texmfdist/tex/generic/bitset/bitset.sty
Package: bitset 2019/12/09 v1.3 Handle bit-vector datatype (HO)
 (/nix/store/rn940m7hdyfzsbyvj68k96f0ipyf1xpf-texlive-2025-r78234-final-env-texmfdist/tex/generic/bigintcalc/bigintcalc.sty
Package: bigintcalc 2019/12/15 v1.5 Expandable calculations on big integers (HO)
))
\Fld@menulength=\count325
\Field@Width=\dimen276
\Fld@charsize=\dimen277
Package hyperref Info: Hyper figures OFF on input line 6084.
Package hyperref Info: Link nesting OFF on input line 6089.
Package hyperref Info: Hyper index ON on input line 6092.
Package hyperref Info: backreferencing OFF on input line 6099.
Package hyperref Info: Link coloring OFF on input line 6104.
Package hyperref Info: Link coloring with OCG OFF on input line 6109.
Package hyperref Info: PDF/A mode OFF on input line 6114.
\Hy@abspage=\count326


Package hyperref Message: Stopped early.

)
Package hyperref Info: Driver (autodetected): hluatex.
 (/nix/store/rn940m7hdyfzsbyvj68k96f0ipyf1xpf-texlive-2025-r78234-final-env-texmfdist/tex/latex/hyperref/hluatex.def
File: hluatex.def 2026-01-29 v7.01p Hyperref driver for luaTeX
\Fld@listcount=\count327
\c@bookmark@seq@number=\count328
 (/nix/store/rn940m7hdyfzsbyvj68k96f0ipyf1xpf-texlive-2025-r78234-final-env-texmfdist/tex/latex/rerunfilecheck/rerunfilecheck.sty
Package: rerunfilecheck 2025-06-21 v1.11 Rerun checks for auxiliary files (HO)
 (/nix/store/rn940m7hdyfzsbyvj68k96f0ipyf1xpf-texlive-2025-r78234-final-env-texmfdist/tex/generic/uniquecounter/uniquecounter.sty
Package: uniquecounter 2019/12/15 v1.4 Provide unlimited unique counter (HO)
)
Package uniquecounter Info: New unique counter `rerunfilecheck' on input line 284.
)) (/nix/store/rn940m7hdyfzsbyvj68k96f0ipyf1xpf-texlive-2025-r78234-final-env-texmfdist/tex/latex/beamer/beamerbaserequires.sty (/nix/store/rn940m7hdyfzsbyvj68k96f0ipyf1xpf-texlive-2025-r78234-final-env-texmfdist/tex/latex/beamer/beamerbasecompatibility.sty) (/nix/store/rn940m7hdyfzsbyvj68k96f0ipyf1xpf-texlive-2025-r78234-final-env-texmfdist/tex/latex/beamer/beamerbasefont.sty (/nix/store/rn940m7hdyfzsbyvj68k96f0ipyf1xpf-texlive-2025-r78234-final-env-texmfdist/tex/latex/amsfonts/amssymb.sty
Package: amssymb 2013/01/14 v3.01 AMS font symbols
 (/nix/store/rn940m7hdyfzsbyvj68k96f0ipyf1xpf-texlive-2025-r78234-final-env-texmfdist/tex/latex/amsfonts/amsfonts.sty
Package: amsfonts 2013/01/14 v3.01 Basic AMSFonts support
\@emptytoks=\toks30
\symAMSa=\mathgroup4
\symAMSb=\mathgroup5
LaTeX Font Info:    Redeclaring math symbol \hbar on input line 98.
LaTeX Font Info:    Overwriting math alphabet `\mathfrak' in version `bold'
(Font)                  U/euf/m/n --> U/euf/b/n on input line 106.
)) (/nix/store/rn940m7hdyfzsbyvj68k96f0ipyf1xpf-texlive-2025-r78234-final-env-texmfdist/tex/latex/sansmathaccent/sansmathaccent.sty
Package: sansmathaccent 2020/01/31
 (/nix/store/rn940m7hdyfzsbyvj68k96f0ipyf1xpf-texlive-2025-r78234-final-env-texmfdist/tex/latex/koma-script/scrlfile.sty
Package: scrlfile 2026/02/02 v3.49.2 KOMA-Script package (file load hooks)
 (/nix/store/rn940m7hdyfzsbyvj68k96f0ipyf1xpf-texlive-2025-r78234-final-env-texmfdist/tex/latex/koma-script/scrlfile-hook.sty
Package: scrlfile-hook 2026/02/02 v3.49.2 KOMA-Script package (using LaTeX hooks)
 (/nix/store/rn940m7hdyfzsbyvj68k96f0ipyf1xpf-texlive-2025-r78234-final-env-texmfdist/tex/latex/koma-script/scrlogo.sty
Package: scrlogo 2026/02/02 v3.49.2 KOMA-Script package (logo)
))))) (/nix/store/rn940m7hdyfzsbyvj68k96f0ipyf1xpf-texlive-2025-r78234-final-env-texmfdist/tex/latex/beamer/beamerbasetranslator.sty (/nix/store/rn940m7hdyfzsbyvj68k96f0ipyf1xpf-texlive-2025-r78234-final-env-texmfdist/tex/latex/translator/translator.sty
Package: translator 2021-05-31 v1.12d Easy translation of strings in LaTeX
)) (/nix/store/rn940m7hdyfzsbyvj68k96f0ipyf1xpf-texlive-2025-r78234-final-env-texmfdist/tex/latex/beamer/beamerbasemisc.sty) (/nix/store/rn940m7hdyfzsbyvj68k96f0ipyf1xpf-texlive-2025-r78234-final-env-texmfdist/tex/latex/beamer/beamerbasetwoscreens.sty)
(/nix/store/rn940m7hdyfzsbyvj68k96f0ipyf1xpf-texlive-2025-r78234-final-env-texmfdist/tex/latex/beamer/beamerbaseoverlay.sty
\beamer@argscount=\count329
\beamer@lastskipcover=\skip52
\beamer@trivlistdepth=\count330
) (/nix/store/rn940m7hdyfzsbyvj68k96f0ipyf1xpf-texlive-2025-r78234-final-env-texmfdist/tex/latex/beamer/beamerbasetitle.sty) (/nix/store/rn940m7hdyfzsbyvj68k96f0ipyf1xpf-texlive-2025-r78234-final-env-texmfdist/tex/latex/beamer/beamerbasesection.sty
\c@lecture=\count331
\c@part=\count332
\c@section=\count333
\c@subsection=\count334
\c@subsubsection=\count335
) (/nix/store/rn940m7hdyfzsbyvj68k96f0ipyf1xpf-texlive-2025-r78234-final-env-texmfdist/tex/latex/beamer/beamerbaseframe.sty
\beamer@framebox=\box68
\beamer@frametitlebox=\box69
\beamer@zoombox=\box70
\beamer@zoomcount=\count336
\beamer@zoomframecount=\count337
\beamer@frametextheight=\dimen278
\c@subsectionslide=\count338
\beamer@frametopskip=\skip53
\beamer@framebottomskip=\skip54
\beamer@frametopskipautobreak=\skip55
\beamer@framebottomskipautobreak=\skip56
\beamer@envbody=\toks31
\framewidth=\dimen279
\c@framenumber=\count339
) (/nix/store/rn940m7hdyfzsbyvj68k96f0ipyf1xpf-texlive-2025-r78234-final-env-texmfdist/tex/latex/beamer/beamerbaseverbatim.sty
\beamer@verbatimfileout=\write4
) (/nix/store/rn940m7hdyfzsbyvj68k96f0ipyf1xpf-texlive-2025-r78234-final-env-texmfdist/tex/latex/beamer/beamerbaseframesize.sty
\beamer@splitbox=\box71
\beamer@autobreakcount=\count340
\beamer@autobreaklastheight=\dimen280
\beamer@frametitletoks=\toks32
\beamer@framesubtitletoks=\toks33
) (/nix/store/rn940m7hdyfzsbyvj68k96f0ipyf1xpf-texlive-2025-r78234-final-env-texmfdist/tex/latex/beamer/beamerbaseframecomponents.sty
\beamer@colheight=\skip57
\beamer@footins=\box72
) (/nix/store/rn940m7hdyfzsbyvj68k96f0ipyf1xpf-texlive-2025-r78234-final-env-texmfdist/tex/latex/beamer/beamerbasecolor.sty) (/nix/store/rn940m7hdyfzsbyvj68k96f0ipyf1xpf-texlive-2025-r78234-final-env-texmfdist/tex/latex/beamer/beamerbasenotes.sty
\beamer@frameboxcopy=\box73
) (/nix/store/rn940m7hdyfzsbyvj68k96f0ipyf1xpf-texlive-2025-r78234-final-env-texmfdist/tex/latex/beamer/beamerbasetoc.sty) (/nix/store/rn940m7hdyfzsbyvj68k96f0ipyf1xpf-texlive-2025-r78234-final-env-texmfdist/tex/latex/beamer/beamerbasetemplates.sty
\beamer@sbttoks=\toks34
 (/nix/store/rn940m7hdyfzsbyvj68k96f0ipyf1xpf-texlive-2025-r78234-final-env-texmfdist/tex/latex/beamer/beamerbaseauxtemplates.sty (/nix/store/rn940m7hdyfzsbyvj68k96f0ipyf1xpf-texlive-2025-r78234-final-env-texmfdist/tex/latex/beamer/beamerbaseboxes.sty
\bmb@box=\box74
\bmb@colorbox=\box75
\bmb@boxwidth=\dimen281
\bmb@boxheight=\dimen282
\bmb@prevheight=\dimen283
\bmb@temp=\dimen284
\bmb@dima=\dimen285
\bmb@dimb=\dimen286
\bmb@prevheight=\dimen287
)
\beamer@blockheadheight=\dimen288
)) (/nix/store/rn940m7hdyfzsbyvj68k96f0ipyf1xpf-texlive-2025-r78234-final-env-texmfdist/tex/latex/beamer/beamerbaselocalstructure.sty (/nix/store/rn940m7hdyfzsbyvj68k96f0ipyf1xpf-texlive-2025-r78234-final-env-texmfdist/tex/latex/tools/enumerate.sty
Package: enumerate 2023/07/04 v3.00 enumerate extensions (DPC)
\@enLab=\toks35
)
\beamer@bibiconwidth=\skip58
\c@figure=\count341
\c@table=\count342
\abovecaptionskip=\skip59
\belowcaptionskip=\skip60
)
(/nix/store/rn940m7hdyfzsbyvj68k96f0ipyf1xpf-texlive-2025-r78234-final-env-texmfdist/tex/latex/beamer/beamerbasenavigation.sty (/nix/store/rn940m7hdyfzsbyvj68k96f0ipyf1xpf-texlive-2025-r78234-final-env-texmfdist/tex/latex/beamer/beamerbasenavigationsymbols.tex)
\beamer@section@min@dim=\dimen289
) (/nix/store/rn940m7hdyfzsbyvj68k96f0ipyf1xpf-texlive-2025-r78234-final-env-texmfdist/tex/latex/beamer/beamerbasetheorems.sty (/nix/store/rn940m7hdyfzsbyvj68k96f0ipyf1xpf-texlive-2025-r78234-final-env-texmfdist/tex/latex/amsmath/amsmath.sty
Package: amsmath 2025/07/09 v2.17z AMS math features
\@mathmargin=\skip61

For additional information on amsmath, use the `?' option.
(/nix/store/rn940m7hdyfzsbyvj68k96f0ipyf1xpf-texlive-2025-r78234-final-env-texmfdist/tex/latex/amsmath/amstext.sty
Package: amstext 2024/11/17 v2.01 AMS text
 (/nix/store/rn940m7hdyfzsbyvj68k96f0ipyf1xpf-texlive-2025-r78234-final-env-texmfdist/tex/latex/amsmath/amsgen.sty
File: amsgen.sty 1999/11/30 v2.0 generic functions
\@emptytoks=\toks36
\ex@=\dimen290
)) (/nix/store/rn940m7hdyfzsbyvj68k96f0ipyf1xpf-texlive-2025-r78234-final-env-texmfdist/tex/latex/amsmath/amsbsy.sty
Package: amsbsy 1999/11/29 v1.2d Bold Symbols
\pmbraise@=\dimen291
) (/nix/store/rn940m7hdyfzsbyvj68k96f0ipyf1xpf-texlive-2025-r78234-final-env-texmfdist/tex/latex/amsmath/amsopn.sty
Package: amsopn 2022/04/08 v2.04 operator names
)
\inf@bad=\count343
LaTeX Info: Redefining \frac on input line 235.
\uproot@=\count344
\leftroot@=\count345
LaTeX Info: Redefining \overline on input line 398.
LaTeX Info: Redefining \colon on input line 409.
\classnum@=\count346
\DOTSCASE@=\count347
LaTeX Info: Redefining \ldots on input line 495.
LaTeX Info: Redefining \dots on input line 498.
LaTeX Info: Redefining \cdots on input line 619.
\Mathstrutbox@=\box76
\strutbox@=\box77
LaTeX Info: Redefining \big on input line 721.
LaTeX Info: Redefining \Big on input line 722.
LaTeX Info: Redefining \bigg on input line 723.
LaTeX Info: Redefining \Bigg on input line 724.
\big@size=\dimen292
LaTeX Font Info:    Redeclaring font encoding OML on input line 742.
LaTeX Font Info:    Redeclaring font encoding OMS on input line 743.
\macc@depth=\count348
LaTeX Info: Redefining \bmod on input line 904.
LaTeX Info: Redefining \pmod on input line 909.
LaTeX Info: Redefining \smash on input line 939.
LaTeX Info: Redefining \relbar on input line 969.
LaTeX Info: Redefining \Relbar on input line 970.
\c@MaxMatrixCols=\count349
\dotsspace@=\muskip18
\c@parentequation=\count350
\dspbrk@lvl=\count351
\tag@help=\toks37
\row@=\count352
\column@=\count353
\maxfields@=\count354
\andhelp@=\toks38
\eqnshift@=\dimen293
\alignsep@=\dimen294
\tagshift@=\dimen295
\tagwidth@=\dimen296
\totwidth@=\dimen297
\lineht@=\dimen298
\@envbody=\toks39
\multlinegap=\skip62
\multlinetaggap=\skip63
\mathdisplay@stack=\toks40
LaTeX Info: Redefining \[ on input line 2950.
LaTeX Info: Redefining \] on input line 2951.
) (/nix/store/rn940m7hdyfzsbyvj68k96f0ipyf1xpf-texlive-2025-r78234-final-env-texmfdist/tex/latex/amscls/amsthm.sty
Package: amsthm 2020/05/29 v2.20.6
\thm@style=\toks41
\thm@bodyfont=\toks42
\thm@headfont=\toks43
\thm@notefont=\toks44
\thm@headpunct=\toks45
\thm@preskip=\skip64
\thm@postskip=\skip65
\thm@headsep=\skip66
\dth@everypar=\toks46
)
\c@theorem=\count355
) (/nix/store/rn940m7hdyfzsbyvj68k96f0ipyf1xpf-texlive-2025-r78234-final-env-texmfdist/tex/latex/beamer/beamerbasethemes.sty)) (/nix/store/rn940m7hdyfzsbyvj68k96f0ipyf1xpf-texlive-2025-r78234-final-env-texmfdist/tex/latex/beamer/beamerthemedefault.sty (/nix/store/rn940m7hdyfzsbyvj68k96f0ipyf1xpf-texlive-2025-r78234-final-env-texmfdist/tex/latex/beamer/beamerfontthemedefault.sty) (/nix/store/rn940m7hdyfzsbyvj68k96f0ipyf1xpf-texlive-2025-r78234-final-env-texmfdist/tex/latex/beamer/beamercolorthemedefault.sty) (/nix/store/rn940m7hdyfzsbyvj68k96f0ipyf1xpf-texlive-2025-r78234-final-env-texmfdist/tex/latex/beamer/beamerinnerthemedefault.sty
\beamer@dima=\dimen299
\beamer@dimb=\dimen300
) (/nix/store/rn940m7hdyfzsbyvj68k96f0ipyf1xpf-texlive-2025-r78234-final-env-texmfdist/tex/latex/beamer/beamerouterthemedefault.sty))) (/nix/store/rn940m7hdyfzsbyvj68k96f0ipyf1xpf-texlive-2025-r78234-final-env-texmfdist/tex/generic/babel/babel.sty
Package: babel 2026/02/14 v26.3 The multilingual framework for LuaLaTeX, pdfLaTeX and XeLaTeX
 (/nix/store/rn940m7hdyfzsbyvj68k96f0ipyf1xpf-texlive-2025-r78234-final-env-texmfdist/tex/generic/babel/luababel.def
\bbl@readstream=\read3
\l@dumylang=\language2
Package babel Info: Non-standard hyphenation setup on input line 118.
\l@nohyphenation=\language3
\l@german-x-2024-02-28=\language4
\l@ngerman-x-2024-02-28=\language5
\l@afrikaans=\language6
\l@albanian=\language7
\l@ancientgreek=\language8
\l@ibycus=\language9
\l@arabic=\language10
\l@armenian=\language11
\l@basque=\language12
\l@belarusian=\language13
\l@bulgarian=\language14
\l@catalan=\language15
\l@pinyin=\language16
\l@churchslavonic=\language17
\l@coptic=\language18
\l@croatian=\language19
\l@czech=\language20
\l@danish=\language21
\l@dutch=\language22
\l@ukenglish=\language23
\l@usenglishmax=\language24
\l@esperanto=\language25
\l@estonian=\language26
\l@ethiopic=\language27
\l@farsi=\language28
\l@finnish=\language29
\l@schoolfinnish=\language30
\l@french=\language31
\l@friulan=\language32
\l@galician=\language33
\l@georgian=\language34
\l@german=\language35
\l@ngerman=\language36
\l@swissgerman=\language37
\l@greek=\language38
\l@monogreek=\language39
\l@hebrew=\language40
\l@hungarian=\language41
\l@icelandic=\language42
\l@assamese=\language43
\l@bengali=\language44
\l@gujarati=\language45
\l@hindi=\language46
\l@kannada=\language47
\l@malayalam=\language48
\l@marathi=\language49
\l@oriya=\language50
\l@pali=\language51
\l@panjabi=\language52
\l@tamil=\language53
\l@telugu=\language54
\l@indonesian=\language55
\l@interlingua=\language56
\l@irish=\language57
\l@italian=\language58
\l@kurmanji=\language59
\l@classiclatin=\language60
\l@latin=\language61
\l@liturgicallatin=\language62
\l@latvian=\language63
\l@lithuanian=\language64
\l@macedonian=\language65
\l@mongolian=\language66
\l@mongolianlmc=\language67
\l@bokmal=\language68
\l@nynorsk=\language69
\l@occitan=\language70
\l@piedmontese=\language71
\l@polish=\language72
\l@portuguese=\language73
\l@romanian=\language74
\l@romansh=\language75
\l@russian=\language76
\l@sanskrit=\language77
\l@serbian=\language78
\l@serbianc=\language79
\l@slovak=\language80
\l@slovenian=\language81
\l@spanish=\language82
\l@swedish=\language83
\l@thai=\language84
\l@turkish=\language85
\l@turkmen=\language86
\l@ukrainian=\language87
\l@uppersorbian=\language88
\l@vietnamese=\language89
\l@welsh=\language90
\babelcatcodetablenum=\catcodetable14
\bbl@pattcodes=\catcodetable15
)
\babel@savecnt=\count356
LaTeX Encoding Info:    Redeclaring text command \ij (encoding OT1) on input line 2078.
LaTeX Encoding Info:    Redeclaring text command \IJ (encoding OT1) on input line 2080.
LaTeX Encoding Info:    Redeclaring text command \ij (encoding T1) on input line 2082.
LaTeX Encoding Info:    Redeclaring text command \IJ (encoding T1) on input line 2083.
LaTeX Encoding Info:    Ignoring declaration for text command \ij (encoding ?) on input line 2084.
LaTeX Encoding Info:    Ignoring declaration for text command \IJ (encoding ?) on input line 2086.
LaTeX Encoding Info:    Ignoring declaration for text command \SS (encoding ?) on input line 2111.
\U@D=\dimen301
\l@unhyphenated=\language91
 (/nix/store/rn940m7hdyfzsbyvj68k96f0ipyf1xpf-texlive-2025-r78234-final-env-texmfdist/tex/generic/babel/luababel.def
\bbl@attr@locale=\attribute4
)
LaTeX Info: Redefining \textlatin on input line 3974.
 (/nix/store/rn940m7hdyfzsbyvj68k96f0ipyf1xpf-texlive-2025-r78234-final-env-texmfdist/tex/generic/babel/locale/cs/babel-czech.tex)
Package babel Info: Importing font and identification data for czech
(babel)             from babel-cs.ini. Reported on input line 4330.
 (/nix/store/rn940m7hdyfzsbyvj68k96f0ipyf1xpf-texlive-2025-r78234-final-env-texmfdist/tex/generic/babel-czech/czech.ldf
Language: czech 2008/07/06 v3.1a Czech support from the babel system
Package babel Info: Making " an active character on input line 172.
\cs@wordlen=\count357
Package babel Info: Making - an active character on input line 226.

(/nix/store/rn940m7hdyfzsbyvj68k96f0ipyf1xpf-texlive-2025-r78234-final-env-texmfdist/tex/generic/hyph-utf8/loadhyph/loadhyph-cs.tex UTF-8 Czech hyphenation patterns (/nix/store/rn940m7hdyfzsbyvj68k96f0ipyf1xpf-texlive-2025-r78234-final-env-texmfdist/tex/generic/hyph-utf8/patterns/tex/hyph-cs.tex)))) (/nix/store/rn940m7hdyfzsbyvj68k96f0ipyf1xpf-texlive-2025-r78234-final-env-texmfdist/tex/latex/microtype/microtype.sty
Package: microtype 2026/03/01 v3.2d Micro-typographical refinements (RS)
\MT@toks=\toks47
\MT@tempbox=\box78
\MT@count=\count358
LaTeX Info: Redefining \noprotrusionifhmode on input line 1084.
LaTeX Info: Redefining \leftprotrusion on input line 1085.
\MT@prot@toks=\toks48
LaTeX Info: Redefining \rightprotrusion on input line 1104.
LaTeX Info: Redefining \textls on input line 1449.
\MT@outer@kern=\dimen302
LaTeX Info: Redefining \microtypecontext on input line 2053.
LaTeX Info: Redefining \textmicrotypecontext on input line 2070.
\MT@listname@count=\count359
 (/nix/store/rn940m7hdyfzsbyvj68k96f0ipyf1xpf-texlive-2025-r78234-final-env-texmfdist/tex/latex/microtype/microtype-luatex.def
File: microtype-luatex.def 2026/03/01 v3.2d Definitions specific to luatex (RS)
Lua module: microtype 2026/03/01 v3.2d microtype module.
Module microtype Info: overwriting function `keepligature' on input line 63
LaTeX Info: Redefining \lsstyle on input line 779.
LaTeX Info: Redefining \lslig on input line 779.
\MT@outer@space=\skip67
)
Package microtype Info: Loading configuration file microtype.cfg.
 (/nix/store/rn940m7hdyfzsbyvj68k96f0ipyf1xpf-texlive-2025-r78234-final-env-texmfdist/tex/latex/microtype/microtype.cfg
File: microtype.cfg 2026/03/01 v3.2d microtype main configuration file (RS)
)
LaTeX Info: Redefining \microtypesetup on input line 3065.
) (/nix/store/rn940m7hdyfzsbyvj68k96f0ipyf1xpf-texlive-2025-r78234-final-env-texmfdist/tex/latex/csquotes/csquotes.sty
Package: csquotes 2024-04-04 v5.2o context-sensitive quotations (JAW)
\csq@reset=\count360
\csq@gtype=\count361
\csq@glevel=\count362
\csq@qlevel=\count363
\csq@maxlvl=\count364
\csq@tshold=\count365
\csq@ltx@everypar=\toks49
 (/nix/store/rn940m7hdyfzsbyvj68k96f0ipyf1xpf-texlive-2025-r78234-final-env-texmfdist/tex/latex/csquotes/csquotes.def
File: csquotes.def 2024-04-04 v5.2o csquotes generic definitions (JAW)
)
Package csquotes Info: Trying to load configuration file 'csquotes.cfg'...
Package csquotes Info: ... configuration file loaded successfully.
 (/nix/store/rn940m7hdyfzsbyvj68k96f0ipyf1xpf-texlive-2025-r78234-final-env-texmfdist/tex/latex/csquotes/csquotes.cfg
File: csquotes.cfg 
)
Package csquotes Info: Option 'babel' depreciated.
(csquotes)             Using 'autostyle'.
Package csquotes Info: Enabling multilingual quotes.
) (/nix/store/rn940m7hdyfzsbyvj68k96f0ipyf1xpf-texlive-2025-r78234-final-env-texmfdist/tex/latex/isodate/isodate.sty
Package: isodate 2010/01/03 v2.30 Print dates with different formats (HH)
 (/nix/store/rn940m7hdyfzsbyvj68k96f0ipyf1xpf-texlive-2025-r78234-final-env-texmfdist/tex/latex/base/ifthen.sty
Package: ifthen 2024/03/16 v1.1e Standard LaTeX ifthen package (DPC)
) (/nix/store/rn940m7hdyfzsbyvj68k96f0ipyf1xpf-texlive-2025-r78234-final-env-texmfdist/tex/latex/substr/substr.sty
Package: substr 2009/10/20 v1.2 Handle substrings
\c@su@anzahl=\count366
) (/nix/store/rn940m7hdyfzsbyvj68k96f0ipyf1xpf-texlive-2025-r78234-final-env-texmfdist/tex/latex/isodate/english.idf
File: english.idf 2010/01/03 v2.30 Language definitions for isodate package (HH)

Define commands for American date format
)
\c@iso@tmpmonth=\count367
\c@iso@yeartwo=\count368
\c@iso@slash=\count369
\c@iso@minus=\count370
\c@iso@dot=\count371
\c@iso@@slash=\count372
\c@iso@@minus=\count373
\c@iso@@dot=\count374
) (/nix/store/rn940m7hdyfzsbyvj68k96f0ipyf1xpf-texlive-2025-r78234-final-env-texmfdist/tex/latex/base/fontenc.sty
Package: fontenc 2025/07/18 v2.1d Standard LaTeX package
LaTeX Font Info:    Trying to load font information for T1+lmss on input line 116.
 (/nix/store/rn940m7hdyfzsbyvj68k96f0ipyf1xpf-texlive-2025-r78234-final-env-texmfdist/tex/latex/lm/t1lmss.fd
File: t1lmss.fd 2015/05/01 v1.6.1 Font defs for Latin Modern
)) (/nix/store/rn940m7hdyfzsbyvj68k96f0ipyf1xpf-texlive-2025-r78234-final-env-texmfdist/tex/latex/fira/FiraMono.sty
Package: FiraMono 2022/09/17 (Bob Tennent and autoinst) Style file for Fira Mono fonts.
 (/nix/store/rn940m7hdyfzsbyvj68k96f0ipyf1xpf-texlive-2025-r78234-final-env-texmfdist/tex/generic/iftex/ifxetex.sty
Package: ifxetex 2019/10/25 v0.7 ifxetex legacy package. Use iftex instead.
) (/nix/store/rn940m7hdyfzsbyvj68k96f0ipyf1xpf-texlive-2025-r78234-final-env-texmfdist/tex/generic/iftex/ifluatex.sty
Package: ifluatex 2019/10/25 v1.5 ifluatex legacy package. Use iftex instead.
) (/nix/store/rn940m7hdyfzsbyvj68k96f0ipyf1xpf-texlive-2025-r78234-final-env-texmfdist/tex/latex/xkeyval/xkeyval.sty
Package: xkeyval 2025/11/04 v2.10 package option processing (HA)
 (/nix/store/rn940m7hdyfzsbyvj68k96f0ipyf1xpf-texlive-2025-r78234-final-env-texmfdist/tex/generic/xkeyval/xkeyval.tex (/nix/store/rn940m7hdyfzsbyvj68k96f0ipyf1xpf-texlive-2025-r78234-final-env-texmfdist/tex/generic/xkeyval/xkvutils.tex
\XKV@toks=\toks50
\XKV@tempa@toks=\toks51
\XKV@tempb@toks=\toks52
)
\XKV@depth=\count375
File: xkeyval.tex 2014/12/03 v2.7a key=value parser (HA)
)) (/nix/store/rn940m7hdyfzsbyvj68k96f0ipyf1xpf-texlive-2025-r78234-final-env-texmfdist/tex/latex/base/textcomp.sty
Package: textcomp 2024/04/24 v2.1b Standard LaTeX package
) (/nix/store/rn940m7hdyfzsbyvj68k96f0ipyf1xpf-texlive-2025-r78234-final-env-texmfdist/tex/latex/fontspec/fontspec.sty (/nix/store/rn940m7hdyfzsbyvj68k96f0ipyf1xpf-texlive-2025-r78234-final-env-texmfdist/tex/latex/l3packages/xparse/xparse.sty (/nix/store/rn940m7hdyfzsbyvj68k96f0ipyf1xpf-texlive-2025-r78234-final-env-texmfdist/tex/latex/l3kernel/expl3.sty
Package: expl3 2026-01-19 L3 programming layer (loader) 
 (/nix/store/rn940m7hdyfzsbyvj68k96f0ipyf1xpf-texlive-2025-r78234-final-env-texmfdist/tex/latex/l3backend/l3backend-luatex.def
File: l3backend-luatex.def 2025-10-09 L3 backend support: PDF output (LuaTeX)
\l__color_backend_stack_int=\count376
Inserting `l3color' in `luaotfload.parse_color'.))
Package: xparse 2025-10-09 L3 Experimental document command parser
)
Package: fontspec 2025/09/29 v2.9g Font selection for XeLaTeX and LuaLaTeX
Lua module: fontspec 2025/09/29 v2.9g Font selection for XeLaTeX and LuaLaTeX (/nix/store/rn940m7hdyfzsbyvj68k96f0ipyf1xpf-texlive-2025-r78234-final-env-texmfdist/tex/latex/fontspec/fontspec-luatex.sty
Package: fontspec-luatex 2025/09/29 v2.9g Font selection for XeLaTeX and LuaLaTeX
\l__fontspec_script_int=\count377
\l__fontspec_language_int=\count378
\l__fontspec_strnum_int=\count379
\l__fontspec_tmp_int=\count380
\l__fontspec_tmpa_int=\count381
\l__fontspec_tmpb_int=\count382
\l__fontspec_tmpc_int=\count383
\l__fontspec_em_int=\count384
\l__fontspec_emdef_int=\count385
\l__fontspec_strong_int=\count386
\l__fontspec_strongdef_int=\count387
\l__fontspec_tmpa_dim=\dimen303
\l__fontspec_tmpb_dim=\dimen304
\l__fontspec_tmpc_dim=\dimen305
 (/nix/store/rn940m7hdyfzsbyvj68k96f0ipyf1xpf-texlive-2025-r78234-final-env-texmfdist/tex/latex/base/fontenc.sty
Package: fontenc 2025/07/18 v2.1d Standard LaTeX package
) (/nix/store/rn940m7hdyfzsbyvj68k96f0ipyf1xpf-texlive-2025-r78234-final-env-texmfdist/tex/latex/fontspec/fontspec.cfg)))

Package fontspec Info: 
(fontspec)             FiraMono-Regular scale = 1.


Package fontspec Info: 
(fontspec)             FiraMono-Regular scale = 1.


Package fontspec Info: 
(fontspec)             FiraMono-Bold scale = 1.


Package fontspec Info: 
(fontspec)             FiraMono-Oblique scale = 1.


Package fontspec Info: 
(fontspec)             FiraMono-BoldOblique scale = 1.


Package fontspec Info: 
(fontspec)             Font family 'FiraMono(0)' created for font 'FiraMono'
(fontspec)             with options [Ligatures = TeX,HyphenChar=None,Scale =
(fontspec)             1,Extension =
(fontspec)             .otf,WordSpace={1,0,0},HyphenChar=None,PunctuationSpace=WordSpace,Numbers
(fontspec)             = {Monospaced,OldStyle},UprightFont =
(fontspec)             *-Regular,ItalicFont = *-Oblique,BoldFont =
(fontspec)             *-Bold,BoldItalicFont = *-BoldOblique].
(fontspec)              
(fontspec)              This font family consists of the following NFSS
(fontspec)             series/shapes:
(fontspec)              
(fontspec)             - 'normal' (m/n) with NFSS spec.:
(fontspec)             <->s*[1]"[FiraMono-Regular.otf]:mode=node;script=latn;language=dflt;+tlig;+tnum;+onum;"
(fontspec)             - 'bold' (b/n) with NFSS spec.:
(fontspec)             <->s*[1]"[FiraMono-Bold.otf]:mode=node;script=latn;language=dflt;+tlig;+tnum;+onum;"
(fontspec)             - 'italic' (m/it) with NFSS spec.:
(fontspec)             <->s*[1]"[FiraMono-Oblique.otf]:mode=node;script=latn;language=dflt;+tlig;+tnum;+onum;"
(fontspec)             - 'bold italic' (b/it) with NFSS spec.:
(fontspec)             <->s*[1]"[FiraMono-BoldOblique.otf]:mode=node;script=latn;language=dflt;+tlig;+tnum;+onum;"


Package fontspec Info: 
(fontspec)             FiraMono-Regular scale = 1.


Package fontspec Info: 
(fontspec)             FiraMono-Regular scale = 1.


Package fontspec Info: 
(fontspec)             FiraMono-Bold scale = 1.


Package fontspec Info: 
(fontspec)             FiraMono-Oblique scale = 1.


Package fontspec Info: 
(fontspec)             FiraMono-BoldOblique scale = 1.


Package fontspec Info: 
(fontspec)             Font family 'FiraMono(1)' created for font 'FiraMono'
(fontspec)             with options [Ligatures = TeX,HyphenChar=None,Scale =
(fontspec)             1,Extension = .otf,Numbers =
(fontspec)             {Monospaced,OldStyle},UprightFont =
(fontspec)             *-Regular,ItalicFont = *-Oblique,BoldFont =
(fontspec)             *-Bold,BoldItalicFont = *-BoldOblique].
(fontspec)              
(fontspec)              This font family consists of the following NFSS
(fontspec)             series/shapes:
(fontspec)              
(fontspec)             - 'normal' (m/n) with NFSS spec.:
(fontspec)             <->s*[1]"[FiraMono-Regular.otf]:mode=node;script=latn;language=dflt;+tlig;+tnum;+onum;"
(fontspec)             - 'bold' (b/n) with NFSS spec.:
(fontspec)             <->s*[1]"[FiraMono-Bold.otf]:mode=node;script=latn;language=dflt;+tlig;+tnum;+onum;"
(fontspec)             - 'italic' (m/it) with NFSS spec.:
(fontspec)             <->s*[1]"[FiraMono-Oblique.otf]:mode=node;script=latn;language=dflt;+tlig;+tnum;+onum;"
(fontspec)             - 'bold italic' (b/it) with NFSS spec.:
(fontspec)             <->s*[1]"[FiraMono-BoldOblique.otf]:mode=node;script=latn;language=dflt;+tlig;+tnum;+onum;"


Package fontspec Info: 
(fontspec)             FiraMono-Regular scale = 1.


Package fontspec Info: 
(fontspec)             FiraMono-Regular scale = 1.


Package fontspec Info: 
(fontspec)             FiraMono-Bold scale = 1.


Package fontspec Info: 
(fontspec)             FiraMono-Oblique scale = 1.


Package fontspec Info: 
(fontspec)             FiraMono-BoldOblique scale = 1.


Package fontspec Info: 
(fontspec)             Font family 'FiraMono(2)' created for font 'FiraMono'
(fontspec)             with options [Ligatures = TeX,HyphenChar=None,Scale =
(fontspec)             1,Extension = .otf,Numbers =
(fontspec)             {Monospaced,Tabular},UprightFont = *-Regular,ItalicFont
(fontspec)             = *-Oblique,BoldFont = *-Bold,BoldItalicFont =
(fontspec)             *-BoldOblique].
(fontspec)              
(fontspec)              This font family consists of the following NFSS
(fontspec)             series/shapes:
(fontspec)              
(fontspec)             - 'normal' (m/n) with NFSS spec.:
(fontspec)             <->s*[1]"[FiraMono-Regular.otf]:mode=node;script=latn;language=dflt;+tlig;+tnum;"
(fontspec)             - 'bold' (b/n) with NFSS spec.:
(fontspec)             <->s*[1]"[FiraMono-Bold.otf]:mode=node;script=latn;language=dflt;+tlig;+tnum;"
(fontspec)             - 'italic' (m/it) with NFSS spec.:
(fontspec)             <->s*[1]"[FiraMono-Oblique.otf]:mode=node;script=latn;language=dflt;+tlig;+tnum;"
(fontspec)             - 'bold italic' (b/it) with NFSS spec.:
(fontspec)             <->s*[1]"[FiraMono-BoldOblique.otf]:mode=node;script=latn;language=dflt;+tlig;+tnum;"


Package fontspec Info: 
(fontspec)             FiraMono-Medium scale = 1.


Package fontspec Info: 
(fontspec)             FiraMono-Medium scale = 1.


Package fontspec Info: 
(fontspec)             FiraMono-Bold scale = 1.


Package fontspec Info: 
(fontspec)             FiraMono-Oblique scale = 1.


Package fontspec Info: 
(fontspec)             FiraMono-BoldOblique scale = 1.


Package fontspec Info: 
(fontspec)             Font family 'FiraMono(3)' created for font 'FiraMono'
(fontspec)             with options [Ligatures = TeX,HyphenChar=None,Scale =
(fontspec)             1,Extension = .otf,Numbers =
(fontspec)             {Monospaced,OldStyle},UprightFont = *-Medium,ItalicFont
(fontspec)             = *-Oblique,BoldFont = *-Bold,BoldItalicFont =
(fontspec)             *-BoldOblique].
(fontspec)              
(fontspec)              This font family consists of the following NFSS
(fontspec)             series/shapes:
(fontspec)              
(fontspec)             - 'normal' (m/n) with NFSS spec.:
(fontspec)             <->s*[1]"[FiraMono-Medium.otf]:mode=node;script=latn;language=dflt;+tlig;+tnum;+onum;"
(fontspec)             - 'bold' (b/n) with NFSS spec.:
(fontspec)             <->s*[1]"[FiraMono-Bold.otf]:mode=node;script=latn;language=dflt;+tlig;+tnum;+onum;"
(fontspec)             - 'italic' (m/it) with NFSS spec.:
(fontspec)             <->s*[1]"[FiraMono-Oblique.otf]:mode=node;script=latn;language=dflt;+tlig;+tnum;+onum;"
(fontspec)             - 'bold italic' (b/it) with NFSS spec.:
(fontspec)             <->s*[1]"[FiraMono-BoldOblique.otf]:mode=node;script=latn;language=dflt;+tlig;+tnum;+onum;"

)
(/nix/store/rn940m7hdyfzsbyvj68k96f0ipyf1xpf-texlive-2025-r78234-final-env-texmfdist/tex/latex/beamertheme-metropolis/beamerthememetropolis.sty
Package: beamerthememetropolis 2017/01/23 v1.2 Metropolis Beamer theme
 (/nix/store/rn940m7hdyfzsbyvj68k96f0ipyf1xpf-texlive-2025-r78234-final-env-texmfdist/tex/latex/pgfopts/pgfopts.sty
Package: pgfopts 2014/07/10 v2.1a LaTeX package options with pgfkeys
\pgfopts@list@add@a@toks=\toks53
\pgfopts@list@add@b@toks=\toks54
) (/nix/store/rn940m7hdyfzsbyvj68k96f0ipyf1xpf-texlive-2025-r78234-final-env-texmfdist/tex/latex/beamertheme-metropolis/beamerinnerthememetropolis.sty
Package: beamerinnerthememetropolis 2017/01/23 Metropolis inner theme
 (/nix/store/rn940m7hdyfzsbyvj68k96f0ipyf1xpf-texlive-2025-r78234-final-env-texmfdist/tex/latex/tools/calc.sty
Package: calc 2025/03/01 v4.3b Infix arithmetic (KKT,FJ)
\calc@Acount=\count388
\calc@Bcount=\count389
\calc@Adimen=\dimen306
\calc@Bdimen=\dimen307
\calc@Askip=\skip68
\calc@Bskip=\skip69
LaTeX Info: Redefining \setlength on input line 86.
LaTeX Info: Redefining \addtolength on input line 87.
\calc@Ccount=\count390
\calc@Cskip=\skip70
) (/nix/store/rn940m7hdyfzsbyvj68k96f0ipyf1xpf-texlive-2025-r78234-final-env-texmfdist/tex/latex/pgf/frontendlayer/tikz.sty (/nix/store/rn940m7hdyfzsbyvj68k96f0ipyf1xpf-texlive-2025-r78234-final-env-texmfdist/tex/latex/pgf/basiclayer/pgf.sty
Package: pgf 2025-08-29 v3.1.11a (3.1.11a)
 (/nix/store/rn940m7hdyfzsbyvj68k96f0ipyf1xpf-texlive-2025-r78234-final-env-texmfdist/tex/generic/pgf/modules/pgfmoduleshapes.code.tex
File: pgfmoduleshapes.code.tex 2025-08-29 v3.1.11a (3.1.11a)
\pgfnodeparttextbox=\box79
) (/nix/store/rn940m7hdyfzsbyvj68k96f0ipyf1xpf-texlive-2025-r78234-final-env-texmfdist/tex/generic/pgf/modules/pgfmoduleplot.code.tex
File: pgfmoduleplot.code.tex 2025-08-29 v3.1.11a (3.1.11a)
) (/nix/store/rn940m7hdyfzsbyvj68k96f0ipyf1xpf-texlive-2025-r78234-final-env-texmfdist/tex/latex/pgf/compatibility/pgfcomp-version-0-65.sty
Package: pgfcomp-version-0-65 2025-08-29 v3.1.11a (3.1.11a)
\pgf@nodesepstart=\dimen308
\pgf@nodesepend=\dimen309
) (/nix/store/rn940m7hdyfzsbyvj68k96f0ipyf1xpf-texlive-2025-r78234-final-env-texmfdist/tex/latex/pgf/compatibility/pgfcomp-version-1-18.sty
Package: pgfcomp-version-1-18 2025-08-29 v3.1.11a (3.1.11a)
)) (/nix/store/rn940m7hdyfzsbyvj68k96f0ipyf1xpf-texlive-2025-r78234-final-env-texmfdist/tex/latex/pgf/utilities/pgffor.sty (/nix/store/rn940m7hdyfzsbyvj68k96f0ipyf1xpf-texlive-2025-r78234-final-env-texmfdist/tex/generic/pgf/utilities/pgffor.code.tex
Package: pgffor 2025-08-29 v3.1.11a (3.1.11a)
\pgffor@iter=\dimen310
\pgffor@skip=\dimen311
\pgffor@stack=\toks55
\pgffor@toks=\toks56
)) (/nix/store/rn940m7hdyfzsbyvj68k96f0ipyf1xpf-texlive-2025-r78234-final-env-texmfdist/tex/generic/pgf/frontendlayer/tikz/tikz.code.tex
Package: tikz 2025-08-29 v3.1.11a (3.1.11a)
 (/nix/store/rn940m7hdyfzsbyvj68k96f0ipyf1xpf-texlive-2025-r78234-final-env-texmfdist/tex/generic/pgf/libraries/pgflibraryplothandlers.code.tex
File: pgflibraryplothandlers.code.tex 2025-08-29 v3.1.11a (3.1.11a)
\pgf@plot@mark@count=\count391
\pgfplotmarksize=\dimen312
)
\tikz@lastx=\dimen313
\tikz@lasty=\dimen314
\tikz@lastxsaved=\dimen315
\tikz@lastysaved=\dimen316
\tikz@lastmovetox=\dimen317
\tikz@lastmovetoy=\dimen318
\tikzleveldistance=\dimen319
\tikzsiblingdistance=\dimen320
\tikz@figbox=\box80
\tikz@figbox@bg=\box81
\tikz@tempbox=\box82
\tikz@tempbox@bg=\box83
\tikztreelevel=\count392
\tikznumberofchildren=\count393
\tikznumberofcurrentchild=\count394
\tikz@fig@count=\count395
 (/nix/store/rn940m7hdyfzsbyvj68k96f0ipyf1xpf-texlive-2025-r78234-final-env-texmfdist/tex/generic/pgf/modules/pgfmodulematrix.code.tex
File: pgfmodulematrix.code.tex 2025-08-29 v3.1.11a (3.1.11a)
\pgfmatrixcurrentrow=\count396
\pgfmatrixcurrentcolumn=\count397
\pgf@matrix@numberofcolumns=\count398
)
\tikz@expandcount=\count399

(/nix/store/rn940m7hdyfzsbyvj68k96f0ipyf1xpf-texlive-2025-r78234-final-env-texmfdist/tex/generic/pgf/frontendlayer/tikz/libraries/tikzlibrarytopaths.code.tex
File: tikzlibrarytopaths.code.tex 2025-08-29 v3.1.11a (3.1.11a)
)))
\metropolis@titleseparator@linewidth=\skip71
\metropolis@progressonsectionpage=\skip72
\metropolis@progressonsectionpage@linewidth=\skip73
\metropolis@blocksep=\skip74
\metropolis@blockadjust=\skip75
\metropolis@parskip=\skip76
) (/nix/store/rn940m7hdyfzsbyvj68k96f0ipyf1xpf-texlive-2025-r78234-final-env-texmfdist/tex/latex/beamertheme-metropolis/beamerouterthememetropolis.sty
Package: beamerouterthememetropolis 2017/01/23 Metropolis outer theme
\metropolis@frametitle@padding=\skip77
\metropolis@progressinheadfoot=\skip78
\metropolis@progressinheadfoot@linewidth=\skip79
) (/nix/store/rn940m7hdyfzsbyvj68k96f0ipyf1xpf-texlive-2025-r78234-final-env-texmfdist/tex/latex/beamertheme-metropolis/beamercolorthememetropolis.sty
Package: beamercolorthememetropolis 2017/01/23 Metropolis color theme
) (/nix/store/rn940m7hdyfzsbyvj68k96f0ipyf1xpf-texlive-2025-r78234-final-env-texmfdist/tex/latex/beamertheme-metropolis/beamerfontthememetropolis.sty
Package: beamerfontthememetropolis 2017/01/23 Metropolis font theme
\c@fontsnotfound=\count400
luaotfload | cache : Lookup cache loaded from /home/tesserekt/.texlive2025/texmf-var/luatex-cache/generic/names/luaotfload-lookup-cache.luc.

Package fontspec Info: 
(fontspec)             Font family 'FiraSansLight(0)' created for font 'Fira
(fontspec)             Sans Light' with options
(fontspec)             [Ligatures=TeX,ItalicFont={Fira Sans Light
(fontspec)             Italic},BoldFont={Fira Sans},BoldItalicFont={Fira Sans
(fontspec)             Italic}].
(fontspec)              
(fontspec)              This font family consists of the following NFSS
(fontspec)             series/shapes:
(fontspec)              
(fontspec)             - 'normal' (m/n) with NFSS spec.: <->"name:Fira Sans
(fontspec)             Light:mode=node;script=latn;language=dflt;+tlig;"
(fontspec)             - 'small caps'  (m/sc) with NFSS spec.: <->"name:Fira
(fontspec)             Sans
(fontspec)             Light:mode=node;script=latn;language=dflt;+tlig;+smcp;"
(fontspec)             - 'bold' (b/n) with NFSS spec.: <->"name:Fira
(fontspec)             Sans:mode=node;script=latn;language=dflt;+tlig;"
(fontspec)             - 'bold small caps'  (b/sc) with NFSS spec.:
(fontspec)             <->"name:Fira
(fontspec)             Sans:mode=node;script=latn;language=dflt;+tlig;+smcp;"
(fontspec)             - 'italic' (m/it) with NFSS spec.: <->"name:Fira Sans
(fontspec)             Light
(fontspec)             Italic:mode=node;script=latn;language=dflt;+tlig;"
(fontspec)             - 'italic small caps'  (m/scit) with NFSS spec.:
(fontspec)             <->"name:Fira Sans Light
(fontspec)             Italic:mode=node;script=latn;language=dflt;+tlig;+smcp;"
(fontspec)             - 'bold italic' (b/it) with NFSS spec.: <->"name:Fira
(fontspec)             Sans Italic:mode=node;script=latn;language=dflt;+tlig;"
(fontspec)             - 'bold italic small caps'  (b/scit) with NFSS spec.:
(fontspec)             <->"name:Fira Sans
(fontspec)             Italic:mode=node;script=latn;language=dflt;+tlig;+smcp;"


Package fontspec Info: 
(fontspec)             Could not resolve font "Fira Mono Medium/I" (it
(fontspec)             probably doesn't exist).


Package fontspec Info: 
(fontspec)             Font family 'FiraMono(4)' created for font 'Fira Mono'
(fontspec)             with options
(fontspec)             [WordSpace={1,0,0},HyphenChar=None,PunctuationSpace=WordSpace,BoldFont={Fira
(fontspec)             Mono Medium}].
(fontspec)              
(fontspec)              This font family consists of the following NFSS
(fontspec)             series/shapes:
(fontspec)              
(fontspec)             - 'normal' (m/n) with NFSS spec.: <->"name:Fira
(fontspec)             Mono:mode=node;script=latn;language=dflt;"
(fontspec)             - 'bold' (b/n) with NFSS spec.: <->"name:Fira Mono
(fontspec)             Medium:mode=node;script=latn;language=dflt;"
(fontspec)             - 'italic' (m/it) with NFSS spec.: <->"name:Fira
(fontspec)             Mono/I:mode=node;script=latn;language=dflt;"
(fontspec)             - 'bold italic' (b/it) with NFSS spec.: <->"name:Fira
(fontspec)             Mono/BI:mode=node;script=latn;language=dflt;"

)) (/nix/store/rn940m7hdyfzsbyvj68k96f0ipyf1xpf-texlive-2025-r78234-final-env-texmfdist/tex/latex/pgfplots/pgfplots.sty (/nix/store/rn940m7hdyfzsbyvj68k96f0ipyf1xpf-texlive-2025-r78234-final-env-texmfdist/tex/generic/pgfplots/pgfplots.revision.tex)
Package: pgfplots 2025/08/14 v1.18.2 Data Visualization (1.18.2)
 (/nix/store/rn940m7hdyfzsbyvj68k96f0ipyf1xpf-texlive-2025-r78234-final-env-texmfdist/tex/generic/pgfplots/pgfplots.code.tex (/nix/store/rn940m7hdyfzsbyvj68k96f0ipyf1xpf-texlive-2025-r78234-final-env-texmfdist/tex/generic/pgfplots/pgfplotscore.code.tex
Package pgfplots info on input line 124: Initializing with LUA version Lua 5.3
\pgfplots@luabackend@table=\catcodetable16
\t@pgfplots@toka=\toks57
\t@pgfplots@tokb=\toks58
\t@pgfplots@tokc=\toks59
\pgfplots@tmpa=\dimen321
\c@pgfplots@coordindex=\count401
\c@pgfplots@scanlineindex=\count402
 (/nix/store/rn940m7hdyfzsbyvj68k96f0ipyf1xpf-texlive-2025-r78234-final-env-texmfdist/tex/generic/pgfplots/sys/pgfplotssysgeneric.code.tex)) (/nix/store/rn940m7hdyfzsbyvj68k96f0ipyf1xpf-texlive-2025-r78234-final-env-texmfdist/tex/generic/pgfplots/libs/pgfplotslibrary.code.tex) (/nix/store/rn940m7hdyfzsbyvj68k96f0ipyf1xpf-texlive-2025-r78234-final-env-texmfdist/tex/generic/pgfplots/oldpgfcompatib/pgfplotsoldpgfsupp_loader.code.tex (/nix/store/rn940m7hdyfzsbyvj68k96f0ipyf1xpf-texlive-2025-r78234-final-env-texmfdist/tex/generic/pgf/libraries/pgflibraryfpu.code.tex) (/nix/store/rn940m7hdyfzsbyvj68k96f0ipyf1xpf-texlive-2025-r78234-final-env-texmfdist/tex/generic/pgfplots/oldpgfcompatib/pgfplotsoldpgfsupp_pgfutil-common-lists.tex) (/nix/store/rn940m7hdyfzsbyvj68k96f0ipyf1xpf-texlive-2025-r78234-final-env-texmfdist/tex/generic/pgf/libraries/luamath/pgflibraryluamath.code.tex)
Package pgfplots info on input line 292: luamath library shipped with pgf 3.1.11a is up-to-date
)
(/nix/store/rn940m7hdyfzsbyvj68k96f0ipyf1xpf-texlive-2025-r78234-final-env-texmfdist/tex/generic/pgfplots/util/pgfplotsutil.code.tex
Package pgfplots info on input line 82: Found new luatex: initializing lua commands instead of write18 (shell-escape)
 (/nix/store/rn940m7hdyfzsbyvj68k96f0ipyf1xpf-texlive-2025-r78234-final-env-texmfdist/tex/generic/pgfplots/liststructure/pgfplotsliststructure.code.tex) (/nix/store/rn940m7hdyfzsbyvj68k96f0ipyf1xpf-texlive-2025-r78234-final-env-texmfdist/tex/generic/pgfplots/liststructure/pgfplotsliststructureext.code.tex) (/nix/store/rn940m7hdyfzsbyvj68k96f0ipyf1xpf-texlive-2025-r78234-final-env-texmfdist/tex/generic/pgfplots/liststructure/pgfplotsarray.code.tex
\c@pgfplotsarray@tmp=\count403
) (/nix/store/rn940m7hdyfzsbyvj68k96f0ipyf1xpf-texlive-2025-r78234-final-env-texmfdist/tex/generic/pgfplots/liststructure/pgfplotsmatrix.code.tex) (/nix/store/rn940m7hdyfzsbyvj68k96f0ipyf1xpf-texlive-2025-r78234-final-env-texmfdist/tex/generic/pgfplots/numtable/pgfplotstableshared.code.tex
\c@pgfplotstable@counta=\count404
\t@pgfplotstable@a=\toks60
) (/nix/store/rn940m7hdyfzsbyvj68k96f0ipyf1xpf-texlive-2025-r78234-final-env-texmfdist/tex/generic/pgfplots/liststructure/pgfplotsdeque.code.tex) (/nix/store/rn940m7hdyfzsbyvj68k96f0ipyf1xpf-texlive-2025-r78234-final-env-texmfdist/tex/generic/pgfplots/util/pgfplotsbinary.code.tex (/nix/store/rn940m7hdyfzsbyvj68k96f0ipyf1xpf-texlive-2025-r78234-final-env-texmfdist/tex/generic/pgfplots/util/pgfplotsbinary.data.code.tex)) (/nix/store/rn940m7hdyfzsbyvj68k96f0ipyf1xpf-texlive-2025-r78234-final-env-texmfdist/tex/generic/pgfplots/util/pgfplotsutil.verb.code.tex) (/nix/store/rn940m7hdyfzsbyvj68k96f0ipyf1xpf-texlive-2025-r78234-final-env-texmfdist/tex/generic/pgfplots/libs/pgflibrarypgfplots.surfshading.code.tex
\c@pgfplotslibrarysurf@no=\count405
 (/nix/store/rn940m7hdyfzsbyvj68k96f0ipyf1xpf-texlive-2025-r78234-final-env-texmfdist/tex/generic/pgfplots/sys/pgflibrarypgfplots.surfshading.pgfsys-luatex.def))) (/nix/store/rn940m7hdyfzsbyvj68k96f0ipyf1xpf-texlive-2025-r78234-final-env-texmfdist/tex/generic/pgfplots/util/pgfplotscolormap.code.tex
(/nix/store/rn940m7hdyfzsbyvj68k96f0ipyf1xpf-texlive-2025-r78234-final-env-texmfdist/tex/generic/pgfplots/util/pgfplotscolor.code.tex)) (/nix/store/rn940m7hdyfzsbyvj68k96f0ipyf1xpf-texlive-2025-r78234-final-env-texmfdist/tex/generic/pgfplots/pgfplotsstackedplots.code.tex) (/nix/store/rn940m7hdyfzsbyvj68k96f0ipyf1xpf-texlive-2025-r78234-final-env-texmfdist/tex/generic/pgfplots/pgfplotsplothandlers.code.tex (/nix/store/rn940m7hdyfzsbyvj68k96f0ipyf1xpf-texlive-2025-r78234-final-env-texmfdist/tex/generic/pgfplots/pgfplotsmeshplothandler.code.tex (/nix/store/rn940m7hdyfzsbyvj68k96f0ipyf1xpf-texlive-2025-r78234-final-env-texmfdist/tex/generic/pgfplots/pgfplotsmeshplotimage.code.tex))) (/nix/store/rn940m7hdyfzsbyvj68k96f0ipyf1xpf-texlive-2025-r78234-final-env-texmfdist/tex/generic/pgfplots/pgfplots.scaling.code.tex) (/nix/store/rn940m7hdyfzsbyvj68k96f0ipyf1xpf-texlive-2025-r78234-final-env-texmfdist/tex/generic/pgfplots/pgfplotscoordprocessing.code.tex) (/nix/store/rn940m7hdyfzsbyvj68k96f0ipyf1xpf-texlive-2025-r78234-final-env-texmfdist/tex/generic/pgfplots/pgfplots.errorbars.code.tex) (/nix/store/rn940m7hdyfzsbyvj68k96f0ipyf1xpf-texlive-2025-r78234-final-env-texmfdist/tex/generic/pgfplots/pgfplots.markers.code.tex) (/nix/store/rn940m7hdyfzsbyvj68k96f0ipyf1xpf-texlive-2025-r78234-final-env-texmfdist/tex/generic/pgfplots/pgfplotsticks.code.tex) (/nix/store/rn940m7hdyfzsbyvj68k96f0ipyf1xpf-texlive-2025-r78234-final-env-texmfdist/tex/generic/pgfplots/pgfplots.paths.code.tex) (/nix/store/rn940m7hdyfzsbyvj68k96f0ipyf1xpf-texlive-2025-r78234-final-env-texmfdist/tex/generic/pgf/frontendlayer/tikz/libraries/tikzlibrarydecorations.code.tex (/nix/store/rn940m7hdyfzsbyvj68k96f0ipyf1xpf-texlive-2025-r78234-final-env-texmfdist/tex/generic/pgf/modules/pgfmoduledecorations.code.tex
\pgfdecoratedcompleteddistance=\dimen322
\pgfdecoratedremainingdistance=\dimen323
\pgfdecoratedinputsegmentcompleteddistance=\dimen324
\pgfdecoratedinputsegmentremainingdistance=\dimen325
\pgf@decorate@distancetomove=\dimen326
\pgf@decorate@repeatstate=\count406
\pgfdecorationsegmentamplitude=\dimen327
\pgfdecorationsegmentlength=\dimen328
)
\tikz@lib@dec@box=\box84
) (/nix/store/rn940m7hdyfzsbyvj68k96f0ipyf1xpf-texlive-2025-r78234-final-env-texmfdist/tex/generic/pgf/frontendlayer/tikz/libraries/tikzlibrarydecorations.pathmorphing.code.tex
(/nix/store/rn940m7hdyfzsbyvj68k96f0ipyf1xpf-texlive-2025-r78234-final-env-texmfdist/tex/generic/pgf/libraries/decorations/pgflibrarydecorations.pathmorphing.code.tex)) (/nix/store/rn940m7hdyfzsbyvj68k96f0ipyf1xpf-texlive-2025-r78234-final-env-texmfdist/tex/generic/pgf/frontendlayer/tikz/libraries/tikzlibrarydecorations.pathreplacing.code.tex (/nix/store/rn940m7hdyfzsbyvj68k96f0ipyf1xpf-texlive-2025-r78234-final-env-texmfdist/tex/generic/pgf/libraries/decorations/pgflibrarydecorations.pathreplacing.code.tex)) (/nix/store/rn940m7hdyfzsbyvj68k96f0ipyf1xpf-texlive-2025-r78234-final-env-texmfdist/tex/generic/pgfplots/libs/tikzlibrarypgfplots.contourlua.code.tex)
\pgfplots@numplots=\count407
\pgfplots@xmin@reg=\dimen329
\pgfplots@xmax@reg=\dimen330
\pgfplots@ymin@reg=\dimen331
\pgfplots@ymax@reg=\dimen332
\pgfplots@zmin@reg=\dimen333
\pgfplots@zmax@reg=\dimen334
) (/nix/store/rn940m7hdyfzsbyvj68k96f0ipyf1xpf-texlive-2025-r78234-final-env-texmfdist/tex/generic/pgf/frontendlayer/tikz/libraries/tikzlibraryplotmarks.code.tex
File: tikzlibraryplotmarks.code.tex 2025-08-29 v3.1.11a (3.1.11a)
 (/nix/store/rn940m7hdyfzsbyvj68k96f0ipyf1xpf-texlive-2025-r78234-final-env-texmfdist/tex/generic/pgf/libraries/pgflibraryplotmarks.code.tex
File: pgflibraryplotmarks.code.tex 2025-08-29 v3.1.11a (3.1.11a)
))) (/nix/store/rn940m7hdyfzsbyvj68k96f0ipyf1xpf-texlive-2025-r78234-final-env-texmfdist/tex/latex/siunitx/siunitx.sty
Package: siunitx 2025-07-09 v3.4.14 A comprehensive (SI) units package
\l__siunitx_number_uncert_offset_int=\count408
\l__siunitx_number_exponent_fixed_int=\count409
\l__siunitx_number_min_decimal_int=\count410
\l__siunitx_number_min_integer_int=\count411
\l__siunitx_number_round_precision_int=\count412
\l__siunitx_number_lower_threshold_int=\count413
\l__siunitx_number_upper_threshold_int=\count414
\l__siunitx_number_group_first_int=\count415
\l__siunitx_number_group_size_int=\count416
\l__siunitx_number_group_minimum_int=\count417
\l__siunitx_angle_tmp_dim=\dimen335
\l__siunitx_angle_marker_box=\box85
\l__siunitx_angle_unit_box=\box86
\l__siunitx_compound_count_int=\count418
 (/nix/store/rn940m7hdyfzsbyvj68k96f0ipyf1xpf-texlive-2025-r78234-final-env-texmfdist/tex/latex/translations/translations.sty
Package: translations 2022/02/05 v1.12 internationalization of LaTeX2e packages (CN)
)
\l__siunitx_table_tmp_box=\box87
\l__siunitx_table_tmp_dim=\dimen336
\l__siunitx_table_column_width_dim=\dimen337
\l__siunitx_table_integer_box=\box88
\l__siunitx_table_decimal_box=\box89
\l__siunitx_table_uncert_box=\box90
\l__siunitx_table_before_box=\box91
\l__siunitx_table_after_box=\box92
\l__siunitx_table_before_dim=\dimen338
\l__siunitx_table_carry_dim=\dimen339
\l__siunitx_unit_tmp_int=\count419
\l__siunitx_unit_position_int=\count420
\l__siunitx_unit_total_int=\count421
 (/nix/store/rn940m7hdyfzsbyvj68k96f0ipyf1xpf-texlive-2025-r78234-final-env-texmfdist/tex/latex/tools/array.sty
Package: array 2025/09/25 v2.6n Tabular extension package (FMi)
\col@sep=\dimen340
\ar@mcellbox=\box93
\extrarowheight=\dimen341
\NC@list=\toks61
\extratabsurround=\skip80
\backup@length=\skip81
\ar@cellbox=\box94
))
\sympureletters=\mathgroup6
LaTeX Font Info:    Overwriting symbol font `pureletters' in version `bold'
(Font)                  OT1/mathkerncmss/m/sl --> OT1/mathkerncmss/bx/sl on input line 31.
 (/nix/store/rn940m7hdyfzsbyvj68k96f0ipyf1xpf-texlive-2025-r78234-final-env-texmfdist/tex/latex/tools/bm.sty
Package: bm 2025/10/21 v1.2g Bold Symbol Support (DPC/FMi)
\symboldoperators=\mathgroup7
\symboldletters=\mathgroup8
\symboldsymbols=\mathgroup9
Package bm Info: No bold for \OMX/cmex/m/n, using \pmb.
Package bm Info: No bold for \U/msa/m/n, using \pmb.
Package bm Info: No bold for \U/msb/m/n, using \pmb.
\symboldpureletters=\mathgroup10
LaTeX Font Info:    Redeclaring math alphabet \mathbf on input line 149.
) (/nix/store/rn940m7hdyfzsbyvj68k96f0ipyf1xpf-texlive-2025-r78234-final-env-texmfdist/tex/latex/doublestroke/dsfont.sty
Package: dsfont 1995/08/01 v0.1 Double stroke roman fonts
) (/nix/store/rn940m7hdyfzsbyvj68k96f0ipyf1xpf-texlive-2025-r78234-final-env-texmfdist/tex/latex/mathtools/mathtools.sty
Package: mathtools 2024/10/04 v1.31 mathematical typesetting tools
 (/nix/store/rn940m7hdyfzsbyvj68k96f0ipyf1xpf-texlive-2025-r78234-final-env-texmfdist/tex/latex/mathtools/mhsetup.sty
Package: mhsetup 2021/03/18 v1.4 programming setup (MH)
)
\g_MT_multlinerow_int=\count422
\l_MT_multwidth_dim=\dimen342
\origjot=\skip82
\l_MT_shortvdotswithinadjustabove_dim=\dimen343
\l_MT_shortvdotswithinadjustbelow_dim=\dimen344
\l_MT_above_intertext_sep=\dimen345
\l_MT_below_intertext_sep=\dimen346
\l_MT_above_shortintertext_sep=\dimen347
\l_MT_below_shortintertext_sep=\dimen348
\xmathstrut@box=\box95
\xmathstrut@dim=\dimen349
) (/nix/store/rn940m7hdyfzsbyvj68k96f0ipyf1xpf-texlive-2025-r78234-final-env-texmfdist/tex/latex/booktabs/booktabs.sty
Package: booktabs 2020/01/12 v1.61803398 Publication quality tables
\heavyrulewidth=\dimen350
\lightrulewidth=\dimen351
\cmidrulewidth=\dimen352
\belowrulesep=\dimen353
\belowbottomsep=\dimen354
\aboverulesep=\dimen355
\abovetopsep=\dimen356
\cmidrulesep=\dimen357
\cmidrulekern=\dimen358
\defaultaddspace=\dimen359
\@cmidla=\count423
\@cmidlb=\count424
\@aboverulesep=\dimen360
\@belowrulesep=\dimen361
\@thisruleclass=\count425
\@lastruleclass=\count426
\@thisrulewidth=\dimen362
)
(/nix/store/rn940m7hdyfzsbyvj68k96f0ipyf1xpf-texlive-2025-r78234-final-env-texmfdist/tex/latex/tools/tabularx.sty
Package: tabularx 2023/12/11 v2.12a `tabularx' package (DPC)
\TX@col@width=\dimen363
\TX@old@table=\dimen364
\TX@old@col=\dimen365
\TX@target=\dimen366
\TX@delta=\dimen367
\TX@cols=\count427
\TX@ftn=\toks62
) (./setup-colors.tex) (./setup-beamer.tex) (./setup-math.tex
\c@thm=\count428
\c@lem=\count429
\c@prop=\count430
)
\c@cor=\count431
 (./setup-plots.tex)
Package csquotes Info: Checking for multilingual support...
Package csquotes Info: ... found 'babel' package.
 (/nix/store/rn940m7hdyfzsbyvj68k96f0ipyf1xpf-texlive-2025-r78234-final-env-texmfdist/tex/latex/beamertheme-metropolis/pgfplotsthemetol.sty
Package: pgfplotsthemetol 2017/01/23 PGFplots colors based on Paul Tol's SRON technical note
) (./presentation.aux
Package babel Info: 'czech' activates 'czech' shorthands.
(babel)             Reported on input line 9.
)
\openout1 = presentation.aux

LaTeX Font Info:    Checking defaults for OML/cmm/m/it on input line 55.
LaTeX Font Info:    ... okay on input line 55.
LaTeX Font Info:    Checking defaults for OMS/cmsy/m/n on input line 55.
LaTeX Font Info:    ... okay on input line 55.
LaTeX Font Info:    Checking defaults for OT1/cmr/m/n on input line 55.
LaTeX Font Info:    ... okay on input line 55.
LaTeX Font Info:    Checking defaults for T1/cmr/m/n on input line 55.
LaTeX Font Info:    ... okay on input line 55.
LaTeX Font Info:    Checking defaults for TS1/cmr/m/n on input line 55.
LaTeX Font Info:    ... okay on input line 55.
LaTeX Font Info:    Checking defaults for TU/lmr/m/n on input line 55.
LaTeX Font Info:    ... okay on input line 55.
LaTeX Font Info:    Checking defaults for OMX/cmex/m/n on input line 55.
LaTeX Font Info:    ... okay on input line 55.
LaTeX Font Info:    Checking defaults for U/cmr/m/n on input line 55.
LaTeX Font Info:    ... okay on input line 55.
LaTeX Font Info:    Checking defaults for PD1/pdf/m/n on input line 55.
LaTeX Font Info:    ... okay on input line 55.
LaTeX Font Info:    Checking defaults for PU/pdf/m/n on input line 55.
LaTeX Font Info:    ... okay on input line 55.

*geometry* driver: auto-detecting
*geometry* detected driver: luatex
*geometry* verbose mode - [ preamble ] result:
* driver: luatex
* paper: custom
* layout: <same size as paper>
* layoutoffset:(h,v)=(0.0pt,0.0pt)
* modes: includehead includefoot 
* h-part:(L,W,R)=(28.45274pt, 398.3386pt, 28.45274pt)
* v-part:(T,H,B)=(0.0pt, 256.0748pt, 0.0pt)
* \paperwidth=455.24408pt
* \paperheight=256.0748pt
* \textwidth=398.3386pt
* \textheight=227.62207pt
* \oddsidemargin=-43.81725pt
* \evensidemargin=-43.81725pt
* \topmargin=-72.26999pt
* \headheight=14.22636pt
* \headsep=0.0pt
* \topskip=11.0pt
* \footskip=14.22636pt
* \marginparwidth=4.0pt
* \marginparsep=10.0pt
* \columnsep=10.0pt
* \skip\footins=10.0pt plus 4.0pt minus 2.0pt
* \hoffset=0.0pt
* \voffset=0.0pt
* \mag=1000
* \@twocolumnfalse
* \@twosidefalse
* \@mparswitchfalse
* \@reversemarginfalse
* (1in=72.27pt=25.4mm, 1cm=28.453pt)

(/nix/store/rn940m7hdyfzsbyvj68k96f0ipyf1xpf-texlive-2025-r78234-final-env-texmfdist/tex/context/base/mkii/supp-pdf.mkii
[Loading MPS to PDF converter (version 2006.09.02).]
\scratchcounter=\count432
\scratchdimen=\dimen368
\scratchbox=\box96
\nofMPsegments=\count433
\nofMParguments=\count434
\everyMPshowfont=\toks63
\MPscratchCnt=\count435
\MPscratchDim=\dimen369
\MPnumerator=\count436
\makeMPintoPDFobject=\count437
\everyMPtoPDFconversion=\toks64
) (/nix/store/rn940m7hdyfzsbyvj68k96f0ipyf1xpf-texlive-2025-r78234-final-env-texmfdist/tex/latex/epstopdf-pkg/epstopdf-base.sty
Package: epstopdf-base 2020-01-24 v2.11 Base part for package epstopdf
Package epstopdf-base Info: Redefining graphics rule for `.eps' on input line 485.
 (/nix/store/rn940m7hdyfzsbyvj68k96f0ipyf1xpf-texlive-2025-r78234-final-env-texmfdist/tex/latex/latexconfig/epstopdf-sys.cfg
File: epstopdf-sys.cfg 2010/07/13 v1.3 Configuration of (r)epstopdf for TeX Live
))
Package hyperref Info: Link coloring OFF on input line 55.
 (./presentation.out) (./presentation.out)
\@outlinefile=\write5

\openout5 = presentation.out
LaTeX Font Info:    Overwriting symbol font `operators' in version `normal'
(Font)                  OT1/cmr/m/n --> OT1/cmss/m/n on input line 55.
LaTeX Font Info:    Overwriting symbol font `operators' in version `bold'
(Font)                  OT1/cmr/bx/n --> OT1/cmss/b/n on input line 55.
\symnumbers=\mathgroup11
LaTeX Font Info:    Redeclaring symbol font `pureletters' on input line 55.
LaTeX Font Info:    Encoding `OT1' has changed to `TU' for symbol font
(Font)              `pureletters' in the math version `normal' on input line 55.
LaTeX Font Info:    Overwriting symbol font `pureletters' in version `normal'
(Font)                  OT1/mathkerncmss/m/sl --> TU/FiraSansLight(0)/m/it on input line 55.
LaTeX Font Info:    Encoding `OT1' has changed to `TU' for symbol font
(Font)              `pureletters' in the math version `bold' on input line 55.
LaTeX Font Info:    Overwriting symbol font `pureletters' in version `bold'
(Font)                  OT1/mathkerncmss/bx/sl --> TU/FiraSansLight(0)/m/it on input line 55.
LaTeX Font Info:    Overwriting math alphabet `\mathrm' in version `normal'
(Font)                  OT1/cmss/m/n --> TU/lmr/m/n on input line 55.
LaTeX Font Info:    Redeclaring math alphabet \mathbf on input line 55.
LaTeX Font Info:    Redeclaring math alphabet \mathsf on input line 55.
LaTeX Font Info:    Overwriting math alphabet `\mathsf' in version `normal'
(Font)                  OT1/cmss/m/n --> TU/FiraSansLight(0)/m/n on input line 55.
LaTeX Font Info:    Overwriting math alphabet `\mathsf' in version `bold'
(Font)                  OT1/cmss/bx/n --> TU/FiraSansLight(0)/m/n on input line 55.
LaTeX Font Info:    Redeclaring math alphabet \mathit on input line 55.
LaTeX Font Info:    Overwriting math alphabet `\mathit' in version `normal'
(Font)                  OT1/cmr/m/it --> TU/FiraSansLight(0)/m/it on input line 55.
LaTeX Font Info:    Overwriting math alphabet `\mathit' in version `bold'
(Font)                  OT1/cmr/bx/it --> TU/FiraSansLight(0)/m/it on input line 55.
LaTeX Font Info:    Redeclaring math alphabet \mathtt on input line 55.
LaTeX Font Info:    Overwriting math alphabet `\mathtt' in version `normal'
(Font)                  OT1/cmtt/m/n --> TU/FiraMono(4)/m/n on input line 55.
LaTeX Font Info:    Overwriting math alphabet `\mathtt' in version `bold'
(Font)                  OT1/cmtt/m/n --> TU/FiraMono(4)/m/n on input line 55.
LaTeX Font Info:    Overwriting symbol font `numbers' in version `bold'
(Font)                  TU/FiraSansLight(0)/m/n --> TU/FiraSansLight(0)/b/n on input line 55.
LaTeX Font Info:    Overwriting symbol font `pureletters' in version `bold'
(Font)                  TU/FiraSansLight(0)/m/it --> TU/FiraSansLight(0)/b/it on input line 55.
LaTeX Font Info:    Overwriting math alphabet `\mathrm' in version `bold'
(Font)                  OT1/cmss/b/n --> TU/lmr/b/n on input line 55.
LaTeX Font Info:    Overwriting math alphabet `\mathbf' in version `bold'
(Font)                  TU/FiraSansLight(0)/b/n --> TU/FiraSansLight(0)/b/n on input line 55.
LaTeX Font Info:    Overwriting math alphabet `\mathsf' in version `bold'
(Font)                  TU/FiraSansLight(0)/m/n --> TU/FiraSansLight(0)/b/n on input line 55.
LaTeX Font Info:    Overwriting math alphabet `\mathit' in version `bold'
(Font)                  TU/FiraSansLight(0)/m/it --> TU/FiraSansLight(0)/b/it on input line 55.
LaTeX Font Info:    Overwriting math alphabet `\mathtt' in version `bold'
(Font)                  TU/FiraMono(4)/m/n --> TU/FiraMono(4)/b/n on input line 55.
LaTeX Font Info:    Redeclaring symbol font `boldpureletters' on input line 55.
LaTeX Font Info:    Encoding `OT1' has changed to `TU' for symbol font
(Font)              `boldpureletters' in the math version `normal' on input line 55.
LaTeX Font Info:    Overwriting symbol font `boldpureletters' in version `normal'
(Font)                  OT1/mathkerncmss/bx/sl --> TU/FiraSansLight(0)/bx/it on input line 55.
LaTeX Font Info:    Encoding `OT1' has changed to `TU' for symbol font
(Font)              `boldpureletters' in the math version `bold' on input line 55.
LaTeX Font Info:    Overwriting symbol font `boldpureletters' in version `bold'
(Font)                  OT1/mathkerncmss/bx/sl --> TU/FiraSansLight(0)/bx/it on input line 55.
 (/nix/store/rn940m7hdyfzsbyvj68k96f0ipyf1xpf-texlive-2025-r78234-final-env-texmfdist/tex/latex/translator/translator-basic-dictionary-English.dict
Dictionary: translator-basic-dictionary, Language: English 
) (/nix/store/rn940m7hdyfzsbyvj68k96f0ipyf1xpf-texlive-2025-r78234-final-env-texmfdist/tex/latex/translator/translator-basic-dictionary-Czech.dict
Dictionary: translator-basic-dictionary, Language: Czech 
) (/nix/store/rn940m7hdyfzsbyvj68k96f0ipyf1xpf-texlive-2025-r78234-final-env-texmfdist/tex/latex/translator/translator-bibliography-dictionary-English.dict
Dictionary: translator-bibliography-dictionary, Language: English 
) (/nix/store/rn940m7hdyfzsbyvj68k96f0ipyf1xpf-texlive-2025-r78234-final-env-texmfdist/tex/latex/translator/translator-bibliography-dictionary-Czech.dict
Dictionary: translator-bibliography-dictionary, Language: Czech 
) (/nix/store/rn940m7hdyfzsbyvj68k96f0ipyf1xpf-texlive-2025-r78234-final-env-texmfdist/tex/latex/translator/translator-environment-dictionary-English.dict
Dictionary: translator-environment-dictionary, Language: English 
) (/nix/store/rn940m7hdyfzsbyvj68k96f0ipyf1xpf-texlive-2025-r78234-final-env-texmfdist/tex/latex/translator/translator-environment-dictionary-Czech.dict
Dictionary: translator-environment-dictionary, Language: Czech 
) (/nix/store/rn940m7hdyfzsbyvj68k96f0ipyf1xpf-texlive-2025-r78234-final-env-texmfdist/tex/latex/translator/translator-months-dictionary-English.dict
Dictionary: translator-months-dictionary, Language: English 
) (/nix/store/rn940m7hdyfzsbyvj68k96f0ipyf1xpf-texlive-2025-r78234-final-env-texmfdist/tex/latex/translator/translator-months-dictionary-Czech.dict
Dictionary: translator-month-dictionary, Language: Czech 
) (/nix/store/rn940m7hdyfzsbyvj68k96f0ipyf1xpf-texlive-2025-r78234-final-env-texmfdist/tex/latex/translator/translator-numbers-dictionary-English.dict
Dictionary: translator-numbers-dictionary, Language: English 
) (/nix/store/rn940m7hdyfzsbyvj68k96f0ipyf1xpf-texlive-2025-r78234-final-env-texmfdist/tex/latex/translator/translator-numbers-dictionary-Czech.dict
Dictionary: translator-numbers-dictionary, Language: Czech 
) (/nix/store/rn940m7hdyfzsbyvj68k96f0ipyf1xpf-texlive-2025-r78234-final-env-texmfdist/tex/latex/translator/translator-theorem-dictionary-English.dict
Dictionary: translator-theorem-dictionary, Language: English 
)
(/nix/store/rn940m7hdyfzsbyvj68k96f0ipyf1xpf-texlive-2025-r78234-final-env-texmfdist/tex/latex/translator/translator-theorem-dictionary-Czech.dict
Dictionary: translator-theorem-dictionary, Language: Czech 
)
LaTeX Info: Redefining \microtypecontext on input line 55.


Package microtype Warning: Unable to apply patch `item' on input line 55.

Package microtype Info: Applying patch `toc' on input line 55.
Package microtype Info: Applying patch `eqnum' on input line 55.
Package microtype Info: Applying patch `footnote' on input line 55.
Package microtype Info: Applying patch `verbatim' on input line 55.
LaTeX Info: Redefining \microtypesetup on input line 55.
Package microtype Info: Generating PDF output.
Package microtype Info: Character protrusion enabled (level 2).
Package microtype Info: Using default protrusion set `alltext'.
Package microtype Info: Automatic font expansion enabled (level 2),
(microtype)             stretch: 20, shrink: 20, step: 1, non-selected.
Package microtype Info: Using default expansion set `alltext-nott'.
Package microtype Info: Patching command `\showhyphens'.
Package microtype Info: No adjustment of tracking.
Package microtype Info: No adjustment of spacing.
Package microtype Info: No adjustment of kerning.
Package microtype Info: Redefining babel's language switching commands.
Package microtype Info: Loading generic protrusion settings for font family
(microtype)             `FiraSansLight' (encoding: TU).
(microtype)             For optimal results, create family-specific settings.
(microtype)             See the microtype manual for details.
isodate: babel.sty has been loaded

Package fontspec Info: 
(fontspec)             Adjusting the maths setup (use [no-math] to avoid
(fontspec)             this).

\symlegacymaths=\mathgroup12
LaTeX Font Info:    Overwriting symbol font `legacymaths' in version `bold'
(Font)                  OT1/cmr/m/n --> OT1/cmr/bx/n on input line 55.
LaTeX Font Info:    Redeclaring math accent \acute on input line 55.
LaTeX Font Info:    Redeclaring math accent \grave on input line 55.
LaTeX Font Info:    Redeclaring math accent \ddot on input line 55.
LaTeX Font Info:    Redeclaring math accent \tilde on input line 55.
LaTeX Font Info:    Redeclaring math accent \bar on input line 55.
LaTeX Font Info:    Redeclaring math accent \breve on input line 55.
LaTeX Font Info:    Redeclaring math accent \check on input line 55.
LaTeX Font Info:    Redeclaring math accent \hat on input line 55.
LaTeX Font Info:    Redeclaring math accent \dot on input line 55.
LaTeX Font Info:    Redeclaring math accent \mathring on input line 55.
LaTeX Font Info:    Redeclaring math symbol \Gamma on input line 55.
LaTeX Font Info:    Redeclaring math symbol \Delta on input line 55.
LaTeX Font Info:    Redeclaring math symbol \Theta on input line 55.
LaTeX Font Info:    Redeclaring math symbol \Lambda on input line 55.
LaTeX Font Info:    Redeclaring math symbol \Xi on input line 55.
LaTeX Font Info:    Redeclaring math symbol \Pi on input line 55.
LaTeX Font Info:    Redeclaring math symbol \Sigma on input line 55.
LaTeX Font Info:    Redeclaring math symbol \Upsilon on input line 55.
LaTeX Font Info:    Redeclaring math symbol \Phi on input line 55.
LaTeX Font Info:    Redeclaring math symbol \Psi on input line 55.
LaTeX Font Info:    Redeclaring math symbol \Omega on input line 55.
LaTeX Font Info:    Redeclaring math symbol \mathdollar on input line 55.
LaTeX Font Info:    Redeclaring symbol font `operators' on input line 55.
LaTeX Font Info:    Encoding `OT1' has changed to `TU' for symbol font
(Font)              `operators' in the math version `normal' on input line 55.
LaTeX Font Info:    Overwriting symbol font `operators' in version `normal'
(Font)                  OT1/cmss/m/n --> TU/lmr/m/n on input line 55.
LaTeX Font Info:    Encoding `OT1' has changed to `TU' for symbol font
(Font)              `operators' in the math version `bold' on input line 55.
LaTeX Font Info:    Overwriting symbol font `operators' in version `bold'
(Font)                  OT1/cmss/b/n --> TU/lmr/m/n on input line 55.
LaTeX Font Info:    Overwriting symbol font `operators' in version `normal'
(Font)                  TU/lmr/m/n --> TU/lmr/m/n on input line 55.
LaTeX Font Info:    Redeclaring math alphabet \mathrm on input line 55.
LaTeX Font Info:    Overwriting math alphabet `\mathit' in version `normal'
(Font)                  TU/FiraSansLight(0)/m/it --> TU/lmr/m/it on input line 55.
LaTeX Font Info:    Overwriting math alphabet `\mathbf' in version `normal'
(Font)                  TU/FiraSansLight(0)/b/n --> TU/lmr/b/n on input line 55.
LaTeX Font Info:    Overwriting math alphabet `\mathsf' in version `normal'
(Font)                  TU/FiraSansLight(0)/m/n --> TU/FiraSansLight(0)/m/n on input line 55.
LaTeX Font Info:    Overwriting math alphabet `\mathtt' in version `normal'
(Font)                  TU/FiraMono(4)/m/n --> TU/FiraMono(4)/m/n on input line 55.
LaTeX Font Info:    Overwriting symbol font `operators' in version `bold'
(Font)                  TU/lmr/m/n --> TU/lmr/b/n on input line 55.
LaTeX Font Info:    Overwriting math alphabet `\mathit' in version `bold'
(Font)                  TU/FiraSansLight(0)/b/it --> TU/lmr/b/it on input line 55.
LaTeX Font Info:    Overwriting math alphabet `\mathsf' in version `bold'
(Font)                  TU/FiraSansLight(0)/b/n --> TU/FiraSansLight(0)/b/n on input line 55.
LaTeX Font Info:    Overwriting math alphabet `\mathtt' in version `bold'
(Font)                  TU/FiraMono(4)/b/n --> TU/FiraMono(4)/b/n on input line 55.
Package pgfplots notification 'compat/show suggested version=true': you might benefit from \pgfplotsset{compat=1.18} (current compat level: 1.9).

Package translations Info: no dictionary file `translations-basic-dictionary-czech.trsl' found. on input line 55.
(./presentation.nav)
<logo.png, id=13, 218.31563pt x 153.57375pt>
File: logo.png Graphic file (type png)
<use logo.png>
Package luatex.def Info: logo.png  used on input line 56.
(luatex.def)             Requested size: 95.79266pt x 67.3845pt.

Overfull \vbox (89.2845pt too high) detected at line 56
 []

[1

{/nix/store/z2nxi1rr657hshj9xj6fwfkqza3dww1d-texlive-2025-r78234-final-env/share/texmf-var/fonts/map/pdftex/updmap/pdftex.map}<./logo.png>] [2

] [3

]
\tf@nav=\write6

\openout6 = presentation.nav
\tf@toc=\write7

\openout7 = presentation.toc
\tf@snm=\write8

\openout8 = presentation.snm
 (./presentation.aux)
 ***********
LaTeX2e <2025-11-01>
L3 programming layer <2026-01-19>
 ***********
Package rerunfilecheck Info: File `presentation.out' has not changed.
(rerunfilecheck)             Checksum: D41D8CD98F00B204E9800998ECF8427E;0.
)

Here is how much of LuaTeX's memory you used:
 47554 strings out of 476078
 125031,1977958 words of node,token memory allocated
 2945 words of node memory still in use:
   40 hlist, 9 vlist, 6 rule, 3 disc, 5 local_par, 71 glue, 13 kern, 18 penalty, 37 glyph, 268 attribute, 72 glue_spec, 135 attribute_list, 4 write, 36 pdf_literal, 40 pdf_colorstack nodes
   avail lists: 1:5,2:334,3:143,4:166,5:131,6:26,7:729,9:208,10:8,11:49
 68710 multiletter control sequences out of 65536+600000
 58 fonts using 14847087 bytes
 128i,13n,139p,1902b,1008s stack positions out of 10000i,1000n,20000p,200000b,200000s
</nix/store/rn940m7hdyfzsbyvj68k96f0ipyf1xpf-texlive-2025-r78234-final-env-texmfdist/fonts/opentype/public/fira/FiraSans-Light.otf></nix/store/rn940m7hdyfzsbyvj68k96f0ipyf1xpf-texlive-2025-r78234-final-env-texmfdist/fonts/opentype/public/fira/FiraSans-Regular.otf>
Output written on presentation.pdf (3 pages, 16936 bytes).

PDF statistics: 49 PDF objects out of 1000 (max. 8388607)
 29 compressed objects within 1 object stream
 7 named destinations out of 1000 (max. 131072)
 16 words of extra memory for PDF output out of 10000 (max. 100000000)

