This is LuaHBTeX, Version 1.21.0 (TeX Live 2025/nixos.org)  (format=lualatex 1980.1.1)  28 OCT 2025 10:55
 restricted system commands enabled.
**poster_cz.tex
(./poster_cz.tex
LaTeX2e <2025-06-01> patch level 1
L3 programming layer <2025-06-09>
Lua module: luaotfload 2024-12-03 v3.29 Lua based OpenType font support
Lua module: lualibs 2023-07-13 v2.76 ConTeXt Lua standard libraries.
Lua module: lualibs-extended 2023-07-13 v2.76 ConTeXt Lua libraries -- extended 
collection.
luaotfload | conf : Root cache directory is "/home/tesserekt/.texlive2025/texmf-
var/luatex-cache/generic/names".
luaotfload | init : Loading fontloader "fontloader-2023-12-28.lua" from kpse-res
olved path "/nix/store/zqc1h9zagr58l7122lkq5qgkiw7h4234-texlive-combined-full-20
25.20250703-texmfdist/tex/luatex/luaotfload/fontloader-2023-12-28.lua".
Lua-only attribute luaotfload@noligature = 1
luaotfload | init : Context OpenType loader version 3.134
Inserting `luaotfload.node_processor' in `pre_linebreak_filter'.
Inserting `luaotfload.node_processor' in `hpack_filter'.
Inserting `luaotfload.glyph_stream' in `glyph_stream_provider'.
Inserting `luaotfload.define_font' in `define_font'.
Lua-only attribute luaotfload_color_attribute = 2
luaotfload | conf : Root cache directory is "/home/tesserekt/.texlive2025/texmf-
var/luatex-cache/generic/names".
Inserting `luaotfload.harf.strip_prefix' in `find_opentype_file'.
Inserting `luaotfload.harf.strip_prefix' in `find_truetype_file'.
Removing  `luaotfload.glyph_stream' from `glyph_stream_provider'.
Inserting `luaotfload.harf.glyphstream' in `glyph_stream_provider'.
Inserting `luaotfload.harf.finalize_vlist' in `post_linebreak_filter'.
Inserting `luaotfload.harf.finalize_hlist' in `hpack_filter'.
Inserting `luaotfload.cleanup_files' in `wrapup_run'.
Inserting `luaotfload.harf.finalize_unicode' in `finish_pdffile'.
Inserting `luaotfload.glyphinfo' in `glyph_info'.
Lua-only attribute luaotfload.letterspace_done = 3
Inserting `luaotfload.aux.set_sscale_dimens' in `luaotfload.patch_font'.
Inserting `luaotfload.aux.set_font_index' in `luaotfload.patch_font'.
Inserting `luaotfload.aux.patch_cambria_domh' in `luaotfload.patch_font'.
Inserting `luaotfload.aux.fixup_fontdata' in `luaotfload.patch_font_unsafe'.
Inserting `luaotfload.aux.set_capheight' in `luaotfload.patch_font'.
Inserting `luaotfload.aux.set_xheight' in `luaotfload.patch_font'.
Inserting `luaotfload.rewrite_fontname' in `luaotfload.patch_font'.
Inserting `tracingstacklevels' in `input_level_string'.
(/nix/store/zqc1h9zagr58l7122lkq5qgkiw7h4234-texlive-combined-full-2025.2025070
3-texmfdist/tex/latex/beamer/beamer.cls
Document Class: beamer 2025/06/15 v3.74 A class for typesetting presentations

(/nix/store/zqc1h9zagr58l7122lkq5qgkiw7h4234-texlive-combined-full-2025.2025070
3-texmfdist/tex/latex/beamer/beamerbasemodes.sty
(/nix/store/zqc1h9zagr58l7122lkq5qgkiw7h4234-texlive-combined-full-2025.2025070
3-texmfdist/tex/latex/etoolbox/etoolbox.sty
Package: etoolbox 2025/02/11 v2.5l e-TeX tools for LaTeX (JAW)
\etb@tempcnta=\count273
)
\beamer@tempbox=\box53
\beamer@tempcount=\count274
\c@beamerpauses=\count275

(/nix/store/zqc1h9zagr58l7122lkq5qgkiw7h4234-texlive-combined-full-2025.2025070
3-texmfdist/tex/latex/beamer/beamerbasedecode.sty
\beamer@slideinframe=\count276
\beamer@minimum=\count277
\beamer@decode@box=\box54
)
\beamer@commentbox=\box55
\beamer@modecount=\count278
)
(/nix/store/zqc1h9zagr58l7122lkq5qgkiw7h4234-texlive-combined-full-2025.2025070
3-texmfdist/tex/generic/iftex/iftex.sty
Package: iftex 2024/12/12 v1.0g TeX engine tests
)
\headdp=\dimen147
\footheight=\dimen148
\sidebarheight=\dimen149
\beamer@tempdim=\dimen150
\beamer@finalheight=\dimen151
\beamer@animht=\dimen152
\beamer@animdp=\dimen153
\beamer@animwd=\dimen154
\beamer@leftmargin=\dimen155
\beamer@rightmargin=\dimen156
\beamer@leftsidebar=\dimen157
\beamer@rightsidebar=\dimen158
\beamer@boxsize=\dimen159
\beamer@vboxoffset=\dimen160
\beamer@descdefault=\dimen161
\beamer@descriptionwidth=\dimen162
\beamer@lastskip=\skip49
\beamer@areabox=\box56
\beamer@animcurrent=\box57
\beamer@animshowbox=\box58
\beamer@sectionbox=\box59
\beamer@logobox=\box60
\beamer@linebox=\box61
\beamer@sectioncount=\count279
\beamer@subsubsectionmax=\count280
\beamer@subsectionmax=\count281
\beamer@sectionmax=\count282
\beamer@totalheads=\count283
\beamer@headcounter=\count284
\beamer@partstartpage=\count285
\beamer@sectionstartpage=\count286
\beamer@subsectionstartpage=\count287
\beamer@animationtempa=\count288
\beamer@animationtempb=\count289
\beamer@xpos=\count290
\beamer@ypos=\count291
\beamer@ypos@offset=\count292
\beamer@showpartnumber=\count293
\beamer@currentsubsection=\count294
\beamer@coveringdepth=\count295
\beamer@sectionadjust=\count296
\beamer@toclastsection=\count297
\beamer@tocsectionnumber=\count298

(/nix/store/zqc1h9zagr58l7122lkq5qgkiw7h4234-texlive-combined-full-2025.2025070
3-texmfdist/tex/latex/beamer/beamerbaseoptions.sty
(/nix/store/zqc1h9zagr58l7122lkq5qgkiw7h4234-texlive-combined-full-2025.2025070
3-texmfdist/tex/latex/graphics/keyval.sty
Package: keyval 2022/05/29 v1.15 key=value parser (DPC)
\KV@toks@=\toks17
))
\beamer@paperwidth=\skip50
\beamer@paperheight=\skip51

(/nix/store/zqc1h9zagr58l7122lkq5qgkiw7h4234-texlive-combined-full-2025.2025070
3-texmfdist/tex/latex/geometry/geometry.sty
Package: geometry 2020/01/02 v5.9 Page Geometry

(/nix/store/zqc1h9zagr58l7122lkq5qgkiw7h4234-texlive-combined-full-2025.2025070
3-texmfdist/tex/generic/iftex/ifvtex.sty
Package: ifvtex 2019/10/25 v1.7 ifvtex legacy package. Use iftex instead.
)
\Gm@cnth=\count299
\Gm@cntv=\count300
\c@Gm@tempcnt=\count301
\Gm@bindingoffset=\dimen163
\Gm@wd@mp=\dimen164
\Gm@odd@mp=\dimen165
\Gm@even@mp=\dimen166
\Gm@layoutwidth=\dimen167
\Gm@layoutheight=\dimen168
\Gm@layouthoffset=\dimen169
\Gm@layoutvoffset=\dimen170
\Gm@dimlist=\toks18
)
(/nix/store/zqc1h9zagr58l7122lkq5qgkiw7h4234-texlive-combined-full-2025.2025070
3-texmfdist/tex/latex/pgf/math/pgfmath.sty
(/nix/store/zqc1h9zagr58l7122lkq5qgkiw7h4234-texlive-combined-full-2025.2025070
3-texmfdist/tex/latex/pgf/utilities/pgfrcs.sty
(/nix/store/zqc1h9zagr58l7122lkq5qgkiw7h4234-texlive-combined-full-2025.2025070
3-texmfdist/tex/generic/pgf/utilities/pgfutil-common.tex
\pgfutil@everybye=\toks19
\pgfutil@tempdima=\dimen171
\pgfutil@tempdimb=\dimen172
)
(/nix/store/zqc1h9zagr58l7122lkq5qgkiw7h4234-texlive-combined-full-2025.2025070
3-texmfdist/tex/generic/pgf/utilities/pgfutil-latex.def
\pgfutil@abb=\box62
)
(/nix/store/zqc1h9zagr58l7122lkq5qgkiw7h4234-texlive-combined-full-2025.2025070
3-texmfdist/tex/generic/pgf/utilities/pgfrcs.code.tex
(/nix/store/zqc1h9zagr58l7122lkq5qgkiw7h4234-texlive-combined-full-2025.2025070
3-texmfdist/tex/generic/pgf/pgf.revision.tex)
Package: pgfrcs 2023-01-15 v3.1.10 (3.1.10)
))
(/nix/store/zqc1h9zagr58l7122lkq5qgkiw7h4234-texlive-combined-full-2025.2025070
3-texmfdist/tex/latex/pgf/utilities/pgfkeys.sty
(/nix/store/zqc1h9zagr58l7122lkq5qgkiw7h4234-texlive-combined-full-2025.2025070
3-texmfdist/tex/generic/pgf/utilities/pgfkeys.code.tex
\pgfkeys@pathtoks=\toks20
\pgfkeys@temptoks=\toks21

(/nix/store/zqc1h9zagr58l7122lkq5qgkiw7h4234-texlive-combined-full-2025.2025070
3-texmfdist/tex/generic/pgf/utilities/pgfkeyslibraryfiltered.code.tex
\pgfkeys@tmptoks=\toks22
)))
(/nix/store/zqc1h9zagr58l7122lkq5qgkiw7h4234-texlive-combined-full-2025.2025070
3-texmfdist/tex/generic/pgf/math/pgfmath.code.tex
(/nix/store/zqc1h9zagr58l7122lkq5qgkiw7h4234-texlive-combined-full-2025.2025070
3-texmfdist/tex/generic/pgf/math/pgfmathutil.code.tex
\pgf@x=\dimen173
\pgf@xa=\dimen174
\pgf@xb=\dimen175
\pgf@xc=\dimen176
\pgf@y=\dimen177
\pgf@ya=\dimen178
\pgf@yb=\dimen179
\pgf@yc=\dimen180
\c@pgf@counta=\count302
\c@pgf@countb=\count303
\c@pgf@countc=\count304
\c@pgf@countd=\count305
)
(/nix/store/zqc1h9zagr58l7122lkq5qgkiw7h4234-texlive-combined-full-2025.2025070
3-texmfdist/tex/generic/pgf/math/pgfmathparser.code.tex
\pgfmath@dimen=\dimen181
\pgfmath@count=\count306
\pgfmath@box=\box63
\pgfmath@toks=\toks23
\pgfmath@stack@operand=\toks24
\pgfmath@stack@operation=\toks25
)
(/nix/store/zqc1h9zagr58l7122lkq5qgkiw7h4234-texlive-combined-full-2025.2025070
3-texmfdist/tex/generic/pgf/math/pgfmathfunctions.code.tex)
(/nix/store/zqc1h9zagr58l7122lkq5qgkiw7h4234-texlive-combined-full-2025.2025070
3-texmfdist/tex/generic/pgf/math/pgfmathfunctions.basic.code.tex)
(/nix/store/zqc1h9zagr58l7122lkq5qgkiw7h4234-texlive-combined-full-2025.2025070
3-texmfdist/tex/generic/pgf/math/pgfmathfunctions.trigonometric.code.tex)
(/nix/store/zqc1h9zagr58l7122lkq5qgkiw7h4234-texlive-combined-full-2025.2025070
3-texmfdist/tex/generic/pgf/math/pgfmathfunctions.random.code.tex)
(/nix/store/zqc1h9zagr58l7122lkq5qgkiw7h4234-texlive-combined-full-2025.2025070
3-texmfdist/tex/generic/pgf/math/pgfmathfunctions.comparison.code.tex)
(/nix/store/zqc1h9zagr58l7122lkq5qgkiw7h4234-texlive-combined-full-2025.2025070
3-texmfdist/tex/generic/pgf/math/pgfmathfunctions.base.code.tex)
(/nix/store/zqc1h9zagr58l7122lkq5qgkiw7h4234-texlive-combined-full-2025.2025070
3-texmfdist/tex/generic/pgf/math/pgfmathfunctions.round.code.tex)
(/nix/store/zqc1h9zagr58l7122lkq5qgkiw7h4234-texlive-combined-full-2025.2025070
3-texmfdist/tex/generic/pgf/math/pgfmathfunctions.misc.code.tex)
(/nix/store/zqc1h9zagr58l7122lkq5qgkiw7h4234-texlive-combined-full-2025.2025070
3-texmfdist/tex/generic/pgf/math/pgfmathfunctions.integerarithmetics.code.tex)
(/nix/store/zqc1h9zagr58l7122lkq5qgkiw7h4234-texlive-combined-full-2025.2025070
3-texmfdist/tex/generic/pgf/math/pgfmathcalc.code.tex)
(/nix/store/zqc1h9zagr58l7122lkq5qgkiw7h4234-texlive-combined-full-2025.2025070
3-texmfdist/tex/generic/pgf/math/pgfmathfloat.code.tex
\c@pgfmathroundto@lastzeros=\count307
)))
(/nix/store/zqc1h9zagr58l7122lkq5qgkiw7h4234-texlive-combined-full-2025.2025070
3-texmfdist/tex/latex/base/size11.clo
File: size11.clo 2025/01/22 v1.4n Standard LaTeX file (size option)
luaotfload | db : Font names database loaded from /home/tesserekt/.texlive2025/t
exmf-var/luatex-cache/generic/names/luaotfload-names.luc.gz)
(/nix/store/zqc1h9zagr58l7122lkq5qgkiw7h4234-texlive-combined-full-2025.2025070
3-texmfdist/tex/latex/pgf/basiclayer/pgfcore.sty
(/nix/store/zqc1h9zagr58l7122lkq5qgkiw7h4234-texlive-combined-full-2025.2025070
3-texmfdist/tex/latex/graphics/graphicx.sty
Package: graphicx 2024/12/31 v1.2e Enhanced LaTeX Graphics (DPC,SPQR)

(/nix/store/zqc1h9zagr58l7122lkq5qgkiw7h4234-texlive-combined-full-2025.2025070
3-texmfdist/tex/latex/graphics/graphics.sty
Package: graphics 2024/08/06 v1.4g Standard LaTeX Graphics (DPC,SPQR)

(/nix/store/zqc1h9zagr58l7122lkq5qgkiw7h4234-texlive-combined-full-2025.2025070
3-texmfdist/tex/latex/graphics/trig.sty
Package: trig 2023/12/02 v1.11 sin cos tan (DPC)
)
(/nix/store/zqc1h9zagr58l7122lkq5qgkiw7h4234-texlive-combined-full-2025.2025070
3-texmfdist/tex/latex/graphics-cfg/graphics.cfg
File: graphics.cfg 2016/06/04 v1.11 sample graphics configuration
)
Package graphics Info: Driver file: luatex.def on input line 106.

(/nix/store/zqc1h9zagr58l7122lkq5qgkiw7h4234-texlive-combined-full-2025.2025070
3-texmfdist/tex/latex/graphics-def/luatex.def
File: luatex.def 2024/04/13 v1.2e Graphics/color driver for luatex
))
\Gin@req@height=\dimen182
\Gin@req@width=\dimen183
)
(/nix/store/zqc1h9zagr58l7122lkq5qgkiw7h4234-texlive-combined-full-2025.2025070
3-texmfdist/tex/latex/pgf/systemlayer/pgfsys.sty
(/nix/store/zqc1h9zagr58l7122lkq5qgkiw7h4234-texlive-combined-full-2025.2025070
3-texmfdist/tex/generic/pgf/systemlayer/pgfsys.code.tex
Package: pgfsys 2023-01-15 v3.1.10 (3.1.10)
\pgf@x=\dimen184
\pgf@y=\dimen185
\pgf@xa=\dimen186
\pgf@ya=\dimen187
\pgf@xb=\dimen188
\pgf@yb=\dimen189
\pgf@xc=\dimen190
\pgf@yc=\dimen191
\pgf@xd=\dimen192
\pgf@yd=\dimen193
\w@pgf@writea=\write3
\r@pgf@reada=\read2
\c@pgf@counta=\count308
\c@pgf@countb=\count309
\c@pgf@countc=\count310
\c@pgf@countd=\count311
\t@pgf@toka=\toks26
\t@pgf@tokb=\toks27
\t@pgf@tokc=\toks28
\pgf@sys@id@count=\count312

(/nix/store/zqc1h9zagr58l7122lkq5qgkiw7h4234-texlive-combined-full-2025.2025070
3-texmfdist/tex/generic/pgf/systemlayer/pgf.cfg
File: pgf.cfg 2023-01-15 v3.1.10 (3.1.10)
)
Driver file for pgf: pgfsys-luatex.def

(/nix/store/zqc1h9zagr58l7122lkq5qgkiw7h4234-texlive-combined-full-2025.2025070
3-texmfdist/tex/generic/pgf/systemlayer/pgfsys-luatex.def
File: pgfsys-luatex.def 2023-01-15 v3.1.10 (3.1.10)

(/nix/store/zqc1h9zagr58l7122lkq5qgkiw7h4234-texlive-combined-full-2025.2025070
3-texmfdist/tex/generic/pgf/systemlayer/pgfsys-common-pdf.def
File: pgfsys-common-pdf.def 2023-01-15 v3.1.10 (3.1.10)
)))
(/nix/store/zqc1h9zagr58l7122lkq5qgkiw7h4234-texlive-combined-full-2025.2025070
3-texmfdist/tex/generic/pgf/systemlayer/pgfsyssoftpath.code.tex
File: pgfsyssoftpath.code.tex 2023-01-15 v3.1.10 (3.1.10)
\pgfsyssoftpath@smallbuffer@items=\count313
\pgfsyssoftpath@bigbuffer@items=\count314
)
(/nix/store/zqc1h9zagr58l7122lkq5qgkiw7h4234-texlive-combined-full-2025.2025070
3-texmfdist/tex/generic/pgf/systemlayer/pgfsysprotocol.code.tex
File: pgfsysprotocol.code.tex 2023-01-15 v3.1.10 (3.1.10)
))
(/nix/store/zqc1h9zagr58l7122lkq5qgkiw7h4234-texlive-combined-full-2025.2025070
3-texmfdist/tex/latex/xcolor/xcolor.sty
Package: xcolor 2024/09/29 v3.02 LaTeX color extensions (UK)

(/nix/store/zqc1h9zagr58l7122lkq5qgkiw7h4234-texlive-combined-full-2025.2025070
3-texmfdist/tex/latex/graphics-cfg/color.cfg
File: color.cfg 2016/01/02 v1.6 sample color configuration
)
Package xcolor Info: Driver file: luatex.def on input line 274.

(/nix/store/zqc1h9zagr58l7122lkq5qgkiw7h4234-texlive-combined-full-2025.2025070
3-texmfdist/tex/latex/graphics/mathcolor.ltx)
Package xcolor Info: Model `cmy' substituted by `cmy0' on input line 1349.
Package xcolor Info: Model `hsb' substituted by `rgb' on input line 1353.
Package xcolor Info: Model `RGB' extended on input line 1365.
Package xcolor Info: Model `HTML' substituted by `rgb' on input line 1367.
Package xcolor Info: Model `Hsb' substituted by `hsb' on input line 1368.
Package xcolor Info: Model `tHsb' substituted by `hsb' on input line 1369.
Package xcolor Info: Model `HSB' substituted by `hsb' on input line 1370.
Package xcolor Info: Model `Gray' substituted by `gray' on input line 1371.
Package xcolor Info: Model `wave' substituted by `hsb' on input line 1372.
)
(/nix/store/zqc1h9zagr58l7122lkq5qgkiw7h4234-texlive-combined-full-2025.2025070
3-texmfdist/tex/generic/pgf/basiclayer/pgfcore.code.tex
Package: pgfcore 2023-01-15 v3.1.10 (3.1.10)

(/nix/store/zqc1h9zagr58l7122lkq5qgkiw7h4234-texlive-combined-full-2025.2025070
3-texmfdist/tex/generic/pgf/math/pgfint.code.tex)
(/nix/store/zqc1h9zagr58l7122lkq5qgkiw7h4234-texlive-combined-full-2025.2025070
3-texmfdist/tex/generic/pgf/basiclayer/pgfcorepoints.code.tex
File: pgfcorepoints.code.tex 2023-01-15 v3.1.10 (3.1.10)
\pgf@picminx=\dimen194
\pgf@picmaxx=\dimen195
\pgf@picminy=\dimen196
\pgf@picmaxy=\dimen197
\pgf@pathminx=\dimen198
\pgf@pathmaxx=\dimen199
\pgf@pathminy=\dimen256
\pgf@pathmaxy=\dimen257
\pgf@xx=\dimen258
\pgf@xy=\dimen259
\pgf@yx=\dimen260
\pgf@yy=\dimen261
\pgf@zx=\dimen262
\pgf@zy=\dimen263
)
(/nix/store/zqc1h9zagr58l7122lkq5qgkiw7h4234-texlive-combined-full-2025.2025070
3-texmfdist/tex/generic/pgf/basiclayer/pgfcorepathconstruct.code.tex
File: pgfcorepathconstruct.code.tex 2023-01-15 v3.1.10 (3.1.10)
\pgf@path@lastx=\dimen264
\pgf@path@lasty=\dimen265
)
(/nix/store/zqc1h9zagr58l7122lkq5qgkiw7h4234-texlive-combined-full-2025.2025070
3-texmfdist/tex/generic/pgf/basiclayer/pgfcorepathusage.code.tex
File: pgfcorepathusage.code.tex 2023-01-15 v3.1.10 (3.1.10)
\pgf@shorten@end@additional=\dimen266
\pgf@shorten@start@additional=\dimen267
)
(/nix/store/zqc1h9zagr58l7122lkq5qgkiw7h4234-texlive-combined-full-2025.2025070
3-texmfdist/tex/generic/pgf/basiclayer/pgfcorescopes.code.tex
File: pgfcorescopes.code.tex 2023-01-15 v3.1.10 (3.1.10)
\pgfpic=\box64
\pgf@hbox=\box65
\pgf@layerbox@main=\box66
\pgf@picture@serial@count=\count315
)
(/nix/store/zqc1h9zagr58l7122lkq5qgkiw7h4234-texlive-combined-full-2025.2025070
3-texmfdist/tex/generic/pgf/basiclayer/pgfcoregraphicstate.code.tex
File: pgfcoregraphicstate.code.tex 2023-01-15 v3.1.10 (3.1.10)
\pgflinewidth=\dimen268
)
(/nix/store/zqc1h9zagr58l7122lkq5qgkiw7h4234-texlive-combined-full-2025.2025070
3-texmfdist/tex/generic/pgf/basiclayer/pgfcoretransformations.code.tex
File: pgfcoretransformations.code.tex 2023-01-15 v3.1.10 (3.1.10)
\pgf@pt@x=\dimen269
\pgf@pt@y=\dimen270
\pgf@pt@temp=\dimen271
)
(/nix/store/zqc1h9zagr58l7122lkq5qgkiw7h4234-texlive-combined-full-2025.2025070
3-texmfdist/tex/generic/pgf/basiclayer/pgfcorequick.code.tex
File: pgfcorequick.code.tex 2023-01-15 v3.1.10 (3.1.10)
)
(/nix/store/zqc1h9zagr58l7122lkq5qgkiw7h4234-texlive-combined-full-2025.2025070
3-texmfdist/tex/generic/pgf/basiclayer/pgfcoreobjects.code.tex
File: pgfcoreobjects.code.tex 2023-01-15 v3.1.10 (3.1.10)
)
(/nix/store/zqc1h9zagr58l7122lkq5qgkiw7h4234-texlive-combined-full-2025.2025070
3-texmfdist/tex/generic/pgf/basiclayer/pgfcorepathprocessing.code.tex
File: pgfcorepathprocessing.code.tex 2023-01-15 v3.1.10 (3.1.10)
)
(/nix/store/zqc1h9zagr58l7122lkq5qgkiw7h4234-texlive-combined-full-2025.2025070
3-texmfdist/tex/generic/pgf/basiclayer/pgfcorearrows.code.tex
File: pgfcorearrows.code.tex 2023-01-15 v3.1.10 (3.1.10)
\pgfarrowsep=\dimen272
)
(/nix/store/zqc1h9zagr58l7122lkq5qgkiw7h4234-texlive-combined-full-2025.2025070
3-texmfdist/tex/generic/pgf/basiclayer/pgfcoreshade.code.tex
File: pgfcoreshade.code.tex 2023-01-15 v3.1.10 (3.1.10)
\pgf@max=\dimen273
\pgf@sys@shading@range@num=\count316
\pgf@shadingcount=\count317
)
(/nix/store/zqc1h9zagr58l7122lkq5qgkiw7h4234-texlive-combined-full-2025.2025070
3-texmfdist/tex/generic/pgf/basiclayer/pgfcoreimage.code.tex
File: pgfcoreimage.code.tex 2023-01-15 v3.1.10 (3.1.10)
)
(/nix/store/zqc1h9zagr58l7122lkq5qgkiw7h4234-texlive-combined-full-2025.2025070
3-texmfdist/tex/generic/pgf/basiclayer/pgfcoreexternal.code.tex
File: pgfcoreexternal.code.tex 2023-01-15 v3.1.10 (3.1.10)
\pgfexternal@startupbox=\box67
)
(/nix/store/zqc1h9zagr58l7122lkq5qgkiw7h4234-texlive-combined-full-2025.2025070
3-texmfdist/tex/generic/pgf/basiclayer/pgfcorelayers.code.tex
File: pgfcorelayers.code.tex 2023-01-15 v3.1.10 (3.1.10)
)
(/nix/store/zqc1h9zagr58l7122lkq5qgkiw7h4234-texlive-combined-full-2025.2025070
3-texmfdist/tex/generic/pgf/basiclayer/pgfcoretransparency.code.tex
File: pgfcoretransparency.code.tex 2023-01-15 v3.1.10 (3.1.10)
)
(/nix/store/zqc1h9zagr58l7122lkq5qgkiw7h4234-texlive-combined-full-2025.2025070
3-texmfdist/tex/generic/pgf/basiclayer/pgfcorepatterns.code.tex
File: pgfcorepatterns.code.tex 2023-01-15 v3.1.10 (3.1.10)
)
(/nix/store/zqc1h9zagr58l7122lkq5qgkiw7h4234-texlive-combined-full-2025.2025070
3-texmfdist/tex/generic/pgf/basiclayer/pgfcorerdf.code.tex
File: pgfcorerdf.code.tex 2023-01-15 v3.1.10 (3.1.10)
)))
(/nix/store/zqc1h9zagr58l7122lkq5qgkiw7h4234-texlive-combined-full-2025.2025070
3-texmfdist/tex/latex/pgf/utilities/xxcolor.sty
Package: xxcolor 2003/10/24 ver 0.1
\XC@nummixins=\count318
\XC@countmixins=\count319
)
(/nix/store/zqc1h9zagr58l7122lkq5qgkiw7h4234-texlive-combined-full-2025.2025070
3-texmfdist/tex/latex/base/atbegshi-ltx.sty
Package: atbegshi-ltx 2021/01/10 v1.0c Emulation of the original atbegshi
package with kernel methods
)
(/nix/store/zqc1h9zagr58l7122lkq5qgkiw7h4234-texlive-combined-full-2025.2025070
3-texmfdist/tex/latex/hyperref/hyperref.sty
Package: hyperref 2025-06-21 v7.01n Hypertext links for LaTeX

(/nix/store/zqc1h9zagr58l7122lkq5qgkiw7h4234-texlive-combined-full-2025.2025070
3-texmfdist/tex/latex/kvsetkeys/kvsetkeys.sty
Package: kvsetkeys 2022-10-05 v1.19 Key value parser (HO)
)
(/nix/store/zqc1h9zagr58l7122lkq5qgkiw7h4234-texlive-combined-full-2025.2025070
3-texmfdist/tex/generic/kvdefinekeys/kvdefinekeys.sty
Package: kvdefinekeys 2019-12-19 v1.6 Define keys (HO)
)
(/nix/store/zqc1h9zagr58l7122lkq5qgkiw7h4234-texlive-combined-full-2025.2025070
3-texmfdist/tex/generic/pdfescape/pdfescape.sty
Package: pdfescape 2019/12/09 v1.15 Implements pdfTeX's escape features (HO)

(/nix/store/zqc1h9zagr58l7122lkq5qgkiw7h4234-texlive-combined-full-2025.2025070
3-texmfdist/tex/generic/ltxcmds/ltxcmds.sty
Package: ltxcmds 2023-12-04 v1.26 LaTeX kernel commands for general use (HO)
)
(/nix/store/zqc1h9zagr58l7122lkq5qgkiw7h4234-texlive-combined-full-2025.2025070
3-texmfdist/tex/generic/pdftexcmds/pdftexcmds.sty
Package: pdftexcmds 2020-06-27 v0.33 Utility functions of pdfTeX for LuaTeX (HO
)

(/nix/store/zqc1h9zagr58l7122lkq5qgkiw7h4234-texlive-combined-full-2025.2025070
3-texmfdist/tex/generic/infwarerr/infwarerr.sty
Package: infwarerr 2019/12/03 v1.5 Providing info/warning/error messages (HO)
)
Package pdftexcmds Info: \pdf@primitive is available.
Package pdftexcmds Info: \pdf@ifprimitive is available.
Package pdftexcmds Info: \pdfdraftmode found.
\pdftexcmds@toks=\toks29
))
(/nix/store/zqc1h9zagr58l7122lkq5qgkiw7h4234-texlive-combined-full-2025.2025070
3-texmfdist/tex/latex/hycolor/hycolor.sty
Package: hycolor 2020-01-27 v1.10 Color options for hyperref/bookmark (HO)
)
(/nix/store/zqc1h9zagr58l7122lkq5qgkiw7h4234-texlive-combined-full-2025.2025070
3-texmfdist/tex/latex/hyperref/nameref.sty
Package: nameref 2025-06-21 v2.57 Cross-referencing by name of section

(/nix/store/zqc1h9zagr58l7122lkq5qgkiw7h4234-texlive-combined-full-2025.2025070
3-texmfdist/tex/latex/refcount/refcount.sty
Package: refcount 2019/12/15 v3.6 Data extraction from label references (HO)
)
(/nix/store/zqc1h9zagr58l7122lkq5qgkiw7h4234-texlive-combined-full-2025.2025070
3-texmfdist/tex/generic/gettitlestring/gettitlestring.sty
Package: gettitlestring 2019/12/15 v1.6 Cleanup title references (HO)

(/nix/store/zqc1h9zagr58l7122lkq5qgkiw7h4234-texlive-combined-full-2025.2025070
3-texmfdist/tex/latex/kvoptions/kvoptions.sty
Package: kvoptions 2022-06-15 v3.15 Key value format for package options (HO)
))
\c@section@level=\count320
)
(/nix/store/zqc1h9zagr58l7122lkq5qgkiw7h4234-texlive-combined-full-2025.2025070
3-texmfdist/tex/generic/stringenc/stringenc.sty
Package: stringenc 2019/11/29 v1.12 Convert strings between diff. encodings (HO
)
)
\@linkdim=\dimen274
\Hy@linkcounter=\count321
\Hy@pagecounter=\count322

(/nix/store/zqc1h9zagr58l7122lkq5qgkiw7h4234-texlive-combined-full-2025.2025070
3-texmfdist/tex/latex/hyperref/pd1enc.def
File: pd1enc.def 2025-06-21 v7.01n Hyperref: PDFDocEncoding definition (HO)
)
(/nix/store/zqc1h9zagr58l7122lkq5qgkiw7h4234-texlive-combined-full-2025.2025070
3-texmfdist/tex/generic/intcalc/intcalc.sty
Package: intcalc 2019/12/15 v1.3 Expandable calculations with integers (HO)
)
\Hy@SavedSpaceFactor=\count323

(/nix/store/zqc1h9zagr58l7122lkq5qgkiw7h4234-texlive-combined-full-2025.2025070
3-texmfdist/tex/latex/hyperref/puenc.def
File: puenc.def 2025-06-21 v7.01n Hyperref: PDF Unicode definition (HO)
)
Package hyperref Info: Option `final' set `true' on input line 4052.
Package hyperref Info: Option `bookmarks' set `true' on input line 4052.
Package hyperref Info: Option `bookmarksopen' set `true' on input line 4052.
Package hyperref Info: Option `implicit' set `false' on input line 4052.
Package hyperref Info: Hyper figures OFF on input line 4181.
Package hyperref Info: Link nesting OFF on input line 4186.
Package hyperref Info: Hyper index ON on input line 4189.
Package hyperref Info: Plain pages OFF on input line 4196.
Package hyperref Info: Backreferencing OFF on input line 4201.
Package hyperref Info: Implicit mode OFF; no redefinition of LaTeX internals.
Package hyperref Info: Bookmarks ON on input line 4448.
\c@Hy@tempcnt=\count324

(/nix/store/zqc1h9zagr58l7122lkq5qgkiw7h4234-texlive-combined-full-2025.2025070
3-texmfdist/tex/latex/url/url.sty
\Urlmuskip=\muskip17
Package: url 2013/09/16  ver 3.4  Verb mode for urls, etc.
)
LaTeX Info: Redefining \url on input line 4787.
\XeTeXLinkMargin=\dimen275

(/nix/store/zqc1h9zagr58l7122lkq5qgkiw7h4234-texlive-combined-full-2025.2025070
3-texmfdist/tex/generic/bitset/bitset.sty
Package: bitset 2019/12/09 v1.3 Handle bit-vector datatype (HO)

(/nix/store/zqc1h9zagr58l7122lkq5qgkiw7h4234-texlive-combined-full-2025.2025070
3-texmfdist/tex/generic/bigintcalc/bigintcalc.sty
Package: bigintcalc 2019/12/15 v1.5 Expandable calculations on big integers (HO
)
))
\Fld@menulength=\count325
\Field@Width=\dimen276
\Fld@charsize=\dimen277
Package hyperref Info: Hyper figures OFF on input line 6066.
Package hyperref Info: Link nesting OFF on input line 6071.
Package hyperref Info: Hyper index ON on input line 6074.
Package hyperref Info: backreferencing OFF on input line 6081.
Package hyperref Info: Link coloring OFF on input line 6086.
Package hyperref Info: Link coloring with OCG OFF on input line 6091.
Package hyperref Info: PDF/A mode OFF on input line 6096.
\Hy@abspage=\count326


Package hyperref Message: Stopped early.

)
Package hyperref Info: Driver (autodetected): hluatex.

(/nix/store/zqc1h9zagr58l7122lkq5qgkiw7h4234-texlive-combined-full-2025.2025070
3-texmfdist/tex/latex/hyperref/hluatex.def
File: hluatex.def 2025-06-21 v7.01n Hyperref driver for luaTeX
\Fld@listcount=\count327
\c@bookmark@seq@number=\count328

(/nix/store/zqc1h9zagr58l7122lkq5qgkiw7h4234-texlive-combined-full-2025.2025070
3-texmfdist/tex/latex/rerunfilecheck/rerunfilecheck.sty
Package: rerunfilecheck 2025-06-21 v1.11 Rerun checks for auxiliary files (HO)

(/nix/store/zqc1h9zagr58l7122lkq5qgkiw7h4234-texlive-combined-full-2025.2025070
3-texmfdist/tex/generic/uniquecounter/uniquecounter.sty
Package: uniquecounter 2019/12/15 v1.4 Provide unlimited unique counter (HO)
)
Package uniquecounter Info: New unique counter `rerunfilecheck' on input line 2
84.
))
(/nix/store/zqc1h9zagr58l7122lkq5qgkiw7h4234-texlive-combined-full-2025.2025070
3-texmfdist/tex/latex/beamer/beamerbaserequires.sty
(/nix/store/zqc1h9zagr58l7122lkq5qgkiw7h4234-texlive-combined-full-2025.2025070
3-texmfdist/tex/latex/beamer/beamerbasecompatibility.sty)
(/nix/store/zqc1h9zagr58l7122lkq5qgkiw7h4234-texlive-combined-full-2025.2025070
3-texmfdist/tex/latex/beamer/beamerbasefont.sty
(/nix/store/zqc1h9zagr58l7122lkq5qgkiw7h4234-texlive-combined-full-2025.2025070
3-texmfdist/tex/latex/amsfonts/amssymb.sty
Package: amssymb 2013/01/14 v3.01 AMS font symbols

(/nix/store/zqc1h9zagr58l7122lkq5qgkiw7h4234-texlive-combined-full-2025.2025070
3-texmfdist/tex/latex/amsfonts/amsfonts.sty
Package: amsfonts 2013/01/14 v3.01 Basic AMSFonts support
\@emptytoks=\toks30
\symAMSa=\mathgroup4
\symAMSb=\mathgroup5
LaTeX Font Info:    Redeclaring math symbol \hbar on input line 98.
LaTeX Font Info:    Overwriting math alphabet `\mathfrak' in version `bold'
(Font)                  U/euf/m/n --> U/euf/b/n on input line 106.
))
(/nix/store/zqc1h9zagr58l7122lkq5qgkiw7h4234-texlive-combined-full-2025.2025070
3-texmfdist/tex/latex/sansmathaccent/sansmathaccent.sty
Package: sansmathaccent 2020/01/31

(/nix/store/zqc1h9zagr58l7122lkq5qgkiw7h4234-texlive-combined-full-2025.2025070
3-texmfdist/tex/latex/koma-script/scrlfile.sty
Package: scrlfile 2025/06/04 v3.45 KOMA-Script package (file load hooks)

(/nix/store/zqc1h9zagr58l7122lkq5qgkiw7h4234-texlive-combined-full-2025.2025070
3-texmfdist/tex/latex/koma-script/scrlfile-hook.sty
Package: scrlfile-hook 2025/06/04 v3.45 KOMA-Script package (using LaTeX hooks)


(/nix/store/zqc1h9zagr58l7122lkq5qgkiw7h4234-texlive-combined-full-2025.2025070
3-texmfdist/tex/latex/koma-script/scrlogo.sty
Package: scrlogo 2025/06/04 v3.45 KOMA-Script package (logo)
)))))
(/nix/store/zqc1h9zagr58l7122lkq5qgkiw7h4234-texlive-combined-full-2025.2025070
3-texmfdist/tex/latex/beamer/beamerbasetranslator.sty
(/nix/store/zqc1h9zagr58l7122lkq5qgkiw7h4234-texlive-combined-full-2025.2025070
3-texmfdist/tex/latex/translator/translator.sty
Package: translator 2021-05-31 v1.12d Easy translation of strings in LaTeX
))
(/nix/store/zqc1h9zagr58l7122lkq5qgkiw7h4234-texlive-combined-full-2025.2025070
3-texmfdist/tex/latex/beamer/beamerbasemisc.sty)
(/nix/store/zqc1h9zagr58l7122lkq5qgkiw7h4234-texlive-combined-full-2025.2025070
3-texmfdist/tex/latex/beamer/beamerbasetwoscreens.sty)
(/nix/store/zqc1h9zagr58l7122lkq5qgkiw7h4234-texlive-combined-full-2025.2025070
3-texmfdist/tex/latex/beamer/beamerbaseoverlay.sty
\beamer@argscount=\count329
\beamer@lastskipcover=\skip52
\beamer@trivlistdepth=\count330
)
(/nix/store/zqc1h9zagr58l7122lkq5qgkiw7h4234-texlive-combined-full-2025.2025070
3-texmfdist/tex/latex/beamer/beamerbasetitle.sty)
(/nix/store/zqc1h9zagr58l7122lkq5qgkiw7h4234-texlive-combined-full-2025.2025070
3-texmfdist/tex/latex/beamer/beamerbasesection.sty
\c@lecture=\count331
\c@part=\count332
\c@section=\count333
\c@subsection=\count334
\c@subsubsection=\count335
)
(/nix/store/zqc1h9zagr58l7122lkq5qgkiw7h4234-texlive-combined-full-2025.2025070
3-texmfdist/tex/latex/beamer/beamerbaseframe.sty
\beamer@framebox=\box68
\beamer@frametitlebox=\box69
\beamer@zoombox=\box70
\beamer@zoomcount=\count336
\beamer@zoomframecount=\count337
\beamer@frametextheight=\dimen278
\c@subsectionslide=\count338
\beamer@frametopskip=\skip53
\beamer@framebottomskip=\skip54
\beamer@frametopskipautobreak=\skip55
\beamer@framebottomskipautobreak=\skip56
\beamer@envbody=\toks31
\framewidth=\dimen279
\c@framenumber=\count339
)
(/nix/store/zqc1h9zagr58l7122lkq5qgkiw7h4234-texlive-combined-full-2025.2025070
3-texmfdist/tex/latex/beamer/beamerbaseverbatim.sty
\beamer@verbatimfileout=\write4
)
(/nix/store/zqc1h9zagr58l7122lkq5qgkiw7h4234-texlive-combined-full-2025.2025070
3-texmfdist/tex/latex/beamer/beamerbaseframesize.sty
\beamer@splitbox=\box71
\beamer@autobreakcount=\count340
\beamer@autobreaklastheight=\dimen280
\beamer@frametitletoks=\toks32
\beamer@framesubtitletoks=\toks33
)
(/nix/store/zqc1h9zagr58l7122lkq5qgkiw7h4234-texlive-combined-full-2025.2025070
3-texmfdist/tex/latex/beamer/beamerbaseframecomponents.sty
\beamer@footins=\box72
)
(/nix/store/zqc1h9zagr58l7122lkq5qgkiw7h4234-texlive-combined-full-2025.2025070
3-texmfdist/tex/latex/beamer/beamerbasecolor.sty)
(/nix/store/zqc1h9zagr58l7122lkq5qgkiw7h4234-texlive-combined-full-2025.2025070
3-texmfdist/tex/latex/beamer/beamerbasenotes.sty
\beamer@frameboxcopy=\box73
)
(/nix/store/zqc1h9zagr58l7122lkq5qgkiw7h4234-texlive-combined-full-2025.2025070
3-texmfdist/tex/latex/beamer/beamerbasetoc.sty)
(/nix/store/zqc1h9zagr58l7122lkq5qgkiw7h4234-texlive-combined-full-2025.2025070
3-texmfdist/tex/latex/beamer/beamerbasetemplates.sty
\beamer@sbttoks=\toks34

(/nix/store/zqc1h9zagr58l7122lkq5qgkiw7h4234-texlive-combined-full-2025.2025070
3-texmfdist/tex/latex/beamer/beamerbaseauxtemplates.sty
(/nix/store/zqc1h9zagr58l7122lkq5qgkiw7h4234-texlive-combined-full-2025.2025070
3-texmfdist/tex/latex/beamer/beamerbaseboxes.sty
\bmb@box=\box74
\bmb@colorbox=\box75
\bmb@boxwidth=\dimen281
\bmb@boxheight=\dimen282
\bmb@prevheight=\dimen283
\bmb@temp=\dimen284
\bmb@dima=\dimen285
\bmb@dimb=\dimen286
\bmb@prevheight=\dimen287
)
\beamer@blockheadheight=\dimen288
))
(/nix/store/zqc1h9zagr58l7122lkq5qgkiw7h4234-texlive-combined-full-2025.2025070
3-texmfdist/tex/latex/beamer/beamerbaselocalstructure.sty
(/nix/store/zqc1h9zagr58l7122lkq5qgkiw7h4234-texlive-combined-full-2025.2025070
3-texmfdist/tex/latex/tools/enumerate.sty
Package: enumerate 2023/07/04 v3.00 enumerate extensions (DPC)
\@enLab=\toks35
)
\beamer@bibiconwidth=\skip57
\c@figure=\count341
\c@table=\count342
\abovecaptionskip=\skip58
\belowcaptionskip=\skip59
)
(/nix/store/zqc1h9zagr58l7122lkq5qgkiw7h4234-texlive-combined-full-2025.2025070
3-texmfdist/tex/latex/beamer/beamerbasenavigation.sty
(/nix/store/zqc1h9zagr58l7122lkq5qgkiw7h4234-texlive-combined-full-2025.2025070
3-texmfdist/tex/latex/beamer/beamerbasenavigationsymbols.tex)
\beamer@section@min@dim=\dimen289
)
(/nix/store/zqc1h9zagr58l7122lkq5qgkiw7h4234-texlive-combined-full-2025.2025070
3-texmfdist/tex/latex/beamer/beamerbasetheorems.sty
(/nix/store/zqc1h9zagr58l7122lkq5qgkiw7h4234-texlive-combined-full-2025.2025070
3-texmfdist/tex/latex/amsmath/amsmath.sty
Package: amsmath 2025/06/16 v2.17y AMS math features
\@mathmargin=\skip60

For additional information on amsmath, use the `?' option.

(/nix/store/zqc1h9zagr58l7122lkq5qgkiw7h4234-texlive-combined-full-2025.2025070
3-texmfdist/tex/latex/amsmath/amstext.sty
Package: amstext 2024/11/17 v2.01 AMS text

(/nix/store/zqc1h9zagr58l7122lkq5qgkiw7h4234-texlive-combined-full-2025.2025070
3-texmfdist/tex/latex/amsmath/amsgen.sty
File: amsgen.sty 1999/11/30 v2.0 generic functions
\@emptytoks=\toks36
\ex@=\dimen290
))
(/nix/store/zqc1h9zagr58l7122lkq5qgkiw7h4234-texlive-combined-full-2025.2025070
3-texmfdist/tex/latex/amsmath/amsbsy.sty
Package: amsbsy 1999/11/29 v1.2d Bold Symbols
\pmbraise@=\dimen291
)
(/nix/store/zqc1h9zagr58l7122lkq5qgkiw7h4234-texlive-combined-full-2025.2025070
3-texmfdist/tex/latex/amsmath/amsopn.sty
Package: amsopn 2022/04/08 v2.04 operator names
)
\inf@bad=\count343
LaTeX Info: Redefining \frac on input line 235.
\uproot@=\count344
\leftroot@=\count345
LaTeX Info: Redefining \overline on input line 398.
LaTeX Info: Redefining \colon on input line 409.
\classnum@=\count346
\DOTSCASE@=\count347
LaTeX Info: Redefining \ldots on input line 495.
LaTeX Info: Redefining \dots on input line 498.
LaTeX Info: Redefining \cdots on input line 619.
\Mathstrutbox@=\box76
\strutbox@=\box77
LaTeX Info: Redefining \big on input line 721.
LaTeX Info: Redefining \Big on input line 722.
LaTeX Info: Redefining \bigg on input line 723.
LaTeX Info: Redefining \Bigg on input line 724.
\big@size=\dimen292
LaTeX Font Info:    Redeclaring font encoding OML on input line 742.
LaTeX Font Info:    Redeclaring font encoding OMS on input line 743.
\macc@depth=\count348
LaTeX Info: Redefining \bmod on input line 904.
LaTeX Info: Redefining \pmod on input line 909.
LaTeX Info: Redefining \smash on input line 939.
LaTeX Info: Redefining \relbar on input line 969.
LaTeX Info: Redefining \Relbar on input line 970.
\c@MaxMatrixCols=\count349
\dotsspace@=\muskip18
\c@parentequation=\count350
\dspbrk@lvl=\count351
\tag@help=\toks37
\row@=\count352
\column@=\count353
\maxfields@=\count354
\andhelp@=\toks38
\eqnshift@=\dimen293
\alignsep@=\dimen294
\tagshift@=\dimen295
\tagwidth@=\dimen296
\totwidth@=\dimen297
\lineht@=\dimen298
\@envbody=\toks39
\multlinegap=\skip61
\multlinetaggap=\skip62
\mathdisplay@stack=\toks40
LaTeX Info: Redefining \[ on input line 2949.
LaTeX Info: Redefining \] on input line 2950.
)
(/nix/store/zqc1h9zagr58l7122lkq5qgkiw7h4234-texlive-combined-full-2025.2025070
3-texmfdist/tex/latex/amscls/amsthm.sty
Package: amsthm 2020/05/29 v2.20.6
\thm@style=\toks41
\thm@bodyfont=\toks42
\thm@headfont=\toks43
\thm@notefont=\toks44
\thm@headpunct=\toks45
\thm@preskip=\skip63
\thm@postskip=\skip64
\thm@headsep=\skip65
\dth@everypar=\toks46
)
\c@theorem=\count355
)
(/nix/store/zqc1h9zagr58l7122lkq5qgkiw7h4234-texlive-combined-full-2025.2025070
3-texmfdist/tex/latex/beamer/beamerbasethemes.sty))
(/nix/store/zqc1h9zagr58l7122lkq5qgkiw7h4234-texlive-combined-full-2025.2025070
3-texmfdist/tex/latex/beamer/beamerthemedefault.sty
(/nix/store/zqc1h9zagr58l7122lkq5qgkiw7h4234-texlive-combined-full-2025.2025070
3-texmfdist/tex/latex/beamer/beamerfontthemedefault.sty)
(/nix/store/zqc1h9zagr58l7122lkq5qgkiw7h4234-texlive-combined-full-2025.2025070
3-texmfdist/tex/latex/beamer/beamercolorthemedefault.sty)
(/nix/store/zqc1h9zagr58l7122lkq5qgkiw7h4234-texlive-combined-full-2025.2025070
3-texmfdist/tex/latex/beamer/beamerinnerthemedefault.sty
\beamer@dima=\dimen299
\beamer@dimb=\dimen300
)
(/nix/store/zqc1h9zagr58l7122lkq5qgkiw7h4234-texlive-combined-full-2025.2025070
3-texmfdist/tex/latex/beamer/beamerouterthemedefault.sty)))
(/nix/store/zqc1h9zagr58l7122lkq5qgkiw7h4234-texlive-combined-full-2025.2025070
3-texmfdist/tex/latex/base/fontenc.sty
Package: fontenc 2024/12/21 v2.1c Standard LaTeX package
LaTeX Font Info:    Trying to load font information for T1+lmss on input line 1
16.

(/nix/store/zqc1h9zagr58l7122lkq5qgkiw7h4234-texlive-combined-full-2025.2025070
3-texmfdist/tex/latex/lm/t1lmss.fd
File: t1lmss.fd 2015/05/01 v1.6.1 Font defs for Latin Modern
))
(/nix/store/zqc1h9zagr58l7122lkq5qgkiw7h4234-texlive-combined-full-2025.2025070
3-texmfdist/tex/latex/lm/lmodern.sty
Package: lmodern 2015/05/01 v1.6.1 Latin Modern Fonts
LaTeX Font Info:    Overwriting symbol font `operators' in version `normal'
(Font)                  OT1/cmr/m/n --> OT1/lmr/m/n on input line 22.
LaTeX Font Info:    Overwriting symbol font `letters' in version `normal'
(Font)                  OML/cmm/m/it --> OML/lmm/m/it on input line 23.
LaTeX Font Info:    Overwriting symbol font `symbols' in version `normal'
(Font)                  OMS/cmsy/m/n --> OMS/lmsy/m/n on input line 24.
LaTeX Font Info:    Overwriting symbol font `largesymbols' in version `normal'
(Font)                  OMX/cmex/m/n --> OMX/lmex/m/n on input line 25.
LaTeX Font Info:    Overwriting symbol font `operators' in version `bold'
(Font)                  OT1/cmr/bx/n --> OT1/lmr/bx/n on input line 26.
LaTeX Font Info:    Overwriting symbol font `letters' in version `bold'
(Font)                  OML/cmm/b/it --> OML/lmm/b/it on input line 27.
LaTeX Font Info:    Overwriting symbol font `symbols' in version `bold'
(Font)                  OMS/cmsy/b/n --> OMS/lmsy/b/n on input line 28.
LaTeX Font Info:    Overwriting symbol font `largesymbols' in version `bold'
(Font)                  OMX/cmex/m/n --> OMX/lmex/m/n on input line 29.
LaTeX Font Info:    Overwriting math alphabet `\mathbf' in version `normal'
(Font)                  OT1/cmr/bx/n --> OT1/lmr/bx/n on input line 31.
LaTeX Font Info:    Overwriting math alphabet `\mathsf' in version `normal'
(Font)                  OT1/cmss/m/n --> OT1/lmss/m/n on input line 32.
LaTeX Font Info:    Overwriting math alphabet `\mathit' in version `normal'
(Font)                  OT1/cmr/m/it --> OT1/lmr/m/it on input line 33.
LaTeX Font Info:    Overwriting math alphabet `\mathtt' in version `normal'
(Font)                  OT1/cmtt/m/n --> OT1/lmtt/m/n on input line 34.
LaTeX Font Info:    Overwriting math alphabet `\mathbf' in version `bold'
(Font)                  OT1/cmr/bx/n --> OT1/lmr/bx/n on input line 35.
LaTeX Font Info:    Overwriting math alphabet `\mathsf' in version `bold'
(Font)                  OT1/cmss/bx/n --> OT1/lmss/bx/n on input line 36.
LaTeX Font Info:    Overwriting math alphabet `\mathit' in version `bold'
(Font)                  OT1/cmr/bx/it --> OT1/lmr/bx/it on input line 37.
LaTeX Font Info:    Overwriting math alphabet `\mathtt' in version `bold'
(Font)                  OT1/cmtt/m/n --> OT1/lmtt/m/n on input line 38.
)
(/nix/store/zqc1h9zagr58l7122lkq5qgkiw7h4234-texlive-combined-full-2025.2025070
3-texmfdist/tex/generic/babel/babel.sty
Package: babel 2025/06/10 v25.10 The multilingual framework for pdfLaTeX, LuaLa
TeX and XeLaTeX

(/nix/store/zqc1h9zagr58l7122lkq5qgkiw7h4234-texlive-combined-full-2025.2025070
3-texmfdist/tex/generic/babel/luababel.def
\bbl@readstream=\read3
\l@dumylang=\language2
Package babel Info: Non-standard hyphenation setup on input line 118.
\l@nohyphenation=\language3
\l@german-x-2024-02-28=\language4
\l@ngerman-x-2024-02-28=\language5
\l@afrikaans=\language6
\l@albanian=\language7
\l@ancientgreek=\language8
\l@ibycus=\language9
\l@arabic=\language10
\l@armenian=\language11
\l@basque=\language12
\l@belarusian=\language13
\l@bulgarian=\language14
\l@catalan=\language15
\l@pinyin=\language16
\l@churchslavonic=\language17
\l@coptic=\language18
\l@croatian=\language19
\l@czech=\language20
\l@danish=\language21
\l@dutch=\language22
\l@ukenglish=\language23
\l@usenglishmax=\language24
\l@esperanto=\language25
\l@estonian=\language26
\l@ethiopic=\language27
\l@farsi=\language28
\l@finnish=\language29
\l@schoolfinnish=\language30
\l@french=\language31
\l@friulan=\language32
\l@galician=\language33
\l@georgian=\language34
\l@german=\language35
\l@ngerman=\language36
\l@swissgerman=\language37
\l@greek=\language38
\l@monogreek=\language39
\l@hebrew=\language40
\l@hungarian=\language41
\l@icelandic=\language42
\l@assamese=\language43
\l@bengali=\language44
\l@gujarati=\language45
\l@hindi=\language46
\l@kannada=\language47
\l@malayalam=\language48
\l@marathi=\language49
\l@oriya=\language50
\l@pali=\language51
\l@panjabi=\language52
\l@tamil=\language53
\l@telugu=\language54
\l@indonesian=\language55
\l@interlingua=\language56
\l@irish=\language57
\l@italian=\language58
\l@kurmanji=\language59
\l@classiclatin=\language60
\l@latin=\language61
\l@liturgicallatin=\language62
\l@latvian=\language63
\l@lithuanian=\language64
\l@macedonian=\language65
\l@mongolian=\language66
\l@mongolianlmc=\language67
\l@bokmal=\language68
\l@nynorsk=\language69
\l@occitan=\language70
\l@piedmontese=\language71
\l@polish=\language72
\l@portuguese=\language73
\l@romanian=\language74
\l@romansh=\language75
\l@russian=\language76
\l@sanskrit=\language77
\l@serbian=\language78
\l@serbianc=\language79
\l@slovak=\language80
\l@slovenian=\language81
\l@spanish=\language82
\l@swedish=\language83
\l@thai=\language84
\l@turkish=\language85
\l@turkmen=\language86
\l@ukrainian=\language87
\l@uppersorbian=\language88
\l@vietnamese=\language89
\l@welsh=\language90
\babelcatcodetablenum=\catcodetable14
\bbl@pattcodes=\catcodetable15
)
\babel@savecnt=\count356
LaTeX Encoding Info:    Redeclaring text command \ij (encoding OT1) on input li
ne 2043.
LaTeX Encoding Info:    Redeclaring text command \IJ (encoding OT1) on input li
ne 2045.
LaTeX Encoding Info:    Redeclaring text command \ij (encoding T1) on input lin
e 2047.
LaTeX Encoding Info:    Redeclaring text command \IJ (encoding T1) on input lin
e 2048.
LaTeX Encoding Info:    Ignoring declaration for text command \ij (encoding ?) 
on input line 2049.
LaTeX Encoding Info:    Ignoring declaration for text command \IJ (encoding ?) 
on input line 2051.
LaTeX Encoding Info:    Ignoring declaration for text command \SS (encoding ?) 
on input line 2076.
\U@D=\dimen301
\l@unhyphenated=\language91

(/nix/store/zqc1h9zagr58l7122lkq5qgkiw7h4234-texlive-combined-full-2025.2025070
3-texmfdist/tex/generic/babel/luababel.def
\bbl@attr@locale=\attribute4
)
LaTeX Info: Redefining \textlatin on input line 3887.

(/nix/store/zqc1h9zagr58l7122lkq5qgkiw7h4234-texlive-combined-full-2025.2025070
3-texmfdist/tex/generic/babel-czech/czech.ldf
Language: czech 2008/07/06 v3.1a Czech support from the babel system

(/nix/store/zqc1h9zagr58l7122lkq5qgkiw7h4234-texlive-combined-full-2025.2025070
3-texmfdist/tex/generic/babel/locale/cs/babel-czech.tex
Package babel Info: Importing font and identification data for czech
(babel)             from babel-cs.ini. Reported on input line 11.
)
Package babel Info: Making " an active character on input line 172.
\cs@wordlen=\count357
Package babel Info: Making - an active character on input line 226.

(/nix/store/zqc1h9zagr58l7122lkq5qgkiw7h4234-texlive-combined-full-2025.2025070
3-texmfdist/tex/generic/hyph-utf8/loadhyph/loadhyph-cs.tex
UTF-8 Czech hyphenation patterns
(/nix/store/zqc1h9zagr58l7122lkq5qgkiw7h4234-texlive-combined-full-2025.2025070
3-texmfdist/tex/generic/hyph-utf8/patterns/tex/hyph-cs.tex)))
(/nix/store/zqc1h9zagr58l7122lkq5qgkiw7h4234-texlive-combined-full-2025.2025070
3-texmfdist/tex/generic/babel-english/english.ldf
Language: english 2017/06/06 v3.3r English support from the babel system

(/nix/store/zqc1h9zagr58l7122lkq5qgkiw7h4234-texlive-combined-full-2025.2025070
3-texmfdist/tex/generic/babel/locale/en/babel-english.tex
Package babel Info: Importing font and identification data for english
(babel)             from babel-en.ini. Reported on input line 11.
)
Package babel Info: Hyphen rules for 'canadian' set to \l@english
(babel)             (\language0). Reported on input line 102.
Package babel Info: Hyphen rules for 'australian' set to \l@ukenglish
(babel)             (\language23). Reported on input line 105.
Package babel Info: Hyphen rules for 'newzealand' set to \l@ukenglish
(babel)             (\language23). Reported on input line 108.
))
(/nix/store/zqc1h9zagr58l7122lkq5qgkiw7h4234-texlive-combined-full-2025.2025070
3-texmfdist/tex/latex/beamerposter/beamerposter.sty
Package: beamerposter 2018/04/23 v.1.13 latex-beamer poster extension

(/nix/store/zqc1h9zagr58l7122lkq5qgkiw7h4234-texlive-combined-full-2025.2025070
3-texmfdist/tex/latex/xkeyval/xkeyval.sty
Package: xkeyval 2022/06/16 v2.9 package option processing (HA)

(/nix/store/zqc1h9zagr58l7122lkq5qgkiw7h4234-texlive-combined-full-2025.2025070
3-texmfdist/tex/generic/xkeyval/xkeyval.tex
(/nix/store/zqc1h9zagr58l7122lkq5qgkiw7h4234-texlive-combined-full-2025.2025070
3-texmfdist/tex/generic/xkeyval/xkvutils.tex
\XKV@toks=\toks47
\XKV@tempa@toks=\toks48
)
\XKV@depth=\count358
File: xkeyval.tex 2014/12/03 v2.7a key=value parser (HA)
))
(/nix/store/zqc1h9zagr58l7122lkq5qgkiw7h4234-texlive-combined-full-2025.2025070
3-texmfdist/tex/latex/type1cm/type1cm.sty
Package: type1cm 2002/09/05 v0.04 BlueSky/Y&Y Type1 CM font definitions (DPC, p
atched RF)
)
(/nix/store/zqc1h9zagr58l7122lkq5qgkiw7h4234-texlive-combined-full-2025.2025070
3-texmfdist/tex/latex/fp/fp.sty
Package: fp 1995/04/02

`Fixed Point Package', Version 0.8, April 2, 1995 (C) Michael Mehlich
(/nix/store/zqc1h9zagr58l7122lkq5qgkiw7h4234-texlive-combined-full-2025.2025070
3-texmfdist/tex/latex/fp/defpattern.sty
Package: defpattern 1994/10/12
\actioncount=\count359
)
(/nix/store/zqc1h9zagr58l7122lkq5qgkiw7h4234-texlive-combined-full-2025.2025070
3-texmfdist/tex/latex/fp/fp-basic.sty
Package: fp-basic 1996/05/13
\FP@xs=\count360
\FP@xia=\count361
\FP@xib=\count362
\FP@xfa=\count363
\FP@xfb=\count364
\FP@rega=\count365
\FP@regb=\count366
\FP@regs=\count367
\FP@times=\count368
)
(/nix/store/zqc1h9zagr58l7122lkq5qgkiw7h4234-texlive-combined-full-2025.2025070
3-texmfdist/tex/latex/fp/fp-addons.sty
Package: fp-addons 1995/03/15
)
(/nix/store/zqc1h9zagr58l7122lkq5qgkiw7h4234-texlive-combined-full-2025.2025070
3-texmfdist/tex/latex/fp/fp-snap.sty
Package: fp-snap 1995/04/05
)
(/nix/store/zqc1h9zagr58l7122lkq5qgkiw7h4234-texlive-combined-full-2025.2025070
3-texmfdist/tex/latex/fp/fp-exp.sty
Package: fp-exp 1995/04/03
)
(/nix/store/zqc1h9zagr58l7122lkq5qgkiw7h4234-texlive-combined-full-2025.2025070
3-texmfdist/tex/latex/fp/fp-trigo.sty
Package: fp-trigo 1995/04/14
)
(/nix/store/zqc1h9zagr58l7122lkq5qgkiw7h4234-texlive-combined-full-2025.2025070
3-texmfdist/tex/latex/fp/fp-pas.sty
Package: fp-pas 1994/08/29
)
(/nix/store/zqc1h9zagr58l7122lkq5qgkiw7h4234-texlive-combined-full-2025.2025070
3-texmfdist/tex/latex/fp/fp-random.sty
Package: fp-random 1995/02/23
\FPseed=\count369
)
(/nix/store/zqc1h9zagr58l7122lkq5qgkiw7h4234-texlive-combined-full-2025.2025070
3-texmfdist/tex/latex/fp/fp-eqn.sty
Package: fp-eqn 1995/04/03
)
(/nix/store/zqc1h9zagr58l7122lkq5qgkiw7h4234-texlive-combined-full-2025.2025070
3-texmfdist/tex/latex/fp/fp-upn.sty
Package: fp-upn 1996/10/21
)
(/nix/store/zqc1h9zagr58l7122lkq5qgkiw7h4234-texlive-combined-full-2025.2025070
3-texmfdist/tex/latex/fp/fp-eval.sty
Package: fp-eval 1995/04/03
))
Package beamerposter Info: checking size input, please wait. on input line 129.

Package beamerposter Info: the input a0\ 1\ was correct, we proceed. on input l
ine 129.
Package beamerposter Info: finished size input check. on input line 129.
Package beamerposter Info: myfontscale=1.0 on input line 129.
Package beamerposter Info: checking orientation input, please wait. on input li
ne 130.
Package beamerposter Info: the input portrait\ 0\ was correct, we proceed. on i
nput line 130.
Package beamerposter Info: finished orientation check. on input line 130.
Package beamerposter Info: checking size input, please wait. on input line 130.

Package beamerposter Info: the input custom\ 6\ was correct, we proceed. on inp
ut line 130.
Package beamerposter Info: finished size input check. on input line 130.
Package beamerposter Info: custom poster width=120 on input line 130.
Package beamerposter Info: custom poster height=100 on input line 130.
Package beamerposter Info: myfontscale=1 on input line 130.
 ( FP-UPN ( FP-MUL ) ( FP-ROUND ) )
\tmp=\dimen302

( FP-UPN ( FP-SUB ) ) ( FP-UPN ( FP-SUB ) )
Package beamerposter Info: paperwidth=3414.3307pt, paperheight=2845.27559pt on 
input line 173.
Package beamerposter Info: textwidth=3385.87794pt, textheight=2816.82283pt on i
nput line 174.
Package beamerposter Info: fontscale=1.0, myfontscale=1.00 on input line 175.
 ( FP-UPN ( FP-MUL ) ( FP-ROUND ) )
( FP-UPN ( FP-MUL ) ( FP-ROUND ) ) ( FP-UPN ( FP-MUL ) ( FP-ROUND ) ) ( FP-UPN
( FP-MUL ) ( FP-ROUND ) ) ( FP-UPN ( FP-MUL ) ( FP-ROUND ) ) ( FP-UPN ( FP-MUL
) ( FP-ROUND ) ) ( FP-UPN ( FP-MUL ) ( FP-ROUND ) ) ( FP-UPN ( FP-MUL )
( FP-ROUND ) ) ( FP-UPN ( FP-MUL ) ( FP-ROUND ) ) ( FP-UPN ( FP-MUL )
( FP-ROUND ) ) ( FP-UPN ( FP-MUL ) ( FP-ROUND ) ) ( FP-UPN ( FP-MUL )
( FP-ROUND ) ) ( FP-UPN ( FP-MUL ) ( FP-ROUND ) ) ( FP-UPN ( FP-MUL )
( FP-ROUND ) ) ( FP-UPN ( FP-MUL ) ( FP-ROUND ) ) ( FP-UPN ( FP-MUL )
( FP-ROUND ) ) ( FP-UPN ( FP-MUL ) ( FP-ROUND ) ) ( FP-UPN ( FP-MUL )
( FP-ROUND ) ) ( FP-UPN ( FP-MUL ) ( FP-ROUND ) ) ( FP-UPN ( FP-MUL )
( FP-ROUND ) ) ( FP-UPN ( FP-MUL ) ( FP-ROUND ) ) ( FP-UPN ( FP-MUL )
( FP-ROUND ) ) ( FP-UPN ( FP-MUL ) ( FP-ROUND ) ) ( FP-UPN ( FP-MUL )
( FP-ROUND ) ) ( FP-UPN ( FP-MUL ) ( FP-ROUND ) ) ( FP-UPN ( FP-MUL )
( FP-ROUND ) ) ( FP-UPN ( FP-MUL ) ( FP-ROUND ) ) ( FP-UPN ( FP-MUL )
( FP-ROUND ) ) ( FP-UPN ( FP-MUL ) ( FP-ROUND ) ) ( FP-UPN ( FP-MUL )
( FP-ROUND ) ) ( FP-UPN ( FP-MUL ) ( FP-ROUND ) ) ( FP-UPN ( FP-MUL )
( FP-ROUND ) )) (./beamerthemegemini.sty
(/nix/store/zqc1h9zagr58l7122lkq5qgkiw7h4234-texlive-combined-full-2025.2025070
3-texmfdist/tex/latex/base/exscale.sty
Package: exscale 2018/09/24 v2.1i Standard LaTeX package exscale
LaTeX Font Info:    Redeclaring symbol font `largesymbols' on input line 57.
LaTeX Font Info:    Overwriting symbol font `largesymbols' in version `normal'
(Font)                  OMX/lmex/m/n --> OMX/cmex/m/n on input line 57.
LaTeX Font Info:    Overwriting symbol font `largesymbols' in version `bold'
(Font)                  OMX/lmex/m/n --> OMX/cmex/m/n on input line 57.
\big@size=\dimen303
)
(/nix/store/zqc1h9zagr58l7122lkq5qgkiw7h4234-texlive-combined-full-2025.2025070
3-texmfdist/tex/latex/ragged2e/ragged2e.sty
Package: ragged2e 2023/06/22 v3.6 ragged2e Package
\CenteringLeftskip=\skip66
\RaggedLeftLeftskip=\skip67
\RaggedRightLeftskip=\skip68
\CenteringRightskip=\skip69
\RaggedLeftRightskip=\skip70
\RaggedRightRightskip=\skip71
\CenteringParfillskip=\skip72
\RaggedLeftParfillskip=\skip73
\RaggedRightParfillskip=\skip74
\JustifyingParfillskip=\skip75
\CenteringParindent=\skip76
\RaggedLeftParindent=\skip77
\RaggedRightParindent=\skip78
\JustifyingParindent=\skip79
)
(/nix/store/zqc1h9zagr58l7122lkq5qgkiw7h4234-texlive-combined-full-2025.2025070
3-texmfdist/tex/latex/changepage/changepage.sty
Package: changepage 2009/10/20 v1.0c check page and change page layout
\c@cp@cntr=\count370
\cp@tempcnt=\count371
)
(/nix/store/zqc1h9zagr58l7122lkq5qgkiw7h4234-texlive-combined-full-2025.2025070
3-texmfdist/tex/latex/fontspec/fontspec.sty
(/nix/store/zqc1h9zagr58l7122lkq5qgkiw7h4234-texlive-combined-full-2025.2025070
3-texmfdist/tex/latex/l3packages/xparse/xparse.sty
(/nix/store/zqc1h9zagr58l7122lkq5qgkiw7h4234-texlive-combined-full-2025.2025070
3-texmfdist/tex/latex/l3kernel/expl3.sty
Package: expl3 2025-06-09 L3 programming layer (loader) 

(/nix/store/zqc1h9zagr58l7122lkq5qgkiw7h4234-texlive-combined-full-2025.2025070
3-texmfdist/tex/latex/l3backend/l3backend-luatex.def
File: l3backend-luatex.def 2025-06-09 L3 backend support: PDF output (LuaTeX)
\l__color_backend_stack_int=\count372
Inserting `l3color' in `luaotfload.parse_color'.))
Package: xparse 2024-08-16 L3 Experimental document command parser
)
Package: fontspec 2024/05/11 v2.9e Font selection for XeLaTeX and LuaLaTeX
Lua module: fontspec 2024/05/11 v2.9e Font selection for XeLaTeX and LuaLaTeX
(/nix/store/zqc1h9zagr58l7122lkq5qgkiw7h4234-texlive-combined-full-2025.2025070
3-texmfdist/tex/latex/fontspec/fontspec-luatex.sty
Package: fontspec-luatex 2024/05/11 v2.9e Font selection for XeLaTeX and LuaLaT
eX
\l__fontspec_script_int=\count373
\l__fontspec_language_int=\count374
\l__fontspec_strnum_int=\count375
\l__fontspec_tmp_int=\count376
\l__fontspec_tmpa_int=\count377
\l__fontspec_tmpb_int=\count378
\l__fontspec_tmpc_int=\count379
\l__fontspec_em_int=\count380
\l__fontspec_emdef_int=\count381
\l__fontspec_strong_int=\count382
\l__fontspec_strongdef_int=\count383
\l__fontspec_tmpa_dim=\dimen304
\l__fontspec_tmpb_dim=\dimen305
\l__fontspec_tmpc_dim=\dimen306

(/nix/store/zqc1h9zagr58l7122lkq5qgkiw7h4234-texlive-combined-full-2025.2025070
3-texmfdist/tex/latex/base/fontenc.sty
Package: fontenc 2024/12/21 v2.1c Standard LaTeX package
)
(/nix/store/zqc1h9zagr58l7122lkq5qgkiw7h4234-texlive-combined-full-2025.2025070
3-texmfdist/tex/latex/fontspec/fontspec.cfg)))
(/nix/store/zqc1h9zagr58l7122lkq5qgkiw7h4234-texlive-combined-full-2025.2025070
3-texmfdist/tex/latex/tools/calc.sty
Package: calc 2025/03/01 v4.3b Infix arithmetic (KKT,FJ)
\calc@Acount=\count384
\calc@Bcount=\count385
\calc@Adimen=\dimen307
\calc@Bdimen=\dimen308
\calc@Askip=\skip80
\calc@Bskip=\skip81
LaTeX Info: Redefining \setlength on input line 86.
LaTeX Info: Redefining \addtolength on input line 87.
\calc@Ccount=\count386
\calc@Cskip=\skip82
)
(/nix/store/zqc1h9zagr58l7122lkq5qgkiw7h4234-texlive-combined-full-2025.2025070
3-texmfdist/tex/latex/enumitem/enumitem.sty
Package: enumitem 2025/02/06 v3.11 Customized lists
\labelindent=\skip83
\enit@outerparindent=\dimen309
\enit@toks=\toks49
\enit@inbox=\box78
\enit@count@id=\count387
\enitdp@description=\count388
)
luaotfload | cache : Lookup cache loaded from /home/tesserekt/.texlive2025/texmf
-var/luatex-cache/generic/names/luaotfload-lookup-cache.luc.

Package fontspec Info: 
(fontspec)             Font family 'Raleway(0)' created for font 'Raleway'
(fontspec)             with options [Ligatures=TeX].
(fontspec)              
(fontspec)              This font family consists of the following NFSS
(fontspec)             series/shapes:
(fontspec)              
(fontspec)             - 'normal' (m/n) with NFSS spec.:
(fontspec)             <->"name:Raleway:mode=node;script=latn;language=dflt;+tl
ig;"
(fontspec)             - 'small caps'  (m/sc) with NFSS spec.:
(fontspec)             <->"name:Raleway:mode=node;script=latn;language=dflt;+tl
ig;+smcp;"
(fontspec)             - 'bold' (b/n) with NFSS spec.:
(fontspec)             <->"name:Raleway/B:mode=node;script=latn;language=dflt;+
tlig;"
(fontspec)             - 'bold small caps'  (b/sc) with NFSS spec.:
(fontspec)             <->"name:Raleway/B:mode=node;script=latn;language=dflt;+
tlig;+smcp;"
(fontspec)             - 'italic' (m/it) with NFSS spec.:
(fontspec)             <->"name:Raleway/I:mode=node;script=latn;language=dflt;+
tlig;"
(fontspec)             - 'italic small caps'  (m/scit) with NFSS spec.:
(fontspec)             <->"name:Raleway/I:mode=node;script=latn;language=dflt;+
tlig;+smcp;"
(fontspec)             - 'bold italic' (b/it) with NFSS spec.:
(fontspec)             <->"name:Raleway/BI:mode=node;script=latn;language=dflt;
+tlig;"
(fontspec)             - 'bold italic small caps'  (b/scit) with NFSS spec.:
(fontspec)             <->"name:Raleway/BI:mode=node;script=latn;language=dflt;
+tlig;+smcp;"


Package fontspec Info: 
(fontspec)             Font family 'Lato(0)' created for font 'Lato' with
(fontspec)             options [Ligatures=TeX].
(fontspec)              
(fontspec)              This font family consists of the following NFSS
(fontspec)             series/shapes:
(fontspec)              
(fontspec)             - 'normal' (m/n) with NFSS spec.:
(fontspec)             <->"name:Lato:mode=node;script=latn;language=dflt;+tlig;
"
(fontspec)             - 'bold' (b/n) with NFSS spec.:
(fontspec)             <->"name:Lato/B:mode=node;script=latn;language=dflt;+tli
g;"
(fontspec)             - 'italic' (m/it) with NFSS spec.:
(fontspec)             <->"name:Lato/I:mode=node;script=latn;language=dflt;+tli
g;"
(fontspec)             - 'bold italic' (b/it) with NFSS spec.:
(fontspec)             <->"name:Lato/BI:mode=node;script=latn;language=dflt;+tl
ig;"


(/nix/store/zqc1h9zagr58l7122lkq5qgkiw7h4234-texlive-combined-full-2025.2025070
3-texmfdist/tex/latex/beamer/beamerfontthemeprofessionalfonts.sty)

Package fontspec Info: 
(fontspec)             Font family 'Lato(1)' created for font 'Lato' with
(fontspec)             options
(fontspec)             [Ligatures=TeX,UprightFont=*-Light,ItalicFont=*-LightIta
lic,BoldFont=*-Regular,BoldItalicFont=*-Italic].
(fontspec)              
(fontspec)              This font family consists of the following NFSS
(fontspec)             series/shapes:
(fontspec)              
(fontspec)             - 'normal' (m/n) with NFSS spec.:
(fontspec)             <->"name:Lato-Light:mode=node;script=latn;language=dflt;
+tlig;"
(fontspec)             - 'bold' (b/n) with NFSS spec.:
(fontspec)             <->"name:Lato-Regular:mode=node;script=latn;language=dfl
t;+tlig;"
(fontspec)             - 'italic' (m/it) with NFSS spec.:
(fontspec)             <->"name:Lato-LightItalic:mode=node;script=latn;language
=dflt;+tlig;"
(fontspec)             - 'bold italic' (b/it) with NFSS spec.:
(fontspec)             <->"name:Lato-Italic:mode=node;script=latn;language=dflt
;+tlig;"

\logoleftwidth=\skip84
\logorightwidth=\skip85
\maxlogowidth=\skip86
)
(/nix/store/zqc1h9zagr58l7122lkq5qgkiw7h4234-texlive-combined-full-2025.2025070
3-texmfdist/tex/latex/graphics/dvipsnam.def
File: dvipsnam.def 2016/06/17 v3.0m Driver-dependent file (DPC,SPQR)
) (./beamercolorthemenott.sty)
(/nix/store/zqc1h9zagr58l7122lkq5qgkiw7h4234-texlive-combined-full-2025.2025070
3-texmfdist/tex/latex/booktabs/booktabs.sty
Package: booktabs 2020/01/12 v1.61803398 Publication quality tables
\heavyrulewidth=\dimen310
\lightrulewidth=\dimen311
\cmidrulewidth=\dimen312
\belowrulesep=\dimen313
\belowbottomsep=\dimen314
\aboverulesep=\dimen315
\abovetopsep=\dimen316
\cmidrulesep=\dimen317
\cmidrulekern=\dimen318
\defaultaddspace=\dimen319
\@cmidla=\count389
\@cmidlb=\count390
\@aboverulesep=\dimen320
\@belowrulesep=\dimen321
\@thisruleclass=\count391
\@lastruleclass=\count392
\@thisrulewidth=\dimen322
)
(/nix/store/zqc1h9zagr58l7122lkq5qgkiw7h4234-texlive-combined-full-2025.2025070
3-texmfdist/tex/latex/pgf/frontendlayer/tikz.sty
(/nix/store/zqc1h9zagr58l7122lkq5qgkiw7h4234-texlive-combined-full-2025.2025070
3-texmfdist/tex/latex/pgf/basiclayer/pgf.sty
Package: pgf 2023-01-15 v3.1.10 (3.1.10)

(/nix/store/zqc1h9zagr58l7122lkq5qgkiw7h4234-texlive-combined-full-2025.2025070
3-texmfdist/tex/generic/pgf/modules/pgfmoduleshapes.code.tex
File: pgfmoduleshapes.code.tex 2023-01-15 v3.1.10 (3.1.10)
\pgfnodeparttextbox=\box79
)
(/nix/store/zqc1h9zagr58l7122lkq5qgkiw7h4234-texlive-combined-full-2025.2025070
3-texmfdist/tex/generic/pgf/modules/pgfmoduleplot.code.tex
File: pgfmoduleplot.code.tex 2023-01-15 v3.1.10 (3.1.10)
)
(/nix/store/zqc1h9zagr58l7122lkq5qgkiw7h4234-texlive-combined-full-2025.2025070
3-texmfdist/tex/latex/pgf/compatibility/pgfcomp-version-0-65.sty
Package: pgfcomp-version-0-65 2023-01-15 v3.1.10 (3.1.10)
\pgf@nodesepstart=\dimen323
\pgf@nodesepend=\dimen324
)
(/nix/store/zqc1h9zagr58l7122lkq5qgkiw7h4234-texlive-combined-full-2025.2025070
3-texmfdist/tex/latex/pgf/compatibility/pgfcomp-version-1-18.sty
Package: pgfcomp-version-1-18 2023-01-15 v3.1.10 (3.1.10)
))
(/nix/store/zqc1h9zagr58l7122lkq5qgkiw7h4234-texlive-combined-full-2025.2025070
3-texmfdist/tex/latex/pgf/utilities/pgffor.sty
(/nix/store/zqc1h9zagr58l7122lkq5qgkiw7h4234-texlive-combined-full-2025.2025070
3-texmfdist/tex/generic/pgf/utilities/pgffor.code.tex
Package: pgffor 2023-01-15 v3.1.10 (3.1.10)
\pgffor@iter=\dimen325
\pgffor@skip=\dimen326
\pgffor@stack=\toks50
\pgffor@toks=\toks51
))
(/nix/store/zqc1h9zagr58l7122lkq5qgkiw7h4234-texlive-combined-full-2025.2025070
3-texmfdist/tex/generic/pgf/frontendlayer/tikz/tikz.code.tex
Package: tikz 2023-01-15 v3.1.10 (3.1.10)

(/nix/store/zqc1h9zagr58l7122lkq5qgkiw7h4234-texlive-combined-full-2025.2025070
3-texmfdist/tex/generic/pgf/libraries/pgflibraryplothandlers.code.tex
File: pgflibraryplothandlers.code.tex 2023-01-15 v3.1.10 (3.1.10)
\pgf@plot@mark@count=\count393
\pgfplotmarksize=\dimen327
)
\tikz@lastx=\dimen328
\tikz@lasty=\dimen329
\tikz@lastxsaved=\dimen330
\tikz@lastysaved=\dimen331
\tikz@lastmovetox=\dimen332
\tikz@lastmovetoy=\dimen333
\tikzleveldistance=\dimen334
\tikzsiblingdistance=\dimen335
\tikz@figbox=\box80
\tikz@figbox@bg=\box81
\tikz@tempbox=\box82
\tikz@tempbox@bg=\box83
\tikztreelevel=\count394
\tikznumberofchildren=\count395
\tikznumberofcurrentchild=\count396
\tikz@fig@count=\count397

(/nix/store/zqc1h9zagr58l7122lkq5qgkiw7h4234-texlive-combined-full-2025.2025070
3-texmfdist/tex/generic/pgf/modules/pgfmodulematrix.code.tex
File: pgfmodulematrix.code.tex 2023-01-15 v3.1.10 (3.1.10)
\pgfmatrixcurrentrow=\count398
\pgfmatrixcurrentcolumn=\count399
\pgf@matrix@numberofcolumns=\count400
)
\tikz@expandcount=\count401

(/nix/store/zqc1h9zagr58l7122lkq5qgkiw7h4234-texlive-combined-full-2025.2025070
3-texmfdist/tex/generic/pgf/frontendlayer/tikz/libraries/tikzlibrarytopaths.cod
e.tex
File: tikzlibrarytopaths.code.tex 2023-01-15 v3.1.10 (3.1.10)
)))
(/nix/store/zqc1h9zagr58l7122lkq5qgkiw7h4234-texlive-combined-full-2025.2025070
3-texmfdist/tex/generic/pgf/frontendlayer/tikz/libraries/tikzlibrarycalc.code.t
ex
File: tikzlibrarycalc.code.tex 2023-01-15 v3.1.10 (3.1.10)
)
(/nix/store/zqc1h9zagr58l7122lkq5qgkiw7h4234-texlive-combined-full-2025.2025070
3-texmfdist/tex/generic/pgf/libraries/pgflibraryarrows.meta.code.tex
File: pgflibraryarrows.meta.code.tex 2023-01-15 v3.1.10 (3.1.10)
\pgfarrowinset=\dimen336
\pgfarrowlength=\dimen337
\pgfarrowwidth=\dimen338
\pgfarrowlinewidth=\dimen339
)
(/nix/store/zqc1h9zagr58l7122lkq5qgkiw7h4234-texlive-combined-full-2025.2025070
3-texmfdist/tex/generic/pgf/frontendlayer/tikz/libraries/tikzlibrarypatterns.co
de.tex
File: tikzlibrarypatterns.code.tex 2023-01-15 v3.1.10 (3.1.10)

(/nix/store/zqc1h9zagr58l7122lkq5qgkiw7h4234-texlive-combined-full-2025.2025070
3-texmfdist/tex/generic/pgf/libraries/pgflibrarypatterns.code.tex
File: pgflibrarypatterns.code.tex 2023-01-15 v3.1.10 (3.1.10)
))
(/nix/store/zqc1h9zagr58l7122lkq5qgkiw7h4234-texlive-combined-full-2025.2025070
3-texmfdist/tex/generic/pgf/frontendlayer/tikz/libraries/tikzlibrarydecorations
.pathmorphing.code.tex
(/nix/store/zqc1h9zagr58l7122lkq5qgkiw7h4234-texlive-combined-full-2025.2025070
3-texmfdist/tex/generic/pgf/frontendlayer/tikz/libraries/tikzlibrarydecorations
.code.tex
(/nix/store/zqc1h9zagr58l7122lkq5qgkiw7h4234-texlive-combined-full-2025.2025070
3-texmfdist/tex/generic/pgf/modules/pgfmoduledecorations.code.tex
\pgfdecoratedcompleteddistance=\dimen340
\pgfdecoratedremainingdistance=\dimen341
\pgfdecoratedinputsegmentcompleteddistance=\dimen342
\pgfdecoratedinputsegmentremainingdistance=\dimen343
\pgf@decorate@distancetomove=\dimen344
\pgf@decorate@repeatstate=\count402
\pgfdecorationsegmentamplitude=\dimen345
\pgfdecorationsegmentlength=\dimen346
)
\tikz@lib@dec@box=\box84
)
(/nix/store/zqc1h9zagr58l7122lkq5qgkiw7h4234-texlive-combined-full-2025.2025070
3-texmfdist/tex/generic/pgf/libraries/decorations/pgflibrarydecorations.pathmor
phing.code.tex))
(/nix/store/zqc1h9zagr58l7122lkq5qgkiw7h4234-texlive-combined-full-2025.2025070
3-texmfdist/tex/generic/pgf/frontendlayer/tikz/libraries/tikzlibraryshapes.geom
etric.code.tex
File: tikzlibraryshapes.geometric.code.tex 2023-01-15 v3.1.10 (3.1.10)

(/nix/store/zqc1h9zagr58l7122lkq5qgkiw7h4234-texlive-combined-full-2025.2025070
3-texmfdist/tex/generic/pgf/libraries/shapes/pgflibraryshapes.geometric.code.te
x
File: pgflibraryshapes.geometric.code.tex 2023-01-15 v3.1.10 (3.1.10)
))
(/nix/store/zqc1h9zagr58l7122lkq5qgkiw7h4234-texlive-combined-full-2025.2025070
3-texmfdist/tex/latex/tkz-euclide/tkz-euclide.sty
2024/04/19 5.10c tkz-euclide.sty
Package: tkz-euclide  2024/04/19 5.10c for pure Euclidean Geometry 

(/nix/store/zqc1h9zagr58l7122lkq5qgkiw7h4234-texlive-combined-full-2025.2025070
3-texmfdist/tex/generic/pgf/frontendlayer/tikz/libraries/tikzlibraryangles.code
.tex
File: tikzlibraryangles.code.tex 2023-01-15 v3.1.10 (3.1.10)
)
(/nix/store/zqc1h9zagr58l7122lkq5qgkiw7h4234-texlive-combined-full-2025.2025070
3-texmfdist/tex/generic/pgf/frontendlayer/tikz/libraries/tikzlibraryarrows.code
.tex
File: tikzlibraryarrows.code.tex 2023-01-15 v3.1.10 (3.1.10)

(/nix/store/zqc1h9zagr58l7122lkq5qgkiw7h4234-texlive-combined-full-2025.2025070
3-texmfdist/tex/generic/pgf/libraries/pgflibraryarrows.code.tex
File: pgflibraryarrows.code.tex 2023-01-15 v3.1.10 (3.1.10)
\arrowsize=\dimen347
))
(/nix/store/zqc1h9zagr58l7122lkq5qgkiw7h4234-texlive-combined-full-2025.2025070
3-texmfdist/tex/generic/pgf/frontendlayer/tikz/libraries/tikzlibrarybackgrounds
.code.tex
File: tikzlibrarybackgrounds.code.tex 2023-01-15 v3.1.10 (3.1.10)
\pgf@layerbox@background=\box85
\pgf@layerboxsaved@background=\box86
)
(/nix/store/zqc1h9zagr58l7122lkq5qgkiw7h4234-texlive-combined-full-2025.2025070
3-texmfdist/tex/generic/pgf/frontendlayer/tikz/libraries/tikzlibrarydecorations
.markings.code.tex
(/nix/store/zqc1h9zagr58l7122lkq5qgkiw7h4234-texlive-combined-full-2025.2025070
3-texmfdist/tex/generic/pgf/libraries/decorations/pgflibrarydecorations.marking
s.code.tex))
(/nix/store/zqc1h9zagr58l7122lkq5qgkiw7h4234-texlive-combined-full-2025.2025070
3-texmfdist/tex/generic/pgf/frontendlayer/tikz/libraries/tikzlibrarydecorations
.pathreplacing.code.tex
(/nix/store/zqc1h9zagr58l7122lkq5qgkiw7h4234-texlive-combined-full-2025.2025070
3-texmfdist/tex/generic/pgf/libraries/decorations/pgflibrarydecorations.pathrep
lacing.code.tex))
(/nix/store/zqc1h9zagr58l7122lkq5qgkiw7h4234-texlive-combined-full-2025.2025070
3-texmfdist/tex/generic/pgf/frontendlayer/tikz/libraries/tikzlibrarydecorations
.shapes.code.tex
(/nix/store/zqc1h9zagr58l7122lkq5qgkiw7h4234-texlive-combined-full-2025.2025070
3-texmfdist/tex/generic/pgf/libraries/decorations/pgflibrarydecorations.shapes.
code.tex))
(/nix/store/zqc1h9zagr58l7122lkq5qgkiw7h4234-texlive-combined-full-2025.2025070
3-texmfdist/tex/generic/pgf/frontendlayer/tikz/libraries/tikzlibrarydecorations
.text.code.tex
(/nix/store/zqc1h9zagr58l7122lkq5qgkiw7h4234-texlive-combined-full-2025.2025070
3-texmfdist/tex/generic/pgf/libraries/decorations/pgflibrarydecorations.text.co
de.tex
\pgf@lib@dec@text@box=\box87
)
\tikz@lib@dec@te@box=\box88
)
(/nix/store/zqc1h9zagr58l7122lkq5qgkiw7h4234-texlive-combined-full-2025.2025070
3-texmfdist/tex/generic/pgf/frontendlayer/tikz/libraries/tikzlibraryintersectio
ns.code.tex
(/nix/store/zqc1h9zagr58l7122lkq5qgkiw7h4234-texlive-combined-full-2025.2025070
3-texmfdist/tex/generic/pgf/libraries/pgflibraryintersections.code.tex
(/nix/store/zqc1h9zagr58l7122lkq5qgkiw7h4234-texlive-combined-full-2025.2025070
3-texmfdist/tex/generic/pgf/libraries/pgflibraryfpu.code.tex)
\pgf@intersect@solutions=\count403
))
(/nix/store/zqc1h9zagr58l7122lkq5qgkiw7h4234-texlive-combined-full-2025.2025070
3-texmfdist/tex/generic/pgf/frontendlayer/tikz/libraries/tikzlibrarymath.code.t
ex
(/nix/store/zqc1h9zagr58l7122lkq5qgkiw7h4234-texlive-combined-full-2025.2025070
3-texmfdist/tex/generic/pgf/frontendlayer/tikz/libraries/tikzlibraryfpu.code.te
x)
\tikz@math@for@depth=\count404
\tikz@math@dimen=\dimen348
\tikz@math@toks=\toks52
)
(/nix/store/zqc1h9zagr58l7122lkq5qgkiw7h4234-texlive-combined-full-2025.2025070
3-texmfdist/tex/generic/pgf/frontendlayer/tikz/libraries/tikzlibraryplotmarks.c
ode.tex
File: tikzlibraryplotmarks.code.tex 2023-01-15 v3.1.10 (3.1.10)

(/nix/store/zqc1h9zagr58l7122lkq5qgkiw7h4234-texlive-combined-full-2025.2025070
3-texmfdist/tex/generic/pgf/libraries/pgflibraryplotmarks.code.tex
File: pgflibraryplotmarks.code.tex 2023-01-15 v3.1.10 (3.1.10)
))
(/nix/store/zqc1h9zagr58l7122lkq5qgkiw7h4234-texlive-combined-full-2025.2025070
3-texmfdist/tex/generic/pgf/frontendlayer/tikz/libraries/tikzlibrarypositioning
.code.tex
File: tikzlibrarypositioning.code.tex 2023-01-15 v3.1.10 (3.1.10)
)
(/nix/store/zqc1h9zagr58l7122lkq5qgkiw7h4234-texlive-combined-full-2025.2025070
3-texmfdist/tex/generic/pgf/frontendlayer/tikz/libraries/tikzlibraryquotes.code
.tex
File: tikzlibraryquotes.code.tex 2023-01-15 v3.1.10 (3.1.10)
)
(/nix/store/zqc1h9zagr58l7122lkq5qgkiw7h4234-texlive-combined-full-2025.2025070
3-texmfdist/tex/generic/pgf/frontendlayer/tikz/libraries/tikzlibraryshapes.misc
.code.tex
File: tikzlibraryshapes.misc.code.tex 2023-01-15 v3.1.10 (3.1.10)

(/nix/store/zqc1h9zagr58l7122lkq5qgkiw7h4234-texlive-combined-full-2025.2025070
3-texmfdist/tex/generic/pgf/libraries/shapes/pgflibraryshapes.misc.code.tex
File: pgflibraryshapes.misc.code.tex 2023-01-15 v3.1.10 (3.1.10)
))
(/nix/store/zqc1h9zagr58l7122lkq5qgkiw7h4234-texlive-combined-full-2025.2025070
3-texmfdist/tex/generic/pgf/frontendlayer/tikz/libraries/tikzlibrarythrough.cod
e.tex
File: tikzlibrarythrough.code.tex 2023-01-15 v3.1.10 (3.1.10)
)
(/nix/store/zqc1h9zagr58l7122lkq5qgkiw7h4234-texlive-combined-full-2025.2025070
3-texmfdist/tex/latex/l3packages/xfp/xfp.sty
Package: xfp 2024-08-16 L3 Floating point unit
)
(/nix/store/zqc1h9zagr58l7122lkq5qgkiw7h4234-texlive-combined-full-2025.2025070
3-texmfdist/tex/latex/xpatch/xpatch.sty
Package: xpatch 2020/03/25 v0.3a Extending etoolbox patching commands
)
\tkzRadius=\dimen349
\tkzLength=\dimen350
\tkz@radi=\dimen351
\tkz@ax=\dimen352
\tkz@ay=\dimen353
\tkz@bx=\dimen354
\tkz@by=\dimen355
\tkz@cx=\dimen356
\tkz@cy=\dimen357
\tkz@dx=\dimen358
\tkz@dy=\dimen359
\tkz@cntmk=\count405

Local configuration file tkz-euclide.cfg found and used

(/nix/store/zqc1h9zagr58l7122lkq5qgkiw7h4234-texlive-combined-full-2025.2025070
3-texmfdist/tex/latex/tkz-euclide/tkz-euclide.cfg
2024/04/19 5.10c tkz-euclide.cfg
)
(/nix/store/zqc1h9zagr58l7122lkq5qgkiw7h4234-texlive-combined-full-2025.2025070
3-texmfdist/tex/latex/tkz-euclide/tkz-tools-eu-base.tex
2024/04/19 5.10c tkz-tools-eu-base.tex
)
(/nix/store/zqc1h9zagr58l7122lkq5qgkiw7h4234-texlive-combined-full-2025.2025070
3-texmfdist/tex/latex/tkz-euclide/tkz-tools-eu-utilities.tex
2024/04/19 5.10c tkz-tools-eu-utilities.tex
)
(/nix/store/zqc1h9zagr58l7122lkq5qgkiw7h4234-texlive-combined-full-2025.2025070
3-texmfdist/tex/latex/tkz-euclide/tkz-tools-eu-BB.tex
2024/04/19 5.10c tkz-obj-eu-BB.tex
)
(/nix/store/zqc1h9zagr58l7122lkq5qgkiw7h4234-texlive-combined-full-2025.2025070
3-texmfdist/tex/latex/tkz-euclide/tkz-obj-eu-grids.tex
2024/04/19 5.10c tkz-obj-eu-grids.tex
)
(/nix/store/zqc1h9zagr58l7122lkq5qgkiw7h4234-texlive-combined-full-2025.2025070
3-texmfdist/tex/latex/tkz-euclide/tkz-lib-eu-marks.tex
2024/04/19 5.10c tkz-lib-eu-marks.tex
)
(/nix/store/zqc1h9zagr58l7122lkq5qgkiw7h4234-texlive-combined-full-2025.2025070
3-texmfdist/tex/latex/tkz-euclide/tkz-tools-eu-text.tex
2024/04/19 5.10c tkz-tools-eu-text.tex
)
(/nix/store/zqc1h9zagr58l7122lkq5qgkiw7h4234-texlive-combined-full-2025.2025070
3-texmfdist/tex/latex/tkz-euclide/tkz-lib-eu-shape.tex
2024/04/19 5.10c tkz-lib-eu-shape.tex
)
(/nix/store/zqc1h9zagr58l7122lkq5qgkiw7h4234-texlive-combined-full-2025.2025070
3-texmfdist/tex/latex/tkz-euclide/tkz-obj-eu-axesmin.tex
2024/04/19 5.10c tkz-obj-eu-axesmin
)
(/nix/store/zqc1h9zagr58l7122lkq5qgkiw7h4234-texlive-combined-full-2025.2025070
3-texmfdist/tex/latex/tkz-euclide/tkz-tools-eu-colors.tex
2024/04/19 5.10c tkz-tools-eu-colors
)
(/nix/store/zqc1h9zagr58l7122lkq5qgkiw7h4234-texlive-combined-full-2025.2025070
3-texmfdist/tex/latex/tkz-euclide/tkz-obj-eu-points.tex
2024/04/19 5.10c tkz-obj-eu-points.tex
)
(/nix/store/zqc1h9zagr58l7122lkq5qgkiw7h4234-texlive-combined-full-2025.2025070
3-texmfdist/tex/latex/tkz-euclide/tkz-draw-eu-points.tex
2024/04/19 5.10c tkz-draw-eu-points.tex
)
(/nix/store/zqc1h9zagr58l7122lkq5qgkiw7h4234-texlive-combined-full-2025.2025070
3-texmfdist/tex/latex/tkz-euclide/tkz-obj-eu-points.tex
2024/04/19 5.10c tkz-obj-eu-points.tex
)
(/nix/store/zqc1h9zagr58l7122lkq5qgkiw7h4234-texlive-combined-full-2025.2025070
3-texmfdist/tex/latex/tkz-euclide/tkz-obj-eu-points-by.tex
2024/04/19 5.10c tkz-tools-eu-points-by.tex
)
(/nix/store/zqc1h9zagr58l7122lkq5qgkiw7h4234-texlive-combined-full-2025.2025070
3-texmfdist/tex/latex/tkz-euclide/tkz-tools-eu-math.tex
2024/04/19 5.10c tkz-tools-eu-math.tex
)
(/nix/store/zqc1h9zagr58l7122lkq5qgkiw7h4234-texlive-combined-full-2025.2025070
3-texmfdist/tex/latex/tkz-euclide/tkz-tools-eu-intersections.tex
2024/04/19 5.10c tkz-tools-eu-intersections.tex
)
(/nix/store/zqc1h9zagr58l7122lkq5qgkiw7h4234-texlive-combined-full-2025.2025070
3-texmfdist/tex/latex/tkz-euclide/tkz-obj-eu-points-with.tex
2024/04/19 5.10c tkz-obj-eu-points-with.tex
)
(/nix/store/zqc1h9zagr58l7122lkq5qgkiw7h4234-texlive-combined-full-2025.2025070
3-texmfdist/tex/latex/tkz-euclide/tkz-obj-eu-points-spc.tex
2024/04/19 5.10c tkz-obj-el-points.tex
)
(/nix/store/zqc1h9zagr58l7122lkq5qgkiw7h4234-texlive-combined-full-2025.2025070
3-texmfdist/tex/latex/tkz-euclide/tkz-tools-eu-angles.tex
2024/04/19 5.10c tkz-tools-eu-angles.tex
)
(/nix/store/zqc1h9zagr58l7122lkq5qgkiw7h4234-texlive-combined-full-2025.2025070
3-texmfdist/tex/latex/tkz-euclide/tkz-obj-eu-circles.tex
2024/04/19 5.10c tkz-obj-eu-circles.tex
)
(/nix/store/zqc1h9zagr58l7122lkq5qgkiw7h4234-texlive-combined-full-2025.2025070
3-texmfdist/tex/latex/tkz-euclide/tkz-obj-eu-circles-by.tex
2024/04/19 5.10c tkz-obj-eu-circles.tex
)
(/nix/store/zqc1h9zagr58l7122lkq5qgkiw7h4234-texlive-combined-full-2025.2025070
3-texmfdist/tex/latex/tkz-euclide/tkz-obj-eu-points-rnd.tex
2024/04/19 5.10c tkz-obj-eu-points-rnd.tex
)
(/nix/store/zqc1h9zagr58l7122lkq5qgkiw7h4234-texlive-combined-full-2025.2025070
3-texmfdist/tex/latex/tkz-euclide/tkz-obj-eu-lines.tex
2024/04/19 5.10c tkz-obj-eu-lines.tex
)
(/nix/store/zqc1h9zagr58l7122lkq5qgkiw7h4234-texlive-combined-full-2025.2025070
3-texmfdist/tex/latex/tkz-euclide/tkz-obj-eu-polygons.tex
2024/04/19 5.10c tkz-obj-eu-polygons.tex
)
(/nix/store/zqc1h9zagr58l7122lkq5qgkiw7h4234-texlive-combined-full-2025.2025070
3-texmfdist/tex/latex/tkz-euclide/tkz-obj-eu-triangles.tex
2024/04/19 5.10c tkz-obj-eu-triangles.tex
)
(/nix/store/zqc1h9zagr58l7122lkq5qgkiw7h4234-texlive-combined-full-2025.2025070
3-texmfdist/tex/latex/tkz-euclide/tkz-draw-eu-lines.tex
2024/04/19 5.10c tkz-obj-eu-draw-lines.tex
)
(/nix/store/zqc1h9zagr58l7122lkq5qgkiw7h4234-texlive-combined-full-2025.2025070
3-texmfdist/tex/latex/tkz-euclide/tkz-draw-eu-circles.tex
2024/04/19 5.10c tkz-obj-eu-draw-circles.tex
)
(/nix/store/zqc1h9zagr58l7122lkq5qgkiw7h4234-texlive-combined-full-2025.2025070
3-texmfdist/tex/latex/tkz-euclide/tkz-draw-eu-ellipses.tex
2024/04/19 5.10c tkz-obj-eu-draw-ellipses.tex
)
(/nix/store/zqc1h9zagr58l7122lkq5qgkiw7h4234-texlive-combined-full-2025.2025070
3-texmfdist/tex/latex/tkz-euclide/tkz-draw-eu-polygons.tex
2024/04/19 5.10c tkz-obj-eu-polygons.tex
)
(/nix/store/zqc1h9zagr58l7122lkq5qgkiw7h4234-texlive-combined-full-2025.2025070
3-texmfdist/tex/latex/tkz-euclide/tkz-draw-eu-arcs.tex
2024/04/19 5.10c tkz-tool-eu-arcs.tex
)
(/nix/store/zqc1h9zagr58l7122lkq5qgkiw7h4234-texlive-combined-full-2025.2025070
3-texmfdist/tex/latex/tkz-euclide/tkz-draw-eu-angles.tex
2024/04/19 5.10c tkz-tool-eu-angles.tex
)
(/nix/store/zqc1h9zagr58l7122lkq5qgkiw7h4234-texlive-combined-full-2025.2025070
3-texmfdist/tex/latex/tkz-euclide/tkz-draw-eu-sectors.tex
2024/04/19 5.10c tkz-obj-eu-sectors.tex
)
(/nix/store/zqc1h9zagr58l7122lkq5qgkiw7h4234-texlive-combined-full-2025.2025070
3-texmfdist/tex/latex/tkz-euclide/tkz-draw-eu-compass.tex
2024/04/19 5.10c tkz-obj-eu-compass.tex
)
(/nix/store/zqc1h9zagr58l7122lkq5qgkiw7h4234-texlive-combined-full-2025.2025070
3-texmfdist/tex/latex/tkz-euclide/tkz-draw-eu-show.tex
2024/04/19 5.10c tkz-obj-eu-show.tex
)
(/nix/store/zqc1h9zagr58l7122lkq5qgkiw7h4234-texlive-combined-full-2025.2025070
3-texmfdist/tex/latex/tkz-euclide/tkz-draw-eu-protractor.tex
2024/04/19 5.10c tkz-obj-eu-protractor.tex
))
(/nix/store/zqc1h9zagr58l7122lkq5qgkiw7h4234-texlive-combined-full-2025.2025070
3-texmfdist/tex/latex/pgfplots/pgfplots.sty
(/nix/store/zqc1h9zagr58l7122lkq5qgkiw7h4234-texlive-combined-full-2025.2025070
3-texmfdist/tex/generic/pgfplots/pgfplots.revision.tex)
Package: pgfplots 2021/05/15 v1.18.1 Data Visualization (1.18.1)

(/nix/store/zqc1h9zagr58l7122lkq5qgkiw7h4234-texlive-combined-full-2025.2025070
3-texmfdist/tex/generic/pgfplots/pgfplots.code.tex
(/nix/store/zqc1h9zagr58l7122lkq5qgkiw7h4234-texlive-combined-full-2025.2025070
3-texmfdist/tex/generic/pgfplots/pgfplotscore.code.tex
Package pgfplots info on input line 124: Initializing with LUA version Lua 5.3
\pgfplots@luabackend@table=\catcodetable16
\t@pgfplots@toka=\toks53
\t@pgfplots@tokb=\toks54
\t@pgfplots@tokc=\toks55
\pgfplots@tmpa=\dimen360
\c@pgfplots@coordindex=\count406
\c@pgfplots@scanlineindex=\count407

(/nix/store/zqc1h9zagr58l7122lkq5qgkiw7h4234-texlive-combined-full-2025.2025070
3-texmfdist/tex/generic/pgfplots/sys/pgfplotssysgeneric.code.tex))
(/nix/store/zqc1h9zagr58l7122lkq5qgkiw7h4234-texlive-combined-full-2025.2025070
3-texmfdist/tex/generic/pgfplots/libs/pgfplotslibrary.code.tex)
(/nix/store/zqc1h9zagr58l7122lkq5qgkiw7h4234-texlive-combined-full-2025.2025070
3-texmfdist/tex/generic/pgfplots/oldpgfcompatib/pgfplotsoldpgfsupp_loader.code.
tex
Package pgfplots: loading complementary utilities for your pgf version...
\t@pgf@toka=\toks56
\t@pgf@tokb=\toks57
\t@pgf@tokc=\toks58

(/nix/store/zqc1h9zagr58l7122lkq5qgkiw7h4234-texlive-combined-full-2025.2025070
3-texmfdist/tex/generic/pgfplots/oldpgfcompatib/pgfplotsoldpgfsupp_pgfutil-comm
on-lists.tex)
(/nix/store/zqc1h9zagr58l7122lkq5qgkiw7h4234-texlive-combined-full-2025.2025070
3-texmfdist/tex/generic/pgf/libraries/luamath/pgflibraryluamath.code.tex)
Package pgfplots info on input line 290: luamath library shipped with pgf 3.1.1
0 is up-to-date
)
(/nix/store/zqc1h9zagr58l7122lkq5qgkiw7h4234-texlive-combined-full-2025.2025070
3-texmfdist/tex/generic/pgfplots/util/pgfplotsutil.code.tex
Package pgfplots info on input line 82: Found new luatex: initializing lua comm
ands instead of write18 (shell-escape)

(/nix/store/zqc1h9zagr58l7122lkq5qgkiw7h4234-texlive-combined-full-2025.2025070
3-texmfdist/tex/generic/pgfplots/liststructure/pgfplotsliststructure.code.tex)
(/nix/store/zqc1h9zagr58l7122lkq5qgkiw7h4234-texlive-combined-full-2025.2025070
3-texmfdist/tex/generic/pgfplots/liststructure/pgfplotsliststructureext.code.te
x)
(/nix/store/zqc1h9zagr58l7122lkq5qgkiw7h4234-texlive-combined-full-2025.2025070
3-texmfdist/tex/generic/pgfplots/liststructure/pgfplotsarray.code.tex
\c@pgfplotsarray@tmp=\count408
)
(/nix/store/zqc1h9zagr58l7122lkq5qgkiw7h4234-texlive-combined-full-2025.2025070
3-texmfdist/tex/generic/pgfplots/liststructure/pgfplotsmatrix.code.tex)
(/nix/store/zqc1h9zagr58l7122lkq5qgkiw7h4234-texlive-combined-full-2025.2025070
3-texmfdist/tex/generic/pgfplots/numtable/pgfplotstableshared.code.tex
\c@pgfplotstable@counta=\count409
\t@pgfplotstable@a=\toks59
)
(/nix/store/zqc1h9zagr58l7122lkq5qgkiw7h4234-texlive-combined-full-2025.2025070
3-texmfdist/tex/generic/pgfplots/liststructure/pgfplotsdeque.code.tex)
(/nix/store/zqc1h9zagr58l7122lkq5qgkiw7h4234-texlive-combined-full-2025.2025070
3-texmfdist/tex/generic/pgfplots/util/pgfplotsbinary.code.tex
(/nix/store/zqc1h9zagr58l7122lkq5qgkiw7h4234-texlive-combined-full-2025.2025070
3-texmfdist/tex/generic/pgfplots/util/pgfplotsbinary.data.code.tex))
(/nix/store/zqc1h9zagr58l7122lkq5qgkiw7h4234-texlive-combined-full-2025.2025070
3-texmfdist/tex/generic/pgfplots/util/pgfplotsutil.verb.code.tex)
(/nix/store/zqc1h9zagr58l7122lkq5qgkiw7h4234-texlive-combined-full-2025.2025070
3-texmfdist/tex/generic/pgfplots/libs/pgflibrarypgfplots.surfshading.code.tex
\c@pgfplotslibrarysurf@no=\count410

(/nix/store/zqc1h9zagr58l7122lkq5qgkiw7h4234-texlive-combined-full-2025.2025070
3-texmfdist/tex/generic/pgfplots/sys/pgflibrarypgfplots.surfshading.pgfsys-luat
ex.def)))
(/nix/store/zqc1h9zagr58l7122lkq5qgkiw7h4234-texlive-combined-full-2025.2025070
3-texmfdist/tex/generic/pgfplots/util/pgfplotscolormap.code.tex
(/nix/store/zqc1h9zagr58l7122lkq5qgkiw7h4234-texlive-combined-full-2025.2025070
3-texmfdist/tex/generic/pgfplots/util/pgfplotscolor.code.tex))
(/nix/store/zqc1h9zagr58l7122lkq5qgkiw7h4234-texlive-combined-full-2025.2025070
3-texmfdist/tex/generic/pgfplots/pgfplotsstackedplots.code.tex)
(/nix/store/zqc1h9zagr58l7122lkq5qgkiw7h4234-texlive-combined-full-2025.2025070
3-texmfdist/tex/generic/pgfplots/pgfplotsplothandlers.code.tex
(/nix/store/zqc1h9zagr58l7122lkq5qgkiw7h4234-texlive-combined-full-2025.2025070
3-texmfdist/tex/generic/pgfplots/pgfplotsmeshplothandler.code.tex
(/nix/store/zqc1h9zagr58l7122lkq5qgkiw7h4234-texlive-combined-full-2025.2025070
3-texmfdist/tex/generic/pgfplots/pgfplotsmeshplotimage.code.tex)))
(/nix/store/zqc1h9zagr58l7122lkq5qgkiw7h4234-texlive-combined-full-2025.2025070
3-texmfdist/tex/generic/pgfplots/pgfplots.scaling.code.tex)
(/nix/store/zqc1h9zagr58l7122lkq5qgkiw7h4234-texlive-combined-full-2025.2025070
3-texmfdist/tex/generic/pgfplots/pgfplotscoordprocessing.code.tex)
(/nix/store/zqc1h9zagr58l7122lkq5qgkiw7h4234-texlive-combined-full-2025.2025070
3-texmfdist/tex/generic/pgfplots/pgfplots.errorbars.code.tex)
(/nix/store/zqc1h9zagr58l7122lkq5qgkiw7h4234-texlive-combined-full-2025.2025070
3-texmfdist/tex/generic/pgfplots/pgfplots.markers.code.tex)
(/nix/store/zqc1h9zagr58l7122lkq5qgkiw7h4234-texlive-combined-full-2025.2025070
3-texmfdist/tex/generic/pgfplots/pgfplotsticks.code.tex)
(/nix/store/zqc1h9zagr58l7122lkq5qgkiw7h4234-texlive-combined-full-2025.2025070
3-texmfdist/tex/generic/pgfplots/pgfplots.paths.code.tex)
(/nix/store/zqc1h9zagr58l7122lkq5qgkiw7h4234-texlive-combined-full-2025.2025070
3-texmfdist/tex/generic/pgfplots/libs/tikzlibrarypgfplots.contourlua.code.tex)
\pgfplots@numplots=\count411
\pgfplots@xmin@reg=\dimen361
\pgfplots@xmax@reg=\dimen362
\pgfplots@ymin@reg=\dimen363
\pgfplots@ymax@reg=\dimen364
\pgfplots@zmin@reg=\dimen365
\pgfplots@zmax@reg=\dimen366
))
(/nix/store/zqc1h9zagr58l7122lkq5qgkiw7h4234-texlive-combined-full-2025.2025070
3-texmfdist/tex/latex/anyfontsize/anyfontsize.sty
Package: anyfontsize 2007/11/22 anyfontsize.sty by pts
)
(/nix/store/zqc1h9zagr58l7122lkq5qgkiw7h4234-texlive-combined-full-2025.2025070
3-texmfdist/tex/latex/caption/caption.sty
Package: caption 2023/08/05 v3.6o Customizing captions (AR)

(/nix/store/zqc1h9zagr58l7122lkq5qgkiw7h4234-texlive-combined-full-2025.2025070
3-texmfdist/tex/latex/caption/caption3.sty
Package: caption3 2023/07/31 v2.4d caption3 kernel (AR)
\caption@tempdima=\dimen367
\captionmargin=\dimen368
\caption@leftmargin=\dimen369
\caption@rightmargin=\dimen370
\caption@width=\dimen371
\caption@indent=\dimen372
\caption@parindent=\dimen373
\caption@hangindent=\dimen374
Package caption Info: beamer document class detected.

(/nix/store/zqc1h9zagr58l7122lkq5qgkiw7h4234-texlive-combined-full-2025.2025070
3-texmfdist/tex/latex/caption/caption-beamer.sto
File: caption-beamer.sto 2022/01/06 v2.0c Adaption of the caption package to th
e beamer document classes (AR)
))
\c@caption@flags=\count412
\c@continuedfloat=\count413
Package caption Info: changepage package is loaded.
\caption@adjustwidth@hsize=\dimen375
\caption@adjustwidth@linewidth=\dimen376
Package caption Info: hyperref package is loaded.
Package caption Info: Hyperref support is turned off
(caption)             because hyperref has stopped early.
)
(/nix/store/zqc1h9zagr58l7122lkq5qgkiw7h4234-texlive-combined-full-2025.2025070
3-texmfdist/tex/latex/caption/subcaption.sty
Package: subcaption 2023/07/28 v1.6b Sub-captions (AR)
Package caption Info: New subtype `subfigure' on input line 238.
\c@subfigure=\count414
Package caption Info: New subtype `subtable' on input line 238.
\c@subtable=\count415
)
\sepwidth=\skip87
\colwidth=\skip88
<logos/logo-white.png, id=10, 218.31563pt x 153.57375pt>
File: logos/logo-white.png Graphic file (type png)
<use logos/logo-white.png>
Package luatex.def Info: logos/logo-white.png  used on input line 115.
(luatex.def)             Requested size: 141.567pt x 99.58464pt.
 (./poster_cz.aux)
\openout1 = poster_cz.aux

LaTeX Font Info:    Checking defaults for OML/cmm/m/it on input line 122.
LaTeX Font Info:    ... okay on input line 122.
LaTeX Font Info:    Checking defaults for OMS/cmsy/m/n on input line 122.
LaTeX Font Info:    ... okay on input line 122.
LaTeX Font Info:    Checking defaults for OT1/cmr/m/n on input line 122.
LaTeX Font Info:    ... okay on input line 122.
LaTeX Font Info:    Checking defaults for T1/cmr/m/n on input line 122.
LaTeX Font Info:    ... okay on input line 122.
LaTeX Font Info:    Checking defaults for TS1/cmr/m/n on input line 122.
LaTeX Font Info:    ... okay on input line 122.
LaTeX Font Info:    Checking defaults for TU/lmr/m/n on input line 122.
LaTeX Font Info:    ... okay on input line 122.
LaTeX Font Info:    Checking defaults for OMX/cmex/m/n on input line 122.
LaTeX Font Info:    ... okay on input line 122.
LaTeX Font Info:    Checking defaults for U/cmr/m/n on input line 122.
LaTeX Font Info:    ... okay on input line 122.
LaTeX Font Info:    Checking defaults for PD1/pdf/m/n on input line 122.
LaTeX Font Info:    ... okay on input line 122.
LaTeX Font Info:    Checking defaults for PU/pdf/m/n on input line 122.
LaTeX Font Info:    ... okay on input line 122.

*geometry* driver: auto-detecting
*geometry* detected driver: luatex
*geometry* verbose mode - [ preamble ] result:
* driver: luatex
* paper: custom
* layout: <same size as paper>
* layoutoffset:(h,v)=(0.0pt,0.0pt)
* modes: includehead includefoot 
* h-part:(L,W,R)=(28.45274pt, 3357.42522pt, 28.45274pt)
* v-part:(T,H,B)=(0.0pt, 2845.27559pt, 0.0pt)
* \paperwidth=3414.3307pt
* \paperheight=2845.27559pt
* \textwidth=3357.42522pt
* \textheight=2816.82286pt
* \oddsidemargin=-43.81725pt
* \evensidemargin=-43.81725pt
* \topmargin=-72.26999pt
* \headheight=14.22636pt
* \headsep=0.0pt
* \topskip=11.0pt
* \footskip=14.22636pt
* \marginparwidth=4.0pt
* \marginparsep=10.0pt
* \columnsep=10.0pt
* \skip\footins=10.0pt plus 4.0pt minus 2.0pt
* \hoffset=0.0pt
* \voffset=0.0pt
* \mag=1000
* \@twocolumnfalse
* \@twosidefalse
* \@mparswitchfalse
* \@reversemarginfalse
* (1in=72.27pt=25.4mm, 1cm=28.453pt)


(/nix/store/zqc1h9zagr58l7122lkq5qgkiw7h4234-texlive-combined-full-2025.2025070
3-texmfdist/tex/context/base/mkii/supp-pdf.mkii
[Loading MPS to PDF converter (version 2006.09.02).]
\scratchcounter=\count416
\scratchdimen=\dimen377
\scratchbox=\box89
\nofMPsegments=\count417
\nofMParguments=\count418
\everyMPshowfont=\toks60
\MPscratchCnt=\count419
\MPscratchDim=\dimen378
\MPnumerator=\count420
\makeMPintoPDFobject=\count421
\everyMPtoPDFconversion=\toks61
)
(/nix/store/zqc1h9zagr58l7122lkq5qgkiw7h4234-texlive-combined-full-2025.2025070
3-texmfdist/tex/latex/epstopdf-pkg/epstopdf-base.sty
Package: epstopdf-base 2020-01-24 v2.11 Base part for package epstopdf
Package epstopdf-base Info: Redefining graphics rule for `.eps' on input line 4
85.

(/nix/store/zqc1h9zagr58l7122lkq5qgkiw7h4234-texlive-combined-full-2025.2025070
3-texmfdist/tex/latex/latexconfig/epstopdf-sys.cfg
File: epstopdf-sys.cfg 2010/07/13 v1.3 Configuration of (r)epstopdf for TeX Liv
e
))
Package hyperref Info: Link coloring OFF on input line 122.
 (./poster_cz.out)
(./poster_cz.out)
\@outlinefile=\write5

\openout5 = poster_cz.out

(/nix/store/zqc1h9zagr58l7122lkq5qgkiw7h4234-texlive-combined-full-2025.2025070
3-texmfdist/tex/latex/translator/translator-basic-dictionary-English.dict
Dictionary: translator-basic-dictionary, Language: English 
)
(/nix/store/zqc1h9zagr58l7122lkq5qgkiw7h4234-texlive-combined-full-2025.2025070
3-texmfdist/tex/latex/translator/translator-bibliography-dictionary-English.dic
t
Dictionary: translator-bibliography-dictionary, Language: English 
)
(/nix/store/zqc1h9zagr58l7122lkq5qgkiw7h4234-texlive-combined-full-2025.2025070
3-texmfdist/tex/latex/translator/translator-environment-dictionary-English.dict
Dictionary: translator-environment-dictionary, Language: English 
)
(/nix/store/zqc1h9zagr58l7122lkq5qgkiw7h4234-texlive-combined-full-2025.2025070
3-texmfdist/tex/latex/translator/translator-months-dictionary-English.dict
Dictionary: translator-months-dictionary, Language: English 
)
(/nix/store/zqc1h9zagr58l7122lkq5qgkiw7h4234-texlive-combined-full-2025.2025070
3-texmfdist/tex/latex/translator/translator-numbers-dictionary-English.dict
Dictionary: translator-numbers-dictionary, Language: English 
)
(/nix/store/zqc1h9zagr58l7122lkq5qgkiw7h4234-texlive-combined-full-2025.2025070
3-texmfdist/tex/latex/translator/translator-theorem-dictionary-English.dict
Dictionary: translator-theorem-dictionary, Language: English 
)
Package pgfplots notification 'compat/show suggested version=true': you might b
enefit from \pgfplotsset{compat=1.18} (current compat level: 1.14).

Package caption Info: Begin \AtBeginDocument code.
Package caption Info: End \AtBeginDocument code.
(./poster_cz.nav)
LaTeX Font Info:    Trying to load font information for OT1+lmr on input line 1
22.

(/nix/store/zqc1h9zagr58l7122lkq5qgkiw7h4234-texlive-combined-full-2025.2025070
3-texmfdist/tex/latex/lm/ot1lmr.fd
File: ot1lmr.fd 2015/05/01 v1.6.1 Font defs for Latin Modern
)
LaTeX Font Info:    Trying to load font information for OML+lmm on input line 1
22.

(/nix/store/zqc1h9zagr58l7122lkq5qgkiw7h4234-texlive-combined-full-2025.2025070
3-texmfdist/tex/latex/lm/omllmm.fd
File: omllmm.fd 2015/05/01 v1.6.1 Font defs for Latin Modern
)
LaTeX Font Info:    Trying to load font information for OMS+lmsy on input line 
122.

(/nix/store/zqc1h9zagr58l7122lkq5qgkiw7h4234-texlive-combined-full-2025.2025070
3-texmfdist/tex/latex/lm/omslmsy.fd
File: omslmsy.fd 2015/05/01 v1.6.1 Font defs for Latin Modern
)
LaTeX Font Info:    External font `cmex7' loaded for size
(Font)              <6> on input line 122.
File: logos/logo-white.png Graphic file (type png)
<use logos/logo-white.png>
Package luatex.def Info: logos/logo-white.png  used on input line 122.
(luatex.def)             Requested size: 141.567pt x 99.58464pt.
File: logos/logo-white.png Graphic file (type png)
<use logos/logo-white.png>
Package luatex.def Info: logos/logo-white.png  used on input line 578.
(luatex.def)             Requested size: 141.567pt x 99.58464pt.
LaTeX Font Info:    Trying to load font information for OT1+Lato(1) on input li
ne 578.
LaTeX Font Info:    No file OT1Lato(1).fd. on input line 578.


LaTeX Font Warning: Font shape `OT1/Lato(1)/m/n' undefined
(Font)              using `OT1/lmr/m/n' instead
(Font)              for symbol `clqq' on input line 578.


Overfull \hbox (4.50322pt too wide) detected at line 578
[][][] [][][][][][][][][] [][][][][][][] [][] [][][][][][][][][] [][][][][][][]
[][] [][][][][][][][][] [][][][][][][][][] [][][][][][][] 
 []



File: logos/logo-white.png Graphic file (type png)
<use logos/logo-white.png>
Package luatex.def Info: logos/logo-white.png  used on input line 578.
(luatex.def)             Requested size: 141.567pt x 99.58464pt.
[1{/nix/store/aj4pddlldk66y7psnp0avmhxb3ff8rnr-texlive-combined-full-2025.202507
03/share/texmf-var/fonts/map/pdftex/updmap/pdftex.map}

<./logos/logo-white.png>]
\tf@nav=\write6

\openout6 = poster_cz.nav
\tf@toc=\write7

\openout7 = poster_cz.toc
\tf@snm=\write8

\openout8 = poster_cz.snm
 (./poster_cz.aux)
 ***********
LaTeX2e <2025-06-01> patch level 1
L3 programming layer <2020/03/25>
 ***********


LaTeX Font Warning: Some font shapes were not available, defaults substituted.

Package rerunfilecheck Info: File `poster_cz.out' has not changed.
(rerunfilecheck)             Checksum: D41D8CD98F00B204E9800998ECF8427E;0.
)

Here is how much of LuaTeX's memory you used:
 47911 strings out of 470205
 596145,1977958 words of node,token memory allocated
 149492 words of node memory still in use:
   1461 hlist, 44 vlist, 81 rule, 319 disc, 96 local_par, 330 math, 3918 glue, 1
295 kern, 331 penalty, 6584 glyph, 11955 attribute, 82 glue_spec, 5979 attribute
_list, 4 write, 3148 pdf_literal, 508 pdf_colorstack, 1 pdf_setmatrix, 1 pdf_sav
e, 1 pdf_restore nodes
   avail lists: 1:1,2:505,3:10464,4:1647,5:3915,6:291,7:32608,8:45,9:4866,10:18,
11:957
 74592 multiletter control sequences out of 65536+600000
 106 fonts using 18245551 bytes
 128i,21n,116p,1187b,1761s stack positions out of 10000i,1000n,20000p,200000b,200000s
{/nix/store/zqc1h9zagr58l7122lkq5qgkiw7h4234-texlive-combined-full-2025.20250703
-texmfdist/fonts/enc/dvips/lm/lm-mathsy.enc}{/nix/store/zqc1h9zagr58l7122lkq5qgk
iw7h4234-texlive-combined-full-2025.20250703-texmfdist/fonts/enc/dvips/lm/lm-rm.
enc}{/nix/store/zqc1h9zagr58l7122lkq5qgkiw7h4234-texlive-combined-full-2025.2025
0703-texmfdist/fonts/enc/dvips/lm/lm-mathit.enc}</nix/store/zqc1h9zagr58l7122lkq
5qgkiw7h4234-texlive-combined-full-2025.20250703-texmfdist/fonts/truetype/typola
nd/lato/Lato-LightItalic.ttf></nix/store/zqc1h9zagr58l7122lkq5qgkiw7h4234-texliv
e-combined-full-2025.20250703-texmfdist/fonts/truetype/typoland/lato/Lato-Regula
r.ttf></nix/store/zqc1h9zagr58l7122lkq5qgkiw7h4234-texlive-combined-full-2025.20
250703-texmfdist/fonts/truetype/typoland/lato/Lato-Light.ttf></nix/store/zqc1h9z
agr58l7122lkq5qgkiw7h4234-texlive-combined-full-2025.20250703-texmfdist/fonts/op
entype/impallari/raleway/Raleway-Regular.otf></nix/store/zqc1h9zagr58l7122lkq5qg
kiw7h4234-texlive-combined-full-2025.20250703-texmfdist/fonts/opentype/impallari
/raleway/Raleway-Bold.otf></nix/store/zqc1h9zagr58l7122lkq5qgkiw7h4234-texlive-c
ombined-full-2025.20250703-texmfdist/fonts/type1/public/lm/lmmi12.pfb></nix/stor
e/zqc1h9zagr58l7122lkq5qgkiw7h4234-texlive-combined-full-2025.20250703-texmfdist
/fonts/type1/public/lm/lmr17.pfb></nix/store/zqc1h9zagr58l7122lkq5qgkiw7h4234-te
xlive-combined-full-2025.20250703-texmfdist/fonts/type1/public/lm/lmsy10.pfb>
Output written on poster_cz.pdf (1 page, 108706 bytes).

PDF statistics: 75 PDF objects out of 1000 (max. 8388607)
 45 compressed objects within 1 object stream
 3 named destinations out of 1000 (max. 131072)
 16 words of extra memory for PDF output out of 10000 (max. 100000000)

